ttETSm0/qKOk4SvUkTCqEYn/dVdr1sS1MhgD06/GKj+TgQJvZW3Mc8xl3ZnvSDMB/VXpNHZXrXz+FJ6ExTPmjAEPUZn7MJaCjOihSkmXPkWvDXmuDA==
i4J3mWlzx4Y47I0aDn/hHjV0Z7kkHW1jfE7tABBmSQHSvnNieHgczKSlVXRL/pf2I0Brw71klFqk3tFhaJpYbt25jqgOmnSq4KDmoinO7VflNEEV4iwsQ2Edr4Xs6+02Nxh3SxL5Di/pVdijOI3BOVJgZ3GJTaW0uk9ZjCo8IiTZW5LcFTfdWffIAlK4QD0qNf9qdZuVta7A
dhMxSmXLqXnXAkBsM76dcefWvAX13GwgvJa2HnEPQ427vG04KgZe3SyPS3HCS8J50+HBVF05Ewmn9DgLQ8SQiDD0S69oNI+T/3lVbFg6wjRvOmdLUH1BEXeuAg==
AsM2OCMysJW+MzF7PIsv4GLNw/tPWLqwwF92CWuKiv1VyjIoMoTxGFyNhJJo/WO99dc4sYqNDuQhi7p8TUeV2b/42rJQkIVqLY8CVaMFfa4I
oRfiVXwJ33PpGwLNQ7GbO9/4242Yog+Y1FQMv6lj2N23iAxpRuYQl1yK1XcIqlWVydwOn27/Kgzi1uHfEZQnbK4b
xx5ud70dMuxUv33c2eYqgZAnVndW43+fYmhmUrrMWyCS/R/6k3pFUlrSoZzJwlJmeDlDDaFF7kxfkAu1+Hq/8BR8fGcJGwj1t6DcEeY+YL+c4mWvaJKF/Uk0XqeOp5rkov4Rh7Fsd0SuMw==
PfoCVhjuPLtiQEd/0d8uZTfV4vL36NM2V8nVOpp5U2epHx8aHX/Ntemwg0BOVRSlRuRRb28l1JRBTSVcOzqu3ahyWBdPYmB6teI6BHXTVswx70CZ6xDmwnxI0crZN26Ff21Jrjw=
q2ytQUmfKJGCnskly+U2TPaEJ1eNrSoBhh6IHc/VDwesVF1eWt65kPkuSkoYFZvhkQm2gJ9cU/lIlmdcdNDki7mXkHk3LESdVtL4E/xOvUPY3t0xifgG675LQsjC0glrgWBvSK4/
KKUs/QbxqaDxw6m7o/AGdzHe5PvT78cgcdnVP5ldSWWkHx8aHX/Ntemwg0BOVRSlRuRRb28l1JRBTSVcOzqu3ahyWBdPYmB6teI6BHXTVswx70CZ6xDmwnxI0crZN26Ff21Jrjw=
WPhjPfkIMSU+KFZ1sXyujhd+YCxRRiViWuLBrAkSMvb4qeNdYbXOPF9gK8W4qh9glOycN0kr6MW3kDwhpm6ALxxyxX8o4qUNSUR+V073OnQibnFXcVwXdK4D
bZKb0u4TDNy0axg2HiV63wNa5PIeq3ADdE8tZlrmybgZBhoS2M3LiTHhBvgfpOOR6H63BDQINKPZv2BBNxS0tTb6KMu8Fm2reLZtyQmAtgMeIxIQAopZQ2FIH3CuBw==
z4FN1lJcEPyAU5oBRoPOsHM1mRjFp93noeDaZE02kZyGhEg/f/eJC6qevwaHPwDEy7LEWmB9AfUsh/dWcHt+oPQd7CSZlQCcgehpYpJtNtkuZjKYTV15QhN2rgU=
8csvpoECcRMpTtzE1N4nODHe5PvT78cgcdnVP5ldSWW/Hx8aHX/Ntemwg0BOVRSlRuRRb28l1JRBTSVcOzqu3ahyWBdPYmB6teI6BHXTVswx70eZ6xDmwnxI0crZN26Ff21Jrjw=
l3ys1wKl9/jxjMpw/QToDyqQgr5PBvfyhwt4H2+KivtkhGg5PImwchiHk4Jk0C21+J48s6qBGOQhi7p8TUeT2b/42rJQkIVqLY8CVaMFfa4I
x+QmnFfYClYa5S5BY+x0fVqx+kifPJNZyHKlMnTwpCs591BZNwyE/dZyuDP8Ln2jWH4dUYgYRks+KwIowvLJywGAL2iuHw==
0eqyJy9TKQB6/mi141rjUdwQhTciQTjkAUsa/O2HtNjfOLoyMFDlak1PYtXDxR2uaA==
/fndQTs6v9+mVUY3PtSNSTT2+FW7pmre2fVRTaACL1wk9CtvyLQv0x54daw4uqL0TzqHC7D94dEXrmI=
D0kZfqjEAT7Eva0jeR8iUoYgOMJxdxrhIlhu8h+NTGCxiXBoGUOoRpoR5k2WqlKcJYHJ9ssarmE=
pD2U+JthHi2wKK0ZWUQOrjHe5PvT78cgcdnVP5ldSWW/Hx8aHX/Ntemwg0BOVRSlRuRRb28l1JRFTytcOzqu3ahyWBdPYmB6teI6BHXTVswx70CY6xDmwnxI0crZN26Ff21Jrjw=
qE0yJXj9UJBPTSsyU0zibHM1mRjFp93noeDaZE02kZyGhEg/f/eJC6qevwaHPwDAybzEWmB9AfUsh/dWcHt+oPQd7CSZlQCcge9oYpJtNtkuZjKYTV15QhN2rgU=
2E40U9c/tIaNU3ck7yB1zANa5PIeq3ADdE8tZlrmybgZBhoS2M3LiTHhBvgfpOOR6Hq1CjQINKPZv2BBNxS0tTb6KMu8Fm2reLZtyQiAtgMeIxIQAopZQ2FIH3CuBw==
r9aHQUjpDkwS6KGZj2/jZhd+YCxRRiViWuLBrAkSMvb4qeNdYbXOPF9gK8W4rh1ulOycN0kr6MW3kDwhpm6ALxxyxX8o4qUNSER+V073OnQibnFXcVwXdK4D
neIl1KIwXYbXtY3ESV4hVjHe5PvT78cgcdnVP5ldSWWkHx8aHX/Ntemwg0BOVRSlRuRRb28l1JRFTytcOzqu3ahyWBdPYmB6teI6BHXTVswx70CY6xDmwnxI0crZN26Ff21Jrjw=
Pl6q/0GdzSabyyBxwdV0XvaEJ1eNrSoBhh6IHc/VDwesVF1eWt65kPkuSkoYFZvhkQm2gJ9cU/lIkmVSdNDki7mXkHk3LESdVtL4E/xOvUPY3t0xiPgG675LQsjC0glrgWBvSK4/
JE90rRTVwck4cHvmMA4PeTfV4vL36NM2V8nVOpp5U2epHx8aHX/Ntemwg0BOVRSlRuRRb28l1JRFTytcOzqu3ahyWBdPYmB6teI6BHXTVswx70CY6xDmwnxI0crZN26Ff21Jrjw=
P8KprSVYWjSyVXifgeb2zZAnVndW43+fYmhmUrrMWyCS/R/6k3pFUlrSoZzJwlJmeDlDDaFF7kxfkAu1+H69/hR8fGcJGwj1t6DcEeY+YL+c4mWvaJKF/Ug0XqeOp5rkov4Rh7Fsd0SuMw==
q+TJgQcNS3lXzygO/ai6uu3Gqw31jDM+uon+BXMQWs7wtWUvJQdpky/bDlCkP+wtk6yVAxsnDAn68zVKXpu4hRL0S69oNI+T/nhVbFg6wjRvOmdLUH1BEXeuAg==
L45XM05Hfh3z++VB2iMd8Mi/MAxwmZ2oNBJexavzaz+nzwE7IEyqB+Ixndy7H3Uf4lW0M3sWsCPWGbyExTPmjAEPUJj7MJaCjOihSkmXPkWvDXmuDA==
