K4e9hc1CqDT2DpDvq5zSkK6pjDEBnaX+WEYa8a+nJ+MOWDKUUPaPliAh2dCnQmUYKIOUEH2CWpUu8+v2S/ShdgN07+QPg56/9r5rVJ0gU6ADfq4N
q1a+9tB+c1ShnwMyzJ7qx6b3BL3F5azmmDqVg7PJ4W0p/f2I5YpBBE7J+jhCH32LIctaJt2+8ws/eh4eK+mSntg9R9IpEAUpeRCXdAdMq61nhOogeSaZ6d/6yqI6OWhYE8WeO9Nc8hgIgv8KCAV5PF6W9aQgxxRcZTbqScYXC9pzYPEKS/Cv6Nd3bqNeGks45XRDnIu6rsE=
pwMaXWTMrkcM6S7SnfbtsQNueDdcKzFgS/7Ou0YaI7X8sO9HIbT5clJ6bOSXkCQ7yaaLYA0u/MnU3iEwojOKCVtox3Yp4LceT0pzUUb5MmQ7anFCe1YXdK4D
g170wMdEJWGyncAKreM5BwSCvpQBYmeWjCoXscJHPgJsVW3J2sTxVRiz3o+JPxqd8gbTfL4Of1KjmBGie6gvoMfPzkuugoswtQwjtDtirgk=
/+qlnfuyHfYYHyl0uND6FxHwceNAc3KpuDEXxJ2rN7XGfkhz0iuOF6vpQz2fdbfewRWMeu44BfPZ78cfmSVtrhg=
JQuz3fVow3BqcEhIZtO3HJGTh++VDSi/sMAj8jWL5MeZTjpAn2hSFgF908jXnZ2iZyxLNejNFmG5gGnDCOPK6aABXyQl+9+1rq7wExobltcTeYsdh4UfXSkllJqmqP2zwR+Pv2F1Ra4w
5m5Eski9ZJ/Jnzc+b2o9npyzTw1KpHa8NZdfPKyFLM6+mdZMJwQ87vO+ipIeRCnpyy1xpKqO52G9GRFlQwDo1E201QNUR4eDlRVfhusk4SbjRO3U79Peb1bO66Q9cJNwY06uPQ==
dRuaF7s1LMqXTnKicjA6gjHe5PvT8cM9bd3TNrhiRmGEUl4WDWXH+KO1gUJbRB/lHPVaIXV43ZNcSzZJPGnr1LFjUzUiNmRjrvMKd2/RX80z/VOd5R3gynJAwdPdN3uPdW1Jrjw=
rhcwU7X789dpzC2G2B3Yapq4SQRuo2KqE4dfOa+hNsyzmdZMJwQ87vO+ipIeRCnpyy1xpKqO52G9GRFlQwDo1E201QNUR4eDlRVfhusk4SbjRO3U79Peb1bO66Q9cJNwY06uPQ==
M+khnstWETMpXBQMWOVvwyy9lQathGIWMZ3jiGd9LSL3zJt1uC0GYamguYNYQ1pp0KGvZFXbL7XejgDTartmV4PZW93XpQ9dOUVEWvbIbTNxfz9/URV1rgA=
v9RgK5Uethc44IggasqFK+Ahp0FhtEEthJFmFjWV/5iLRUkCE5S3hYRlwqHt6EUzNJv+CXRZA/TJU6s1WgacQ8bDwrcngbdtq23LHX2NeCraEAkTlUdTb00dca4E
CnPA5RLu4ckseiJr5PFbYvrAoBn2jzM/4JazGXkAHcm/smU4IR0iiWTBSwTja+I3iLmCFVUsDx/t9RxKWpuQjzSHUa1hNY2B7X1bYV4yzDx/I2NLRXdLEXeuAg==
8cP1WvKTnEg/YvV6fCz7vJq4SQRuo2KqE4dfOa+hNsyomdZMJwQ87vO+ipIeRCnpyy1xpKqO52G9GRFlQwDo1E201QNUR4eDlRVfhusk4SbjRO3U79Peb1bO66Q9cJNwY06uPQ==
K1yQ15JO7szsFAmICh42FwJr+P5bJx8+8ZuvEZIS/N3jivp3snPASRmGUOozo+msT3DKgh+Z1JOjFDy97iFO6dIl5VDRlqoA23mR7Rc1sUQfu7Ln7vCU6Qh2PTeLrnF/IhEGjy+7Q1d49LGcqmwgfbWo3+wVr7OjKToONbL5Sz89IiRm2FfFo6PP3Wru1kyZAfMYPqrONk+NBZQwVM5pv8nflVe+1spzLpVc+on0iUu+E90nIJIO+sWXCWinxjKhx3dHAsMxMuOonWL059WFm7/5sGl+wNcGjYoBxua6gp7gpxbnTA2AQ0lBQ0a9s/sra7gvba56U4/xRYaoAauekZyT7udCxfQdWdvtBMTpsCuOLTesAU20OpkANw7J+Ge2zeIjSSYBQox7QkF6287HHK5r
wAxElDQ6x8VviM/XPCDEurff//kJTgHnvGzy+3A9VlBJwEG7KOoW0EBwTDa3Rxw+r/34SW/CiAI4xaWbe8DJ4UBYG7j5wQkd1Wi9k7bnPKOeWyH/HBwOkmMmZJAJu7YPNQvqsqaY9sMY4YoQG+ctfifqOHVvkSVJnGHO0WUoFNYCUQoNNdp/1FTHXqvA63savWa8IRR2F5adxAJVOtLxEBXT6hmoS+4SNajuhjrKix1/A84+lFOuvOGcV30Ib4kDfejUNyD524/ycN5g0pSl0/7vft/engCC0+ULlXUHx+KheIvwkAgeIC6iHqEulXfpeLHuK//hJHLJAWKJmiAJ5dAEJCwEkH7ORnZg0VRblbACGo4uStkFvZ7G98G/8U8No11jnRV9cApioJFTbVeLz8XNGa5s
83oqSs7EyYe6Y3gSVuVpt/qW6vyIcUkBVXwqstQdGQ/wFNFj2x0F9twcFVqYrbG3U4rBeKcriX7wAcbgzzTIH62yQp8XWyiE1zILcFvyNMX+JSYHntqW8gc64jT7TZnJx3FZMJ/PWqM+1JzdKEJ1kxsqGYti5W6LP58L49hAOTh6KMgJtdw3qMULOxeJjkYRov0jy33WTOJI842Xg/vVTj6SpO2Bh/B6euo+e60x3JTESgFLiSv9U67ygseOIdReWbBhP75nNWPwNoZOZSNBTLfCWlWHgy+GU5V614ipatA3kW3vP41YLa7k3zKtvklidj7qaqBTfuNcKcj36fXL4m33E19rzMcpft7bO1HxzowRr/Zl3GeGY9JhvCl57+UgFK1YXw5Z3+jRabwOuTR/qll8D0KNFktNNiUKONv2yd4Lii9orh8=
HO6kPwlwMpHPq1LGNTtr6rQBAwXLI3ya4PsHpJzildYx30JnmZRJLLMtBLKndkHjIkgjv4n1Y2ZknPeod5fKBuspzt26Trs7E7WtQR4XHvv4w9hxAQCRkyI2wU0fFFKjs81A3Z9xeZcR8DhmUrN9fz9FJNTB50gfUt1KriJH1qDtIVtIlFTUpSlhVHQPuqOj/UZclDWzf8DSusJw1Z6j7s50qRXmm67uW3Ln2YX1AVglfpcp7/KzaiJ7zXN8ocRA1MEoVLPlGHsH+B6QzbK8J8MZYZLXxhms6dO0b6ncJAEumuYa3NcyLDQf8rmG3pjyRwZRKu+GvWNrKVnR7diDrRLja1X4vr8CqUgjcHh4FgCWEoZhVoUvSfDhBisXsazSkREaSQKQscXYdMysrKB2Lj6G+BFsS03QikqmLmIJjV3G1s+BJ4G3battyx19jXgq2hAJE5VHU29NHXGuBA==
vL6mZGglsfNKu4ZG5RSeLPRsLJRoz+YsZuIegxTlcJRK7GiVwRwv+fZa5/cvRprYvnLlxcrGhT+jQggNGygVWxC8O4XZdPJ30mm7cGH8msuNtJsXP012e0Hnp1yaLnHXVBYZTQFc7EQwKCJra4kffWXLSnn2DT1igUxbCA24EbHOYssQa2KgewvpOz7ld4CquSXzAVkRBKjQEsERTqAjYbAlY5PqUvJztyeC7M7iGtKCcAgfJdw+WcLEAphSB/fJO++grZzU6vWNSqRZWExnLI1SIxEgCsrQmRpQl7+hlTKDnsV8xbuAb520CNHywrK6KG9OnNi3pvlSNrSCe/5lSrteYTMHga1RmXBvfU67v7XMxoPyhSB3sKzQerBqqvLBgl1zGdwJMisjWYCCzcnO6XYoTXW03Bhs+Mha3gL+zPG4ExEAZuLSrpah4Q0aDpvhE3mLHYeFH10pJZSapqj9s8Efj79hdUWuMA==
HwyMBKOJ9GfuZAewWorkyAqlTrE/eIMq4O5tSfv283yJAyvngDLGrZf7L7ccHmzppKX9Vd8gKLcHJ6k86bLpmLHf6ZU+hHpNjtVeJ8A0tE6vVhxV8NFJuL2nR2Cmjr6vUUPCLfgEWydf+0s0JQc0ISJkC075PNPbDEQ4U6mRSkH0hE8BPOintIIXiidO8NZe81QnMKh1morszA013L+x4B+WaIDDoltLDsNTe77k+ozAjRmkAmgynJ4NS9e6Xo9ASrTmcfmWy4PuQ1u3Z6k5uJhmN9OcsdBpatZvesv/8x4Pbqou7FLwPD0D7xg+90VjvBkS1c3p4HFhVSkHTPtGujA+MvaMlh9e545xfFpwCX+ltL3RxITujBZkwJnKlZQLxMkZb28kVeXP8etmEz9WHHelgcvKqsndSqv8bXLVWoNwV0k1gabs/0SxzjNLPrlrUFApzjvMQU5zzG1cf7t+h4aGq+ztmLMYc0auNQ==
oDVKabdtA0G8Q8JTIT4R80zf/9EBPCrUy34Zp8ZHPgRdGzfY1MmwP1y5yZ+FElSV/0/Xfp4CaVKjmBGie6gtoMfPzkuugoswtQwjtDtirgk=
UtMgq4M77zb1mEiP7EuNtBZq66/TFsEv1g6ODbsytelaErqigLg+vqMqQYS9yP3H8znrnSfFP1JPZXsaBmjds+Hf7z+BNWWuEA==
iUmABFdjyTqeKKaLci+HrSYziATcsfy14eDQY1E31oqTlEAPOuvCCKCgv1OUcUmK3L7RR2B9Duk+jd5WYG5wvPYmjz6bnAGek/xiap9kPtcmdiucTUhzSBN2rgU=
hfjnTD4M6MpQJNAOpSwUMdeZf31gS2c+jXImUyzFiBS9r2hTfUSwBlZekalfOHew/5fcXB1rejRXIQYKfuTlXu0sbP30OTvd3pSgoer1rqFupd5+MCbDO2KUzxaLlCHWw1Tiws8sHt82Xms03cDTAENeri0=
+9DhzvyBMYYy0gU8+zL6cA6u37kEHeHuvEhsF2uNhOIh2jQoLZL/GlzYgoJoyCa+u9opt4qcL4c7ibN9T1WH0rf107pemJVzKY8XX6kFfa4I
C6x6P5DEREoWsYOPFbMQmRdq66/TFsEv1g6ODbsytelaErqigLg+vqMqQYS9yP3H8znrnSfFP1hOZXsaBmjds+Hf7z+BNWWuEA==
hiPjRk7KmeRH6GXaE35WyhS4MjiH1IgiKSGi8bdeagSqzx2hooIH90IwK57pKko0pNqehGB+/Zbf7yxwuTetBTXlOfkhuBBZpWKY1ENDf2MxR18Je64O
r/jTdXPtN0DA/7jUqtOP+qICD28adnpdb5oJScb6zlIUILI+L7LV9EmgYWdPkb9NUz1znwVdT0rSACHT/ffbD5Utaa4c
+NMNd3OJ5W0dpwJCkko0e3JIo5j2Walj3B7BQKFnm9gUCLqigLg+vqMqQZeyzOfH8znrnSfFP19JZXsaBmjds+Hf7z+BNWWuEA==
ch2S3FiRf1STr3jAPjQ1+aMCD28adnpdb5oJScb6zlIUILI+L7LV9EmgYWdPkb9NUz1znAVdT0rSACHT/ffbD5Utaa4c
bUGPPhadbBVC6JYyPPGJGHJIo5j2Walj3B7BQKFmm9gUCLqigLg+vqMqQZeyzOfH8znrnSfFP1xJZXsaBmjds+Hf7z+BNWWuEA==
Mj1dS3fztlTkI6/Z01qcL6ACD28adnpdb5oJScb6zlIUILI+L7LV9EmgYWdPkb9NUz1zkgVdT0rSACHT/ffbD5Utaa4c
bF06jPic7wQRKqoTbYpzy3JIo5j2Walj3B7BQKFlm9gUCLqigLg+vqMqQZeyzOfH8znrnSfFP1JJZXsaBmjds+Hf7z+BNWWuEA==
QfgV4n09UWBagb7HwdbesaECD28adnpdb5oJScb6zlIUILI+L7LV9EmgYWdPkb9NUz1zmQRdT0rSACHT/ffbD5Utaa4c
9n9ky4By2k4YEHLTN+Uiv3JIo5j2Walj3B7BQKFkm9gUCLqigLg+vqMqQZeyzOfH8znrnSfFP1lIZXsaBmjds+Hf7z+BNWWuEA==
HVTRi/akqWGS7OvBhkp0iNPMwr7RZH3z7tEz7SK99ce1TCBVuglMCwd6z8Sr2ZO1JmhaPqjLFmft/3reANGYuJciX3st68+7hvznQxgHnMgTeYsdh4UfWS8lk5umqP2zwR+Pv2F1Ra4w
uLIM0gYpnWbeqUYvXscUTdPMwr7RZH3z79Ez7SK99ce1TCBVuglMCwd6z8Sr2ZO1JmhaPqjLFmft/3reANGYuZciX3st68+7hvznQxgHnMgTeYsdh4UfXS4lk5umqP2zwR+Pv2F1Ra4w
e+HGfobKZyViCZxUed2XxdPMwr7RZH3z7tEz7SK99ce1TCBVuglMCwd6z8Sr2ZO1JmhaPqjLFmft/3reANGYuJciX3st68+/j+vgQxgHnMgTeYsdh4UfXCwlkpumqP2zwR+Pv2F1Ra4w
8dQnltomrZgyenuGaS+zddPMwr7RZH3z79Ez7SK99ce1TCBVuglMCwd6z8Sr2ZO1JmhaPqjLFmft/3reANGYuZciX3st68+/j+vgQxgHnMgTeYsdh4UfXCwlkpumqP2zwR+Pv2F1Ra4w
h3l2T5kmzEui7sAjNW3bLCg3PAikOEK1ogkexXZpXsrYOpGx0u/+wgMo0fKb2Cy15/mPm85yC6AVvOPk2xKuGQ==
Iamw6tWeu2OJa9Vh7mvnlRRq66/TFsEv1g6ODbsytelaErqigLg+vqMqQYS9yP3H8znrnSfFP11PZXIbBmjds+Hf7z+BNWWuEA==
VonoqGqQKs5eFhvEWXrOzzZDkOpaEwtqi4/yDPJTzHSsLGKZms1OGR6d3kZAniMDEqwPrvsswe6z7G16vx3/Z0bmqwyt+DO4M2auFQ==
7OU5DjnrBPZaOy+KVd1Ahik3PAikOEK1ogkexXZpXsrYOpGx0u/+wgMo0fKb2C+35/mPm85yC6AVvOPk2xKuGQ==
u7NjcVLdI9TXGec8WGm3+BVq66/TFsEv1g6ODbsytelaErqigLg+vqMqQYS9yP3H8znrnSfFP1xOZXIbBmjds+Hf7z+BNWWuEA==
VqOEt2oLdiQnbDuSeshATTZDkOpaEwtqi4/yDPNTzHSsLGKZms1OGR6d3kZAniMDEqwPrvsswe6z7Gx7vx3/Z0bmqwyt+DO4M2auFQ==
Y4ZLceZhnEMXKMMdqVp2+Cs3PAikOEK1ogkexXZpXsrYOpGx0u/+wgMo0fKb2C6w5/mPm85yC6AVvOPk2xKuGQ==
kYMQJKz+RdXvaXMrTL+dlRJq66/TFsEv1g6ODbsytelaErqigLg+vqMqQYS9yP3H8znrnSfFP11IZXIbBmjds+Hf7z+BNWWuEA==
Vgb7cVlO6dp38EOvREtvuDZDkOpaEwtqi4/yDPRTzHSsLGKZms1OGR6d3kZAniMDEqwPrvsswe6z7G19vx3/Z0bmqwyt+DO4M2auFQ==
ao/oZhx1m55tpDfKhDvRdeLzo8be2KrXTirJhc3cz0Xz0gJ/a2MRgs+Ny0IwcBB6Z/jdm4q9gsFdpfd4RfVagV8DABqw6Je0TazbIxY492lZVwDOO8xBTnPMbFh/vn+Hhoar7O2YsxhzRq41
KzgGb5evRTKKJIeCq7kizb8sbI5KS5zMzXCB1P2Rn+JQ5Bj+w5qbVPRkQ7boBfiWOH4UWU8Zbi9Y3+LEwqTvvwuDbijMJcqPF/qg3Zfom8uJk1M7GgRD81xPsOj/cY8N490jk9D9NQsiIFFTLdfLzwVNWa4s
rqUdXZGearmw+Ey7N7tiGhNq66/TFsEv1g6ODbsytelaErqigLg+vqMqQYS9yP3H8znrnSfFP11JZXEbBmjds+Hf7z+BNWWuEA==
8jT9uQmzSMRNgOv+XsNopDZHkOlaEwtqi4/yDPVTzHSsLGKZms1OGR6d3kZAniMDEqwPrvsswe6z7G18vx7/Z0bmqwyt+DO4M2auFQ==
w2EOwVafq7Fgf/4InLLyhRBq66/TFsEv1g6ODbsytelaErqigLg+vqMqQYS9yP3H8znrnSfFP1NNZXAbBmjds+Hf7z+BNWWuEA==
D7Bm8JmxRvO18Ll1gU5pIzZGkelaEwtqi4/yDPZTzHSsLGKZms1OGR6d3kZAniMDEqwPrvsswe6z7GN4vx//Z0bmqwyt+DO4M2auFQ==
Qoj8pkRifNanO7kK5JsJRhFq66/TFsEv1g6ODbsytelaErqigLg+vqMqQYS9yP3H8znrnSfFP1NMZXAbBmjds+Hf7z+BNWWuEA==
UsvSUGtceJBzZxgijc2Q0zZGkOlaEwtqi4/yDPdTzHSsLGKZms1OGR6d3kZAniMDEqwPrvsswe6z7GN5vx//Z0bmqwyt+DO4M2auFQ==
kp3tvce0D5xmPfDF43/27y03PAikOEK1ogkexXZpXsrYOpGx0u/+wgMo0fKb2Ci35/uPm85yC6AVvOPk2xKuGQ==
pt5JRMS7Ws7eoFP2cIO8Qi43PAikOEK1ogkexXZpXsrYOpGx0u/+wgMo0fKb2Ci35/uPm85yC6AVvOPk2xKuGQ==
uwgjHHD4toI6W+ZkL2gC3r8sbI5KS5zMzXCB1P2Rn+JQ5Bj+w5qbVPRkQ7boBfiWOH4UWU8Zbi9Y3+LEwqTvvwuDbijMJcqPF/qg3Zfom8uJk1M/ExNE81xPsOj/cY8N490jntL9NAsiIFFTLdfLzwVNWa4s
WLneedCyhOKSJcOn6DBGruLzo8be2KrXTirJhc3cz0Xz0gJ/a2MRgs+Ny0IwcBB6Z/jdm4q9gsFdpfd4RfVagV8DABqw6Je0TazfKgE/92lZVwDOO8xBTnPMbVt/v3+Hhoar7O2YsxhzRq41
0DClOctkt7qIMMronmpw8io3PAikOEK1ogkexXZpXsrYOpGx0u/+wgMo0fKb2CO35/uPm85yC6AVvOPk2xKuGQ==
b5ee5eiosfoTnoJ/FCT89iw3PAikOEK1ogkexXZpXsrYOpGx0u/+wgMo0fKb2Cix5/uPm85yC6AVvOPk2xKuGQ==
CS55VVVzkoLtdRMt23VT9x5q66/TFsEv1g6ODbsytelaErqigLg+vqMqQYS9yP3H8znrnSfFP1JIZXAbBmjds+Hf7z+BNWWuEA==
8wKKgNAV4KtxlB473qdi3zZGkOlaEwtqi4/yDPhTzHSsLGKZms1OGR6d3kZAniMDEqwPrvsswe6z7GJ9vx//Z0bmqwyt+DO4M2auFQ==
fUD1SR9PMl0m/61wvOqo8+Lzo8be2KrXTirJhc3cz0Xz0gJ/a2MRgs+Iy0IwcBB6Z/jdm4q9gsFdpfd4RfVagV8DABqw6Je0TazbIxY492lZVwDOO8xBTnPMa1l/uH+Hhoar7O2YsxhzRq41
VK9lL341LYDgAE6e6czD+r8sbI5KS5zMzXCB1P2Rn+JQ5Bj+w5qbVPRoQ7boBfiWOH4UWU8Zbi9Y3+LEwqTvvwuDbijMJcqKF/qg3Zfom8uJk1M7GgRD81xPsOj/cY8N490jk9D9MwsiIFFTLdfLzwVNWa4s
G91kkvcxQdieVgHLFEwU2+Lzo8be2KqMGzDejtfN4kXFxy09O0co5YDLmRVrNQtNKeXM086Mk8ZNofhlR6EeknxXRTay6Je0TazbIxY492lZVwDOO8xBTnPMYlp/uH+Hhoar7O2YsxhzRq41
C0peO33kUl2s30fHATHqC+Lzo8be2KqMGzDejtfN4kXFxy09OUco5YDLmRZrNQtNKeXM086Mk8ZNofhlR6ERknxXRTay6Je0TazbIxY492lZVwDOO8xBTnPMY1t/uH+Hhoar7O2YsxhzRq41
6HgS+Mnk0tQApnDQxLaHDxfMBUkk56JoMo3o+dnoK8mFmK66GkBLffnl7OWecv0B8FeG7zydEfbG7VEEPVP/P4X7zCg163qjdliZ/QmVFRF1+cLxxdNkbDfjqzttl3NhT646
7vc/4O6kxlXnlpJBay9YjhfMBUkk56JoMo3o+dnoK8mFmK66GkBLffnl7OWecv0B8FeG7zydEfbG7VEEPVP/P4X/xT8y63qjdliZ/QmVFRF188bxxNNkbDfjqzttl3NhT646
t8ec+UHILkpLzyt2xmO1NeLzo8be2KjXTirJhc3cz0Xz0gJ/a2MRgs+Hy0IwcBB6Z/jdm4q9gsFdpfd4RfVagV8DAhqw6Je0TazbIxY492lZVwDOO8xBTnPMa1t/uX+Hhoar7O2YsxhzRq41
+KF/6gQtT3SWW+Qe8w9ZduLzo8be2KrXTirJhc3cz0Xz0gJ/a2MRgs+Iy0IwcBB6Z/jdm4q9gsFdpfd4RfVagV8DABqw6Je0TazfKgE/92lZVwDOO8xBTnPMbl1/un+Hhoar7O2YsxhzRq41
LbCsOTfpHqK16k+qfJZKOL8sbI5KS5zMzXCB1P2Rn+JQ5Bj+w5qbVPRoQ7boBfiWOH4UWU8Zbi9Y3+LEwqTvvwuDbijMJcqKF/qg3Zfom8uJk1M/ExNE81xPsOj/cY8N490jntT9MQsiIFFTLdfLzwVNWa4s
SqreIjZ6LR3xl1c7n+1lq+Lzo8be2KqMGzDejtfN4kXFxy09O0co5YDLmRVrNQtNKeXM086Mk8ZNofhlR6EeknxXRTay6Je0TazfKgE/92lZVwDOO8xBTnPMbl1/un+Hhoar7O2YsxhzRq41
rNrKVh+vNayaxpzDAjauHy83PAikOEK1ogkexXZpXsrYOpGx0u/+wgMo0fKb2C6x5/6Pm85yC6AVvOPk2xKuGQ==
XyR5U0mB+psr9Sz0XzCS4+Lzo8be2KqMGzDejtfN4kXFxy09OUco5YDLmRZrNQtNKeXM086Mk8ZNofhlR6ERknxXRTay6Je0TazfKgE/92lZVwDOO8xBTnPMbV1/un+Hhoar7O2YsxhzRq41
zHoPx0BNV5halq3Byxaoa+Lzo8be2KjXTirJhc3cz0Xz0gJ/a2MRgs+Hy0IwcBB6Z/jdm4q9gsFdpfd4RfVagV8DAhqw6Je0TazfKgE/92lZVwDOO8xBTnPMbV1/un+Hhoar7O2YsxhzRq41
ymDi3g0d1Z8JC9SZM5qsvCA3PAikOEK1ogkexXZpXsrYOpGx0u/+wgMo0fKb2C2x5/6Pm85yC6AVvOPk2xKuGQ==
z0LSpOyxKCn1TBaSJv+pxBZw7a/PDsAv1g6ODbsytelaErqigLg+vqMqQYS9yP3H8znrnSfFP1JNZXQbBmjds+Hf7z+BNWWuEA==
YkqqYkH7k7smOMyelqEwJA6qxvlMWaK43EhsF2uNhOIh2i4uLY7nG1zYgoJoyCa+u9opt4qcL4c7ibN9T1WH0rX13LtemJVzKY8XX6kFfa4I
jou9L9ZTWy+9FvSz/5eHVhdw7a/PDsAv1g6ODbsytelaErqigLg+vqMqQYS9yP3H8znrnSfFP1lMZXQbBmjds+Hf7z+BNWWuEA==
5gHwPeHrZOu7CaUftgN61w6qxvlMWaK43EhsF2uNhOIh2y4uLY7nG1zYgoJoyCa+u9opt4qcL4c7ibN9T1WH2bT13LtemJVzKY8XX6kFfa4I
oVunawnhMYrLvVzU8Y5uaNPMwr7RZHzz7tEz7SK99ce1TCBVuglMEQF609yq2ZO1JmhaPqjLFmft/3reANGYuJciX3st68+7hvznQxgHnMgTeYsdh4UfWy8llJumqP2zwR+Pv2F1Ra4w
bA7qU4PjEqRnDN68b/73WtJ4EyYSiivOIz1nRrHtRzyPzgL9kX1LDVHCvJaQ9RNqbW0WF+pf+UcX3imv4m+LsVFMDCJfCgnum+XaAq8nbYXw+GemaZCX7kw8U6GHqZL0u/oRkrtmd0SuMw==
WQ6sIAbymafHuOg1C8RKfNPMwr7RZHzz7tEz7SK99ce1TCBVuglNEQF609yq2ZO1JmhaPqjLFmft/3reANGYupciX3st68+7hvznQxgHnMgTeYsdh4UfXS4llJumqP2zwR+Pv2F1Ra4w
AK7I6Zvkq+Lz76pO9MhjFdPMwr7RZH2ou8sk5jis2MeDWRUUz2osWQ16mpnWyYikaCpLM7L8B3z4/C6cCfTM4aMhX3st68+7hvznQxgHnMgTeYsdh4UfWCkllJumqP2zwR+Pv2F1Ra4w
NULt5uxJ4yBzu+8Fk0vGpU87Lhj+hsbfxepiChnZkP3lL2X1jSMXvJbY49Kp2Yv27AFwJV4UPmYN60TQIRze0NiFD/ja0bXNeSNbpwl7QLCRG77rCniF9Q2FcSm5O46JYkPg5KuDF/Oppxd5Q642
v3xqWojr3BFVr5i8PCMddBeWkDdom5lJ/9uaLPTD9Ea+GZ8eW/yBPtMcbIvfxb+35lYrvA2o8+jTFq5l
aFpb4Ffo/Nt8qNkvStZX/mfE6uZgeLzFQQMznVrusA28nOLPz+wvAvnUv/oCqfvrl43aYBuuGbbr4t8Qrmc=
1/HRqR0/sJ+pN/1KTkJw6R9DeJGLz/SPZ/xJZVmb0gZyDc5lRjr3ogK4aZwspx1lxaUJGVG+J3lUIyh0M8Pvw+EHjylrrh4=
9Wi2oBQe/l1ON+TgcygAEjhXzL8VREd/m5a/D+lGwGa3LFORyMtZGR+rmlwUkzQWHqkfrvsswe6z7G19vxX/Z0bmqwyt+DO4M2auFQ==
qr+z4duMcmCuzjGEzgZXuPnZqh8OMY6OxnQ4k9Hz1Hn/D8Cni4xVXU17pt7OXSIN0rpjSm5o1cTYxwld2VVlMWX41xHxlLSMp2Nbmx1XowF/rgo=
8Cy4IB0TygLehMIQ12B+hhnr3UF1S9D9vHFZBo8JT6zf8fV02GCzJkN/pOlxT+vx2oJoQYyw+sOvIHeuSVgnlsLG4+6goYKseyKBGluuB3yuCw==
hVWLjdTbi5KE99Zyvb9OMns5iEObutH04uDdOVMiyNiJjkgmdf2HD7uGvx/JNgDW17zTASh7Gek/u5pMNGN0pv45nz6bnAGek/xraJ9tONcmdiucTUhzSBN2rgU=
n6mnGGDebC0R54x9SUgz5BeWkDdom5lJ/9uaLPXD9Ea+GZ8eW/yBPtMcY4nfzbi35lYrvA2o8+jTFq5l
EYWMQdPpX3oiYrvgLPbZ5WfI6uZgeLzFQQMznVrusQ28nOLPz+wvAvnUv/oLqPvjkI3aYBuuGbbr4t8Qrmc=
GVjY20595orK3MpqqHutp2fE6uZgeLzFQQMznVrusQ28nOLPz+wvAvnUv/oIqPvgkI3aYBuuGbbr4t8Qrmc=
MBrjT3xhebcvtr7D+9LHgS6Ql6INCrTkigc7W36dna8iwyEkP4n/K1SKhJVoyRD6oY8koJ+QKpc7ibN9T1WH2Lb12bxemJVzKY8XX6kFfa4I
HTScwbE2oXnRxcddCCr8U3s5iEObutH04uDdOVMiyNiJjkgmdf2HD7uGvx/JNgDW17zTASh7Gek/u5pMNWN0pv45nz6bnAGek/xjbJ9uONcmdiucTUhzSBN2rgU=
wxP5SVnXm5wiVj+RaoKClGBV+Rpb2v/LobqQsg+As/UgV+mthyca2JwvpILmxb8KU/CxGusgqz93YygzfsrL6MXkA4wraq4R
PMqnqGs5zxbjhN5LNLrxkW1VtFJZzbOepbqQsg+As/UgV+mthyca2JwvpILmxb8KU/CxGusgrzx3ZCgzfsrL6MXkA4wraq4R
w0ILE4GUHEQj8v8y/1mf2yV6u6RUKGCX/Ixt51P4SaiovAt6o+McdQHTU21aHtDd/CxCX098z3I5hJ/KD5jbNtB9uvCbPrkGK7I/YK4X
DhxQN/zFqeKXZEOkwlqekjdVtFJZzbOepbqQsg+As/UgV+mthyca2JwvpILmxb8KU/CxGusgrzh3ZCgzfsrL6MXkA4wraq4R
AEX37Kzbs7Z1exSZXDNs6Eu062ufJd1QyGS7MmOr7C0h60NlWhbA5dx0shePNH+qWXwPQoMWS04wJQo42/bJ3guKL2iuHw==
rqsTXORrNFXTaXvJlBFqRPszPW8bYzYLdZcXCIuyyEUUIYR6NebY8FOofndPkb9NUz1zkgRdQ0zSACHT/ffbD5Utaa4c
gbrofrgCk5yAh3QcCe4i92fE6uZgeLzFQQMznVrusA28nOLPz+wvAvnUv/oCqvvnkI3aYBuuGbbr4t8Qrmc=
34QOEZvu0Th3M/cMJSBrj2FV+Rpb2v/LobqQsg+As/UgV+mthyca2JwvpILmxb8KU/CxGusgrT13ZSgzfsrL6MXkA4wraq4R
v5Bg1OkTfNfbZ3F9Kzj6iuzz12pb3vzRF0oE4qTRJL4xGXPCXd6gvgd0k8n4EzkBL7OaRCSLVM4u8d/2S/ShdgN06uIPgZi/9r5rVJ0gU6ADfq4N
ER+5oWhwStp4v4ExiakrGlo47Mk0EPXzUMNtMzMsPY0FO26u5n06/cq6ezp2SP00kAfBDTH13aEdemyBDPQcXO+jE6v1N7sxZ64S
RUQ6B4LVbN80OA0XraK4i02062ufJd1QyGS7MmOr7C0h60NlWhbA5dx0shePNH+qWXwPQogRS08wJQo42/bJ3guKL2iuHw==
+nZgjV2ux6vUWnZGPCVRRku062ufJd1QyGS7MmOr7C0h60NlWhbA5dx0shePNH+qWXwPQo0RS08wJQo42/bJ3guKL2iuHw==
+m5JdkZsoPVzKJwmtUjdnvszPW8bYzYLdZcXCIuyyEUUIYR6NebY8FOofndPkb9NUz1zmgVdQkzSACHT/ffbD5Utaa4c
XIoALJL2uYPLlacD9V75//szPW8bYzYLdZcXCIuyyEUUIYR6NefY8FOofndPkb9NUz1zmANdQUzSACHT/ffbD5Utaa4c
DF3Cbs4L+HsesB6c01QvoVdVJ48IGJHWKi3mVX46z5MqmLHM5OfVFT3F4YnJObvp8oSQxHsDpxO55+fZE65m
imxVqStS7v6GgaGqjT60rmfE6uZgeLzFQQMznVrusQ28nOLPz+wvAvnUv/oOqPvqkI3aYBuuGbbr4t8Qrmc=
xs8EKhRJaIqLbqY3xeenLj6K7fZgeLzFQQMznVrusQ28nOLPz+wvAvnUv/oLrvvqkI3aYBuuGbbr4t8Qrmc=
ATEZDUx1WMO29fY/5rofY8DizJeH9hWKgAREubF/y+HakklxTOAasy+Q134JqEeGzdYDl2DxIhz70uHKG54nbK4b
/ecJDZj02nd+KDw/kxL4lVMWfISJnPfWdOMPY0XY2QZyDc5lRjr3owK4aZwspx1lxaUJGVG7InlUJCh0M8Pvw+EHjylrrh4=
0y5+p2YO1bitc2w5P3iJ5WfE6uZgeLzFQQMznVrusQ28nOLPz+wvAvnUv/oLqvvjkY3aYBuuGbbr4t8Qrmc=
14NHfu+S07G8fWCB7BjqnfszPW8bYzYLdZcXCIuyyEUUIYR6NefY8FOofndPkb9NUz1zmQBdRk3SACHT/ffbD5Utaa4c
p23SiuwFIsyE7cvO6XAd/SplNx29ITC28A8JxXdfGtCMN4Sq1v3/wgMo0fKb2Cq35/mJm85yC6AVvOPk2xKuGQ==
nZCSvwAjdT43cJ3AbNiyzWfE6uZgeLzFQQMznVrusA28nOLPz+wvAvnUv/oJqfvjkY3aYBuuGbbr4t8Qrmc=
wIhnCJvxYzGAm3YxYKaeDWFV+Rpb2v/LobqQsg+As/UgV+mthyca2JwvpILmxb8KU/CxGusgrz93YSkzfsrL6MXkA4wraq4R
HmH4GhDhbw83RERG4Vu1fh64LCCtmr8zJDaq5KwRV0qwgFGrrINR61c8OYXpG0Jmos2ehVY658LS+Dl8vCetBTXlOfkhvBdZrGWY1ENDf2MxR18Je64O
GVWuuipGCm0bSWQ49eTv4GfE6uZgeLzFQQMznVrusA28nOLPz+wvAvnUv/oJr/vjkY3aYBuuGbbr4t8Qrmc=
Fq0G/nquVjjSt/pPHW7vsGBV+Rpb2v/LobqQsg+As/UgV+mthyca2JwvpILmxb8KU/CxGusgrTl3YSkzfsrL6MXkA4wraq4R
Kj0a58EJW7aDciSvaxXMKgi20q4MCPqhgQZ2WCeHiuN3xyEkP4n/K1SKhJVoyRD6oY4koJ+QKpc7ibN9T1WH0rD12r1emJVzKY8XX6kFfa4I
khT7Ny8pg1Y0N4/KGQ6C8fszPW8bYzYLdZcXCIuyyEUUIYR6NebY8FOofndPkb9NUz1zngFdRU3SACHT/ffbD5Utaa4c
EuZMSYjT8f0pwSlAIjHK12fE6uZgeLzFQQMznVrusA28nOLPz+wvAvnUv/oJq/vgkY3aYBuuGbbr4t8Qrmc=
o7rCE2z/OXxewWh/N+Xv6hk4/LrDFfAvmlPJROc5t+scWry1gLkI+rl+TICnwOLX8znrnSfFP15MZXEdBmjds+Hf7z+BNWWuEA==
md3iADPRWsqPQFM5ymvTCWBV+Rpb2v/LobqQsg+As/UgV+mthyca2JwvpILmxb8KU/CxGusgqz53YikzfsrL6MXkA4wraq4R
G1kDfwzIVSahZdLr1C94EEgS6aBcJW2X/Ixt51P4SaiovAt6o+McdQHTU21aHtDd/CxCX098z3I5hJ/KD5jbMNF9uvCbPrkGK7I/YK4X
mpOdEaFKTNfE+G4yXcAN+2fE6uZgeLzFQQMznVrusA28nOLPz+wvAvnUv/oJqfvgkY3aYBuuGbbr4t8Qrmc=
TCp3Pr0ONztiBd8RmFDRsRk4/LrDFfAvmlPJROc5t+scWry1gLkI+rl+TICnwOLX8znrnSfFP1NJZXEdBmjds+Hf7z+BNWWuEA==
k3L0/gke+e2F8QDb9moGM60tPG9WKz0UM5ELS4CyyEUUIYR6NebY8FOofndPkb9NUz1zmgRdRU3SACHT/ffbD5Utaa4c
MP9rQBwOEfR501b566JuFh9DZICZz/SPZ/xJZVmb0gZyDc5lRjr3ogK4aZwspx1lxaUJGVG/JnlfJSh0M8Pvw+EHjylrrh4=
3JBV3ZU4VE9lHqbXBrbfJ2BV+Rpb2v/LobqQsg+As/UgV+mthyca2JwvpILmxb8KU/CxGusgojl3YikzfsrL6MXkA4wraq4R
ees93ApGU5CRgI2cmGi7rm1VtFJZzbOepbqQsg+As/UgV+mthyca2JwvpILmxb8KU/CxGusgqTx3YykzfsrL6MXkA4wraq4R
g+aopj/OlazZivThL27jBWfE6uZgeLzFQQMznVrusA28nOLPz+wvAvnUv/oPq/vhkY3aYBuuGbbr4t8Qrmc=
dy2wpxOsFJiQi3ZPqw3wwhxx+s14RfzyX484NzMsPY0FO26u5n06/cq6ezp2SP00kAfBDTH13aEdem2BCvUcXO+jE6v1N7sxZ64S
fDtbyDRVV9vBvoUjp4Dcax1x+s14RfzyX484NzMsPY0FO26u5n06/cq6ezp2SP00kAfBDTH13aEdf22BCvUcXO+jE6v1N7sxZ64S
6DHGrw2inJkbFmGbCXXcifszPW8bYzYLdZcXCIuyyEUUIYR6NebY8FOofndPkb9NUz1zkgNdRE3SACHT/ffbD5Utaa4c
DQyLcTNdBvsrdP4bF97eZmfE6uZgeLzFQQMznVrusA28nOLPz+wvAvnUv/oLrvvhkY3aYBuuGbbr4t8Qrmc=
Y8s6UTV4hZd+5gwoV0S9VCibhLkEGrTkigc7W36dna8iwyEkP4n/K1SKhJVoyRD6oY4koJ+QKpc7ibN9T1WH27X1371emJVzKY8XX6kFfa4I
SxX47hkpgtg+lIYj7Vb6v3s5iEObutH04uDdOVMiyNiJjkgmdf2HD7uGvx/JNgDW17zTASh7Gek/u5pMNGN0pv45nz6bnAGek/xuaZ9oOdcmdiucTUhzSBN2rgU=
t989A4wuR1iF2nllfcYRCGBV+Rpb2v/LobqQsg+As/UgV+mthyca2JwvpILmxb8KU/CxGusgqj53ZCkzfsrL6MXkA4wraq4R
lftJe0ZtrXnFjYpHQyseFCV6u6RUKGCX/Ixt51P4SaiovAt6o+McdQHTU21aHtDd/CxCX098z3I5hJ/KD5jbNtF9uvCbPrkGK7I/YK4X
IcNy9KSPzDmZQNM1Izq+NGfE6uZgeLzFQQMznVrusA28nOLPz+wvAvnUv/oLqfvmkY3aYBuuGbbr4t8Qrmc=
rMkAb78ObPso59W2wsFT+mfE6uZgeLzFQQMznVrusA28nOLPz+wvAvnUv/oLr/vmkY3aYBuuGbbr4t8Qrmc=
CKH1mvhWy08GmhaakpBo0WfE6uZgeLzFQQMznVrusA28nOLPz+wvAvnUv/oMqfvnkY3aYBuuGbbr4t8Qrmc=
/oE+q/GEc6qXTdi3U9pf6GBV+Rpb2v/LobqQsg+As/UgV+mthyca2JwvpILmxb8KU/CxGusgrT53YCwzd8vL6MXkA4wraq4R
wCM2NBd9X+szxBUrcqVRouzz12pb3vzRF0oE4qTRJL4xGXPCXd6gvgd0k8n4EzkBL7OaRCSLVM4u8d/2S/ShdgN06+MPhJy//79rVJ0gU6ADfq4N
v4t7tvFY4nr3p3h9M3EvK1o47Mk0EPXzUMNtMzMsPY0FO26u5n06/cq6ezp2SP00kAfBDTH13aEdfGyBCfAcVe6jE6v1N7sxZ64S
GvlNzWN/TlaxLlhlH+o67mFV+Rpb2v/LobqQsg+As/UgV+mthyca2JwvpILmxb8KU/CxGusgrTh3YCwzd8vL6MXkA4wraq4R
9kBYXujyc7eUDleTgdcCnGfE6uZgeLzFQQMznVrusA28nOLPz+wvAvnUv/oMr/vilI3TYRuuGbbr4t8Qrmc=
NS8jpwsNxVjVlLb40A1Pzh1x+s14RfzyX484NzMsPY0FO26u5n06/cq6ezp2SP00kAfBDTH13aEdeW+BCPAcVe6jE6v1N7sxZ64S
N15m3bdE+F+jHALrKnScA/szPW8bYzYLdZcXCIuyyEUUIYR6NebY8FOofndPkb9NUz1zkgFdRkjSCSDT/ffbD5Utaa4c
Ny3k9eM8ILkjI+3ghUIHgmfE6uZgeLzFQQMznVrusA28nOLPz+wvAvnUv/oNq/vjlI3TYRuuGbbr4t8Qrmc=
P5IvAUL4IboDKDdwF3Ai52FV+Rpb2v/LobqQsg+As/UgV+mthyca2JwvpILmxb8KU/CxGusgoj13YSwzd8vL6MXkA4wraq4R
IO42xImcdIOQ+FdN/DjNRyV6u6RUKGCX/Ixt51P4SaiovAt6o+McdQHTU21aHtDd/CxCX098z3I5hJ/KCZjbM9R9s/GbPrkGK7I/YK4X
kn1OBcYGbVtUaIKLxF4qS/szPW8bYzYLdZcXCIuyyEUUIYR6NebY8FOofndPkb9NUz1zkwNdRkjSCSDT/ffbD5Utaa4c
vgnc0DPIGvIg/BrLdGuFRVMWfISJnPfWdOMPY0XY2QZyDc5lRjr3ogK4aZwspx1lxaUJGVG/J3lcICh9MsPvw+EHjylrrh4=
4HJuB8nNY4Z2r6xgeT0qbBeWkDdom5lJ/9uaLPXD9Ea+GZ8eW/yBPtMcY43fzby371crvA2o8+jTFq5l
HeFmcsByXlOjLY3ILYJu8GfE6uZgeLzFQQMznVrusQ28nOLPz+wvAvnUv/oCr/vjlI3TYRuuGbbr4t8Qrmc=
fgG7uw/AFzRtnWlV4k0KuS6Ql6INCrTkigc7W36dna8iwyEkP4n/K1SKhJVoyRD6oY8koJ+QKpc7ibN9T1WH2LX12bhekZRzKY8XX6kFfa4I
Km68BB5alqM3Ua7WpWEGs3s5iEObutH04uDdOVMiyNiJjkgmdf2HD7uGvx/JNgDW17zTASh7Gek/u5pMNWN0pv45nz6bnAGek/xrap9uPNcvdyucTUhzSBN2rgU=
Fe26puNAL+BzFaNCsKvBtj30JdpK7d8V6IM+a72Oo0JyGk7Y1ZXABEw14NorT4xfr5xRVTFbepaKrYaVXjrv08oYEQyE5/VV3UVBSak6mKkXADANGgOHU1lnRxlzrgY=
C1E1ezIoQlk1yqEfSuWgdD30JdpK7d8V6IM+a72Oo0JyGk7Y1ZXABEw14NorT4xfr5xRVTFbepaKrYaVXjrv08oYEQyE5/VV3UVBSak6n6kXADANGgOHU1lnRxlzrgY=
ITYc0h7ymuS+I6afrKYv/Hs5iEOYutH04uDdOVMiyNiJjkgmdf2HD7uGvx/JNgDW17zTASh7Gek/u5pMNWN0pv45nz6bnAGek/xubZ9uPNcvdyucTUhzSBN2rgU=
C0zn4IuioLLmYtZUOOEdfFMWfISJnPfWdOMPY0XY2QZyDc5lRjr3owK4aZwspx1lxaUJGVG+I3leICh9MsPvw+EHjylrrh4=
/ymsX4SUWlVgXNTRV1Qmn/szPW8bYzYLdZcXCIuyyEUUIYR6NefY8FOofndPkb9NUz1zmgNdREjSCSDT/ffbD5Utaa4c
cK+5DEtZ6JLUzDw+37O2rheWkCpom5lJ/9uaLPXD9Ea+GZ8eW/yBPtMcaY3fyLy371crvA2o8+jTFq5l
En2LX1SLK/yCO5PG6mhkHmfE6uZgeLzFQQMznVrusQ28nOLPz+wvAvnUv/oKqvvnlI3TYRuuGbbr4t8Qrmc=
ETOoBPKhpFuoQtp+oS7H/GfE6uZgeLzFQQMznVrusA28nOLPz+wvAvnUv/oKqPvnlI3TYRuuGbbr4t8Qrmc=
F9xXbw5jqbfKMNzBaicPURxx+s14RfzyX484NzMsPY0FO26u5n06/cq6ezp2SP00kAfBDTH13aEde22BCvEcVe6jE6v1N7sxZ64S
wqKuyjfY/qlN36UjbQ2jqR1x+s14RfzyX484NzMsPY0FO26u5n06/cq6ezp2SP00kAfBDTH13aEdeG2BCvEcVe6jE6v1N7sxZ64S
6mhddNZRGHrBD1mTLdfGzvszPW8bYzYLdZcXCIuyyEUUIYR6NebY8FOofndPkb9NUz1znwJdREnSCSDT/ffbD5Utaa4c
y+T9XWI6+pzKyue3FKh60Rxx+s14RfzyX484NzMsPY0FO26u5n06/cq6ezt2SP00kAfBDTH13aEdeWqBCvEcVe6jE6v1N7sxZ64S
q5xo82ZCd36EBV5eMcHSu+vp3HZY3r/1U0AEo7qFcbcwFj+XWd6gvgd0k8n4EzkBL7OaRCWLVM4u8d/2S/ShdgN07+APgJ2//79rVJ0gU6ADfq4N
jjIZ+NQ8MFkJXcBxq6m/tfszPW8bYzYLdZcXCIuyyEUUIYR6NefY8FOofndPkb9NUz1znQBdQ0nSCSDT/ffbD5Utaa4c
nwO6rntcSvtnc95HwgeMOVMWfISJnPfWdOMPY0XY2QZyDc5lRjr3owK4aZwspx1lxaUJGVG4IXlZISh9MsPvw+EHjylrrh4=
jE4fKXfjafwxvtP+NIoq61MWfISJnPfWdOMPY0XY2QZyDc5lRjr3ogK4aZwspx1lxaUJGVG7J3lZISh9MsPvw+EHjylrrh4=
MkQmJ+EZX+Hht7UfviZDLlR9+KnDCrNq3RXDDfEjrqgXWry1gLkI+rl+TICnwOLX8znrnSfFP1tMZXYZBmHcs+Hf7z+BNWWuEA==
tljLHJjcLxM04YL+UsaI2mfE6uZgeLzFQQMznVrusA28nOLPz+wvAvnUv/oJq/vnlY3TYRuuGbbr4t8Qrmc=
JyksC8DqH+O1CmGhDkWmlSibhLkEGrTkigc7W36dna8iwyEkP4n/K1SKhJVoyRD6oY4koJ+QKpc7ibN9T1WH3rT13rlekZRzKY8XX6kFfa4I
Rjuli+GDAFFcQz0dLX4bKyibhLkEGrTkigc7W36dna8iwyEkP4n/K1SKhJVoyRD6oY4koJ+QKpc7ibN9T1WH27b13rlekZRzKY8XX6kFfa4I
Hk0IBY8hDltVDUyuCoCnCXs5iEOYutH04uDdOVMiyNiJjkgmdf2HD7uGvx/JNgDW17zTASh7Gek/u5pMNGN0pv45nz6bnAGek/xja59pPdcvdyucTUhzSBN2rgU=
QtSY7CpMGZTm4aswjvHwnGfE6uZgeLzFQQMznVrusA28nOLPz+wvAvnUv/oMrvvnlY3TYRuuGbbr4t8Qrmc=
LjNuANUeM70KIVy8VEKKhGBV+Rpb2v/LobqQsg+As/UgV+mthyca2JwvpILmxb8KU/CxGusgqzl3ZS0zd8vL6MXkA4wraq4R
Hp72y4wEdX/wfLNy/rWMaiV6u6RUKGCX/Ixt51P4SaiovAt6o+McdQHTU21aHtDd/CxCX098z3I5hJ/KD5/bN9V9s/GbPrkGK7I/YK4X
ibL/80ERwba7fyRiSpopZ/szPW8bYzYLdZcXCIuyyEUUIYR6NebY8FOofndPkb9NUz1zmQFdQUnSCSDT/ffbD5Utaa4c
J/gI2h/s32Fb4q+6/qF/6WfE6uZgeLzFQQMznVrusA28nOLPz+wvAvnUv/oPqvvklY3TYRuuGbbr4t8Qrmc=
njBIsDqMS2U8QpyQ+3YXZ2FV+Rpb2v/LobqQsg+As/UgV+mthyca2JwvpILmxb8KU/CxGusgrTx3Zi0zd8vL6MXkA4wraq4R
dVMg1uD9ZkoG1Ys6iyHJYezz12pb3vzxF0oE4qTRJL4xGXPCXd6gvgd0k8n4EzkBL7OaRCSLVM4u8d/2S/ShdgN06+EPgp2//79rVJ0gU6ADfq4N
ov5bQVoAesFUtn4wfDnjxvszPW8bYzYLdZcXCIuyyEUUIYR6NebY8FOofndPkb9NUz1znQBdQUnSCSDT/ffbD5Utaa4c
seGJ/XmW1DpVJ5h6F4snP2fE6uZgeLzFQQMznVrusA28nOLPz+wvAvnUv/oMqPvklY3TYRuuGbbr4t8Qrmc=
AhchAGErBIecPS/MIrp/R1MWfISJnPfWdOMPY0XY2QZyDc5lRjr3ogK4aZwspx1lxaUJGVG/J3lbISh9MsPvw+EHjylrrh4=
AVZU9u/UuLFi4hS1Po8CB2fE6uZgeLzFQQMznVrusQ28nOLPz+wvAvnUv/oDr/vklY3TYRuuGbbr4t8Qrmc=
7bnp4mwMh+mcboWroZhtPC6Ql6INCrTkigc7W36dna8iwyEkP4n/K1SKhJVoyRD6oY8koJ+QKpc7ibN9T1WH2bX13LlekZRzKY8XX6kFfa4I
ah8mHid4DXvWKgsYyb1UpXs5iEOYutH04uDdOVMiyNiJjkgmdf2HD7uGvx/JNgDW17zTASh7Gek/u5pMNWN0pv45nz6bnAGek/xiaJ9rPdcvdyucTUhzSBN2rgU=
m7Spd0l8SZlB+sDcaZotcFMWfISJnPfWdOMPY0XY2QZyDc5lRjr3owK4aZwspx1lxaUJGVG/InlaISh9MsPvw+EHjylrrh4=
KyZaWkpWz0W8m8hB71LdZ2fE6uZgeLzFQQMznVrusQ28nOLPz+wvAvnUv/oIqPvllY3TYRuuGbbr4t8Qrmc=
7iSLmD0gaPfrkqYwYs2Utxwz2sFsIQ7dWlmk796blfRLYVOLuOIQJfwxjHo997AQC3hGN5fhRy37jfsTi60o6Wq5+JMFpwMvvT1hrhQ=
tJm7qqBWDz4TJLMO3flzt/szPW8bYzYLdZcXCIuyyEUUIYR6NefY8FOofndPkb9NUz1zmAJdQEnSCSDT/ffbD5Utaa4c
iSZHxTMX3Scj/IZN2JwEsGI9m0Obi93x4OLmZ1AjkIuCkUg4Ne3XUKCT7FWDfgzd1rufCXp9AekuyNUCJGx5u+Evnz6bnAGek/xsaJ9lPdcvdyucTUhzSBN2rgU=
trBRp94lI+S10ftw6e3eRR+zeuFcYXO7qSFU1IL+N7/9P08j3jWEAqvpQz2fdbfcxRWCee4xBPPZ78cfmSVtrhg=
/39xg5CLItyq480L2rF9L87RUkHLkaU+ij8oliEVVX1vSIfWqQD3Pkxusz/FWftFO4oxovv21xSuYw==
RBeRcWb2rWdrBqq2NpJMuI9d8kREad3BNHTEIZs7jcWVZVk5QbwzmQTheJ2iQ58jkcf/yRuubg==
fyNysfcA1iOA9V6WmBIwMWI9m0Obi93x4OLmZ1AjkIuCkUg4Ne3XUKCT7FWDfgzd1rufCXp9AekuyNUCJGx5u+Evnz6bnAGek/xoap9lPdcvdyucTUhzSBN2rgU=
7XV40KXT4T1jaisd+dlmmc7RUkHLkaU+ij8oliEVVX1vSIfWqQD3Pkhssz/FWftFO4oxovv21xSuYw==
bgXmQvCDcOcKjGdJnV5ORo9d8kREad3BNHTEIZs7jcWVZVk5QbgxmQTheJ2iQ58jkcf/yRuubg==
hmn/kLjvKidNkJSKsrfDaB+zeuFcYXO7qSFU1IL+N7/9P08j3jWEAqvpQz2fdbfYxxWCee4xBPPZ78cfmSVtrhg=
lE9g3osIpDRfloGmWGV4F8wbgmMuVRSCG0kT/e+Vp9jXNbI5PlH0c0lPd9/JxR2uaA==
WBef+L/NT2vYBVqT5OVXAfctNglVOD0TPI8UR9ypi1QRI7M1QvbE406zandPkb9NUz1zmANdTknSCSDT/ffbD5Utaa4c
W01Y69z3/Y6+wHFajR5J8/ctNglVOD0TPIsWSdypi1QRI7M1QvbE406zandPkb9NUz1zmANdTknSCSDT/ffbD5Utaa4c
eGSjmV7l6uOqqmWbDFubwh+zeuFcYXO7qSFU1IL+N/38O1Ij3jWEAqvpQz2fdbfYxxWCee4xBPPZ78cfmSVtrhg=
ZBmlp1eTlQL82UIDN160qfqW6vyIcUkBVXwqstQdGQ/wFNFj2x0F9twcFVqYrbG3U4rBeKcriX7wAcbgzzTIH62yQp8XWyiE1zILcFvyNMX+JSYHntqW8gc64jT7TZnJx3FZMJ/PWqM+1JzdKEJ1kxsqGYti5W6LP58L49hAOTh6KMgJtdw3qMULOxeJjkYRov0jy33WTOJI842Xg/vVTj6SpO2Bh/B6euo+e60x3JTESgFLiSv9U67ygseOIdReWbBhP75nNWPwNoZOZSNBTLfCWlWHgy+GU5V614ipatA3kW3vP41YLa7k3zKtvklidj7qaqBTfuNcKcj36fXL4m33E19rzMcpft7bO1HxzowRr/Zl3GeGY9JhvCl57+UgFK1YXw5Z3+jRabwOuTR/qll8D0KIEEtDNSUDOdv2yd4Lii9orh8=
xoq83YdJ45Q0LouNnkJF0QqlTrE/eIMq4O5tSfv283yJAyvngDLGrZf7L7ccHmzppKX9Vd8gKLcHJ6k86bLpmLHf6ZU+hHpNjtVeJ8A0tE6vVhxV8NFJuL2nR2Cmjr6vUUPCLfgEWydf+0s0JQc0ISJkC075PNPbDEQ4U6mRSkH0hE8BPOintIIXiidO8NZe81QnMKh1morszA013L+x4B+WaIDDoltLDsNTe77k+ozAjRmkAmgynJ4NS9e6Xo9ASrTmcfmWy4PuQ1u3Z6k5uJhmN9OcsdBpatZvesv/8x4Pbqou7FLwPD0D7xg+90VjvBkS1c3p4HFhVSkHTPtGujA+MvaMlh9e545xfFpwCX+ltL3RxITujBZkwJnKlZQLxMkZb28kVeXP8etmEz9WHHelgcvKqsndSqv8bXLVWoNwV0k1gabs/0SxzjNLPrlrUFApzjvMQU5zzGhaf7V9h4+Hq+ztmLMYc0auNQ==
FUfBfqtEv78GOrYnCG5LExZq66/TFsEv1g6ODbsytelaErqigLg+vqMqQYS9yP3H8znrnSfFP15JZXMaBmHcs+Hf7z+BNWWuEA==
9G/0Dh7y/GHlhTx65eXp9iYziATcsfy14eDQY1E31oqTlEAPOuvCCKCgv1OUcUmK3L7RR2B9Duk+jd5WYG5wvPYmjz6bnAGek/xubJ9sPtcvdyucTUhzSBN2rgU=
yRYSx5M52VWrRb16zm+6MdeZf31gS2c+jXImUyzFiBS9r2hTfUSwBlZekalfOHew/5fcXB1rejRXIQYKfuTlXu0sbP30OTvd3pSgoer1rqFupd5+MCbDO2KUzxaLlCHWw1TuxM8kHt8/X2s03cDTAENeri0=
elYF/Bs7xLguAoAgTgr26TZGkOlaEwtqi4/yDPBTzHSsLGKZms1OGR6d3kZAniMDEqwPrvsswe6z7G58vxz+Z0/nqwyt+DO4M2auFQ==
dBI0JGGsN4Pxxxtxsk0xqRdq66/TFsEv1g6ODbsytelaErqigLg+vqMqQYS9yP3H8znrnSfFP1xJZXMaBmHcs+Hf7z+BNWWuEA==
08ThJa1g6/yfy7cObI7DZDZGkOlaEwtqi4/yDPFTzHSsLGKZms1OGR6d3kZAniMDEqwPrvsswe6z7Gx8vxz+Z0/nqwyt+DO4M2auFQ==
JoqqDa2TYYxFG17dUcGusaICD28adnpdb5oJScb6zlIUILI+L7LV9EmgYWdPkb9NUz1znQVdRkrSCSDT/ffbD5Utaa4c
RHmacfINVamttsxYIf0WLnJIo5j2Walj3B7BQKFnm9gUCLqigLg+vqMqQZeyzOfH8znrnSfFP11JZXIaBmHcs+Hf7z+BNWWuEA==
BdGcraW7e4HsE7+ufeDyyKMCD28adnpdb5oJScb6zlIUILI+L7LV9EmgYWdPkb9NUz1zkgVdRkrSCSDT/ffbD5Utaa4c
tUYevau3WkYoHyBJ//es7nJIo5j2Walj3B7BQKFmm9gUCLqigLg+vqMqQZeyzOfH8znrnSfFP1JJZXIaBmHcs+Hf7z+BNWWuEA==
4woxOaHrY1GibJQybluYYr8sbI5KS5zMzXCB1P2Rn+JQ5Bj+w5qbVPRhQ7boBfiWOH4UWU4Zbi9Y3+LEwqTvvwuDbijMJcqNF/qg3Zfom8uJk1M7GgRD81xPsOj/cY8N490jn9H9NQoiKVBTLdfLzwVNWa4s
Q2B3H5m9u5ItInPnUKLEd+Lzo8be2KqMGzDejtfN4kXFxy09Okco5YDLmRZrNQtNKeXM086Mk8ZNofhlR6EZknxXRTay6Je0TazbIxY492lZVwDOO8xBTnPMaVl/vn6Hj4er7O2YsxhzRq41
l+dmzs/tFNJLyIrz0VYfXxfMBUkk5+tuNor29cnpL53Hi43uXWxJffnl7KyYdvof/EeH62jWAtWSqX0GPVP/P4X7zCg163qjdliZ/QmVFRF1/cTxw9JkZTbjqzttl3NhT646
fl9a/u5jLW0DS93Roa6cAhfMBUkk5+tuNor29cnpL53Hi43uXWxJffnl7KyYdvof/EeH62jWAtWSqX0GPVP/P4X/xT8y63qjdliZ/QmVFRF1/MPxw9JkZTbjqzttl3NhT646
4AJK9mcyOuPMkR5/tyS/WxfMBUkk5+tuNor29cnpL53Hi43uXWxJffnl7KyYdvof/EeH62jWAtWSqX0GPVP/P4X7zCg163qjdliZ/QmVFRF1+MfxwtJkZTbjqzttl3NhT646
J8LZJSvk2ITOV8kt0X/JYxfMBUkk5+tuNor29cnpL53Hi43uXWxJffnl7KyYdvof/EeH62jWAtWSqX0GPVP/P4X/xT8y63qjdliZ/QmVFRF1+MbxwtJkZTbjqzttl3NhT646
W9dP/dEFT7WGoKlch+JsuuLzo8be2KqMGzDejtfN4kXFxy09O0co5YDLmRZrNQtNKeXM086Mk8ZNofhlR6EYknxXRTay6Je0TazbIxY492lZVwDOO8xBTnPMa1t/v36Hj4er7O2YsxhzRq41
I2+hBWO2Vegb1kbFY3QKXH0pOx2/MjCr6gkJ2W9eGtCMLYKqyuX+wgMo0fKb2Cu05/yOm8dzC6AVvOPk2xKuGQ==
OHnT5dkRJBudnu5xQ24QUmsWx7IXWwJ7z4XtWadIz262IBCa0s1ZBQeqmlwUiTIWArEervsswe6z7Gt4vxj+Z0/nqwyt+DO4M2auFQ==
+2IPwdZSouNF0ELQA0z6t340mtQ+kUwvSGtGfVD3wbxeJVsU2tjIlXrhDf8fva2Y6GyrCiNTZqPBv2t8Wg7wtzr8PvfODG+iebR/2guKuwYWLRMBG45ZVmtCH3CuBw==
TzciscIPG9NGzPDExOOcm9PSxrPDZnjp7ItjtmL4r53BFmsCzQdOQFMuydici5ilZ3heMuaaWmnwl2nEB/nX6/wAGjU84en62b72BgccmtYTeYsdh4UfUy0ll5qmofyzwR+Pv2F1Ra4w
Ax1qhdP3z7vYb/UnreswH9PSxrPDZnjp7ItjtmL4r53BFmsCzQdOQFMuydici5ilZ3heMuaaWmnwl2nEB/nX6/wAGjU84en62b72BgccmtYTeYsdh4UfWiwll5qmofyzwR+Pv2F1Ra4w
Qt/wH8j5iD6qOAjLmuuaEVJx9r6GWrpp0FfJROc5t+scQLq1nKEJ+rl+Voan3PrW8znrnSfFP1pMZXcaBmHcs+Hf7z+BNWWuEA==
nJQFHfF2pLgH9FJWgWLsmH80mtQ+kUwvSGtGfVD3wbxeJVsU2tjIlXrhDf8fva2Y6GyrCiNTZqPBv2t8Wg7wtzr8PvfODG+iebR/2gqLuwYWLRMBG45ZVmtCH3CuBw==
qiXujZ3fJUqhSz/XZitx+9PSxrPDZnjp7ItjtmL4r53CFmsCzQdOQFMuydici5ilZ3heMuaaWmnwl2nEB/nX6/wAGjU84en62b72BgccmtYTeYsdh4UfUywll5qmofyzwR+Pv2F1Ra4w
MgiBfcqKjgJnZE6F76rLJNPSxrPDZnjp7ItjtmL4r53CFmsCzQdOQFMuydici5ilZ3heMuaaWmnwl2nEB/nX6/wAGjU84en62b72BgccmtYTeYsdh4UfWi8ll5qmofyzwR+Pv2F1Ra4w
H5QEqWePVhiItSyrj54Z3VJx9r6GWrpp0FfJROc5t+scQLq1nKEJ+rl+Voan3PrW8znrnSfFP1pPZXcaBmHcs+Hf7z+BNWWuEA==
RRxVk0VTTV0YLOmd3GyYon80mtQ+kUwvSGtGfVD3wbxeJVsU2tjIlXrhDf8fva2Y6GyrCiNTZqPBv2t8Wg7wtzr8PvfODG+iebR/2gqIuwYWLRMBG45ZVmtCH3CuBw==
GIGgR+jsRXox6KEWr8Jmf1LG4MBbJiHUgnJZ44QNORkVEnDK38jzLUq5yYmPLhrArB3CeqoVflKjmBGie6gvpsfMzkung4swtQwjtDtirgk=
9va5IXLEAaJZ66zEL7VCM1Jx9r6GWrpp0FfJROc5t+scQLq1nKEJ+rl+Voan3PrW8znrnSfFP15PZXcaBmHcs+Hf7z+BNWWuEA==
s3spJ2pAeNU4QRPL3BAtwX40mtQ+kUwvSGtGfVD3wbxeJVsU2tjIlXrhDf8fva2Y6GyrCiNTZqPBv2t8Wg7wtzr8PvfODG+iebR/2g6IuwYWLRMBG45ZVmtCH3CuBw==
wV6s9s+vMWLmZn5tdjGxplLG4MBbJiHUgnJZ44QNORkVEnDK38jzLUq5yYmPLhrArB3CeqoVflKjmBGie6gjpsfMzkung4swtQwjtDtirgk=
IN3ipkSQQbLaaiYesn7KolJx9r6GWrpp0FfJROc5t+scQLq1nKEJ+rl+Voan3PrW8znrnSfFP1JJZXcaBmHcs+Hf7z+BNWWuEA==
bp3Lw73sxkIJahtoSBotyX80mtQ+kUwvSGtGfVD3wbxeJVsU2tjIlXrhDf8fva2Y6GyrCiNTZqPBv2t8Wg7wtzr8PvfODG+iebR/2gKOuwYWLRMBG45ZVmtCH3CuBw==
daQAtuSUsQphKq3XaR3JS30pOx2/MjCr6gkJ2W9eGtCNLYKqyuX+wgMo0fKb2Cm05/2Om8dzC6AVvOPk2xKuGQ==
rkprwRvYmm0inyF1KJ1VCmsWx7IXWwJ7z4XtWadIz262IBCa0s1ZBQeqmlwViTIWArEervsswe6z7Gl4vxn+Z0/nqwyt+DO4M2auFQ==
BmshS6kM4Lngi+3grHw3Mn80mtQ+kUwvSGtGfVD3wbxeJVsU2tjIlXrhDf8fva2Y6GyrCiNTZqPBv2t8Wg7xtzr8PvfODG+iebR/2gmKuwcWLRMBG45ZVmtCH3CuBw==
duj4ulgX2KxTB5cTRTj9YtPSxrPDZnjp7ItjtmL4rp3CFmsCzQdOQFMuydici5ilZ3heMuaaWmnwl2nEB/nX6/wAGjU84en62b/2BgccmtYTeYsdh4UfWywllpqmofyzwR+Pv2F1Ra4w
ZP8faOLs2WaHNcANusvC79PSxrPDZnjp7ItjtmL4rp3CFmsCzQdOQFMuydici5ilZ3heMuaaWmnwl2nEB/nX6/wAGjU84en62b/2BgccmtYTeYsdh4UfWiwllpqmofyzwR+Pv2F1Ra4w
pXeDOSBKkRHgQ3RrD0oPx1LG4MBbJiHUgnJZ44QNORkVEnDK38jzLUq5yYmPLhrArR3CeqoVflKjmBGie6gppcfNzkung4swtQwjtDtirgk=
mM0hot7+VgOcol0d/rkJ7VJx9r6GWrpp0FfJROc5t+scQLq1nKEJ+rl/Voan3PrW8znrnSfFP1tOZXYaBmHcs+Hf7z+BNWWuEA==
5dmglPPhWl0NuOHwkhEjNX40mtQ+kUwvSGtGfVD3wbxeJVsU2tjIlXrhDf8fva2Y6GyrCiNTZqPBv2t8Wg7xtzr8PvfODG+iebR/2guJuwcWLRMBG45ZVmtCH3CuBw==
v1WlpeH6hi/XFwzCQC1549PSxrPDZnjp7ItjtmL4rp3DFmsCzQdOQFMuydici5ilZ3heMuaaWmnwl2nEB/nX6/wAGjU84en62b/2BgccmtYTeYsdh4UfXC4llpqmofyzwR+Pv2F1Ra4w
++O5SVg2od65c+Bw+4ZMWNPSxrPDZnjp7ItjtmL4rp3DFmsCzQdOQFMuydici5ilZ3heMuaaWmnwl2nEB/nX6/wAGjU84en62b/2BgccmtYTeYsdh4UfUy4llpqmofyzwR+Pv2F1Ra4w
IOF4TAbiQ79w9y12ubl78VLG4MBbJiHUgnJZ44QNORkVEnDK38jzLUq5yYmPLhrArR3CeqoVflKjmBGie6groMfNzkung4swtQwjtDtirgk=
QEU4bo/huSZ3cuokrjkSsQ8BbYQi7H3d5vlQUoLleS0XoppUBKESPlJ5XmarhGFGI2Tu9S+zXs8fL+vE/dATkCNurh0=
nuOsc2oBQc7HkP1JCSEg9WfE6uZgeKbDQR8rnFrusBe6nP7XzuwvAvnUv/oDr/vllo3TYRuuGbbr4t8Qrmc=
jBwfNmTc713l0MiAHFDUp3ce2/sITBN6gJK/D+lGwGa3LFOR0s1ZBQeqmlwUiTIWArEervsswe6z7Gp4vxT+Z0/nqwyt+DO4M2auFQ==
aXPApOaoP55T1ergQ8Nqrgu51lhuXdG4rzUVQt0cT6+QoPF02GCzJkN/vu9xU/Pw2oJoW4qw5tuuIHeuSVgnls7D4+amoYuteyKBGluuB3yuCw==
fe4yHorfMdRrF26hhEv9kfva7ez69sozQz3a7f9kZ0/RjKXOY8mwioVq0GKvEDNlmoGpYb82Gsi85eJSWk0+mvMg8crLMKksV7lu49dbS3hlNENcC3quAQ==
5Jy4EjqqCmQhE/+eLlIAkIxQxyAK2DlV/vNxSHaN5JTSVU0PUsP7mc9l0qC//0U0O4HjCyhYRuXQSZ16LRaaVtvEzrYngbdtq23LG3mNfyvaGQgTlUdTb00dca4E
VbZAf8I5ATU8JvGWVKXDW2fE6uZgeKbDQR8rnFrusBe6nP7XzuwvAvnUv/oMqvvil43TYRuuGbbr4t8Qrmc=
MY2oE+MXabBfaynGg5M4bBA1zY5wYBLCWlmk796blfRLYVOLuPgWJeApjXo99qoWC2ReNpfhRy37jfsSia0v62q5+JMFpwMvvT1hrhQ=
Se8kke1ptIlRPCKOPq0ya/c1KiAHIioUdZcXCIuozkUIOYV6NebC9lO0ZnZPkb9NUz1zmABdR0vSCSDT/ffbD5Utaa4c
1iBEiaHEvAXQWGZROSTGsWfE6uZgeKbDQR8rnFrusBe6nP7XzuwvAvnUv/oDr/vil43TYRuuGbbr4t8Qrmc=
Hq2mChxUFeCt6eX+E5mOm2fE6uZgeKbDQR8rnFrusBe6nP7XzuwvAvnUv/oOq/vgl43TYRuuGbbr4t8Qrmc=
9Jpr5oDz5mIXyoBwic4ezHce2/sITBN6gJK/D+lGwGa3LFOR0s1ZBQeqmlwUiTIWArEervsswe6z7Gp6vx7/Z0/nqwyt+DO4M2auFQ==
Fia/neJd9X2WWmMm5/wH5wu51lhuXdG4rzUVQt0cT6+QoPF02GCzJkN/vu9xU/Pw2oJoW4qw5tuuIHeuSVgnlszE4+ynoYuteyKBGluuB3yuCw==
fYfK8J1rkmP0Lk/iwEl1gcGjJRQzg437MgUFwOqzIzmn1VogNw/tVOMxm8vwCH4F+FmVeiUGsjbjFJb23zHvjQMdQ5L0PZWLgumwU02XK0+lDXmuDA==
etCBAbgRQxu8W9SznD/YrMGjJRQzg432MgUFwOqzIzmn1VogNw/tVOMxm8vwCH4F+FmVeiUGsjbjFJb23zHvjQMdQ5PxPZSLgumwU02XK0+lDXmuDA==
RLogVSaT8IvLjtDBggL6sfva7ez69sozQz3a7f9kZ0/RjKXOY8mwioVq0GKvEDNlmoGpYb82Gsi85eJSWk0+mvMg8crLMK0tV7Nv49dbS3hlNENcC3quAQ==
mBhT1oouNQ1cuMHH1h2SsSB+YWBU8MWwOnU/zJjRfXYNaIdr0GQ5AAjU28LjG1Zb4ad7dFoG4K8aBA6/DsQfGpks71KLASuZd5XjSVtGaS5LWg94rg8=
2BzlK8tbmIJjRuSH9ScqiCZ42kOS4om7vbaIN08n0I+TgkdrObDVGruF8E7NNgDW17zTATJ9GfUnuppMNHlypuIhnj6bnAGek/xrbZ9vP9cvdyucTUhzSBN2rgU=
21W7mE2wIlCmdWEWGFHppSZ42UOS4om7vbaIN08n0I+TgkdrObDVGruF8E7NNgDW17zTATJ9GfUnuppMNHlypuIhnj6bnAGek/xubZ9vP9cvdyucTUhzSBN2rgU=
Elt7QSPm6gxl7qb/capchmfE6uZgeKbDQR8rnFrusRe6nP7XzuwvAvnUv/oPq/vml43TYRuuGbbr4t8Qrmc=
6aAFKAJzrHGmwJ+OG68r6ScHwKlaTBN6gJK/D+lGwGa3LFOR0s1ZBQeqmlwViTIWArEervsswe6z7Gl6vxj/Z0/nqwyt+DO4M2auFQ==
C2XNzSheTPb7BB4Do7kicAu51lhuXdG4rzUVQt0cT6+QoPF02GCzJkN/vu9xU/Pw2oJpW4qw5tuuIHeuSVgnlsvF4+qnoYuteyKBGluuB3yuCw==
NyYA2PjwXG/osAFbWJMcFyB+YWBU8MWwOnU/zJjRfXYNaIdr0GQ5AAjU28LjG1Zb4ad7dFoG4a8aBA6/DsQfGpks71KOASued5XjSVtGaS5LWg94rg8=
zVpwA/ZhY2dBeNWWpO3BNSZ42UOS4om7vbaIN08n0I+TgkdrObDVGruF8E7NNgDW17zTATJ9GfUnuppMNXlypuIhnj6bnAGek/xjbJ9oP9cvdyucTUhzSBN2rgU=
ZDg/Z5RaUnzfMlmzAPPGUyZ42EOS4om7vbaIN08n0I+TgkdrObDVGruF8E7NNgDW17zTATJ9GfUnuppMNXlypuIhnj6bnAGek/xpbZ9oP9cvdyucTUhzSBN2rgU=
0+dY8qiFA49PZj6IHQFHIfc1KiAHIioUdZcXCIuozkUIOYV6NefC9lO0ZnZPkb9NUz1zmgFdQkvSCSDT/ffbD5Utaa4c
OH68vEBhhyafqP/GLIXnf+vIokL8iCMivKa+E3RMQMiosHdjMAMjkmLcAl2rYOYskvfWXBAlCgyp9SVKSYWQizaHUa1hNY2B7XtbYV8zzDV+I2NLRXdLEXeuAg==
bECGcDmbGV7jBfp6wUkzox+zeuFcYXO7qSFU1IL+N7/9P08j3jWEAqvpQz2fdbfbwRWNe+4xBPPZ78cfmSVtrhg=
5dDy7sh/Hfd5OwttmGCOWs7RUkHLkaU+ij8oliEVVX1vSIfWqQD3PktqszDHWftFO4oxovv21xSuYw==
LFWwEcUO61WZ4xuuTYv91Y9d8kREad3BNHTEIZs7jcWVZVk5Qbs3mQvjeJ2iQ58jkcf/yRuubg==
