19F5ymy+6Rr42LmErX/sPIn/dVdr1sS1MhgD06/GKj+TgQJvZW3Mc8xl3ZnvSDMB/VXpNHZXrXz+FJ6ExTPmjAEPVpv7PpaCiOihSkmXPkWvDXmuDA==
E4T2lmndTnP7avSrwJIsHTV0Z7kkHW1jfE7tABBmSQHSvnNieHgczKSlVXRL/pf2I0Brw71klFqk3tFhaJpYbt25jqgOmnSq4KDmoinO7VflNEEV4iwsQ2Edr4Xs6+02Nxh3SxL5Di/pVdijOI3BOVJgZ3GJTaW0uk9ZjCo8IiTZW5LcFTfaW/fGAlK8QD0qNf9qdZuVta7A
0zAmNO1cKyJtmV7+0S9Yd+fWvAX13GwgvJa2HnEPQ427vG04KgZe3SyPS3HCS8J50+HBVF05Ewmn9DgLQ8SQiDD0S69oNI+T+HtVYlg6xjRvOmdLUH1BEXeuAg==
ZKHeSAYtWXhY3WWo1rwCimLNw/tPWLqwwF92CWuKiv1VyjIoMoTxGFyNhJJo/WO99dc4sYqNDuQhi7p8TUeS27/22rJUkIVqLY8CVaMFfa4I
t699eYsil4vXbENa50zilN/4242Yog+Y1FQMv6lj2N23iAxpRuYQl1yK1XcIqlWQy9wAn277Kgzi1uHfEZQnbK4b
BGhswwJAlKaQFqBd4pg215AnVndW43+fYmhmUrrMWyCS/R/6k3pFUlrSoZzJwlJmeDlDDaFF7kxfkAu1+Hq/8BR8fGcJGwj1t6DcEeY+YL+c4mWvaJKF+Us0UKeOo5rkov4Rh7Fsd0SuMw==
pVmxQCqZKuVsWlRJ4S+7rTfV4vL36NM2V8nVOpp5U2epHx8aHX/Ntemwg0BOVRSlRuRRb28l1JRBTSVcOzqu3ahyWBdPYmB6teI6BHXTVswx70Sb6x7mwnhI0crZN26Ff21Jrjw=
wRLPrh3rfgBy2K5n04euZPaEJ1eNrSoBhh6IHc/VDwesVF1eWt65kPkuSkoYFZvhkQm2gJ9cU/lIlmdcdNDki7mXkHk3LESdVtL4E/xOvUPY3t01i/gI675PQsjC0glrgWBvSK4/
yDcIO3w+fg/anf6H2POg0DHe5PvT78cgcdnVP5ldSWWkHx8aHX/Ntemwg0BOVRSlRuRRb28l1JRBTSVcOzqu3ahyWBdPYmB6teI6BHXTVswx70Sb6x7mwnhI0crZN26Ff21Jrjw=
cSWfBvAZraZcKklH6dXXtxd+YCxRRiViWuLBrAkSMvb4qeNdYbXOPF9gK8W4qh9glOycN0kr6MW3kDwhpm6ALxxyxX8o4qUJS0RwV07zOnQibnFXcVwXdK4D
pGij+PnUj2kzFq30gJQGyQNa5PIeq3ADdE8tZlrmybgZBhoS2M3LiTHhBvgfpOOR6H63BDQINKPZv2BBNxS0tTb6KMu8Fm2reLZtzQuAuAMeJxIQAopZQ2FIH3CuBw==
gsL4/EP8d81NfaDNMDYQUnM1mRjFp93noeDaZE02kZyGhEg/f/eJC6qevwaHPwDEy7LEWmB9AfUsh/dWcHt+oPQd7CSZlQCcgetrYpxtNt0uZjKYTV15QhN2rgU=
tCm+avPpXXytgT1W13EsgjHe5PvT78cgcdnVP5ldSWW/Hx8aHX/Ntemwg0BOVRSlRuRRb28l1JRBTSVcOzqu3ahyWBdPYmB6teI6BHXTVswx70Sb6x7mwnhI0crZN26Ff21Jrjw=
JLhKEktOSwz6AmF5i5VqBiqQgr5PBvfyhwt4H2+KivtkhGg5PImwchiHk4Jk0C21+J48s6qBGOQhi7p8TUeQ27/22rJUkIVqLY8CVaMFfa4I
lOrQen7Lq6xjSwScRcxDJlqx+kifPJNZyHKlMnTwpCs591BZNwyE/dZyuDP8Ln2jWH4dUYoYQU4+LwIowvLJywGAL2iuHw==
E5wLiZ348yNT2aCBH/sWytwQhTciQTjkAUsa/O2HtNrfP78yNFDlak1PYtXDxR2uaA==
nDWc/P3m5GB1LGqlRXF3aTT2+FW7pmre2fVRTaACL1wk9CtvyLQv0x56das9uqb0TzqHC7D94dEXrmI=
fjzQTxyFd/gXzdT6pl8xQoYgOMJxdxrhIlhu8h+NTGCxiXBoGUOqRp0U5kmWqlKcJYHJ9ssarmE=
6iD04SB/ULRQv2ETtOst+THe5PvT78cgcdnVP5ldSWW/Hx8aHX/Ntemwg0BOVRSlRuRRb28l1JRFTytcOzqu3ahyWBdPYmB6teI6BHXTVswx70Ca6xfjwnhI0crZN26Ff21Jrjw=
hlvIiPIjhqXibzSZ7lJtr3M1mRjFp93noeDaZE02kZyGhEg/f/eJC6qevwaHPwDAybzEWmB9AfUsh/dWcHt+oPQd7CSZlQCcge9qYpVoNt0uZjKYTV15QhN2rgU=
pRbX9PIWEXKyy4fOrs8J2wNa5PIeq3ADdE8tZlrmybgZBhoS2M3LiTHhBvgfpOOR6Hq1CjQINKPZv2BBNxS0tTb6KMu8Fm2reLZtyQqAsQYeJxIQAopZQ2FIH3CuBw==
rHXEIwYCEfu9JXzAFnPUIBd+YCxRRiViWuLBrAkSMvb4qeNdYbXOPF9gK8W4rh1ulOycN0kr6MW3kDwhpm6ALxxyxX8o4qUNSkR5Uk7zOnQibnFXcVwXdK4D
WM0ZGSrSP2Rb+if9IlUjhjHe5PvT78cgcdnVP5ldSWWkHx8aHX/Ntemwg0BOVRSlRuRRb28l1JRFTytcOzqu3ahyWBdPYmB6teI6BHXTVswx70Ca6xfjwnhI0crZN26Ff21Jrjw=
8YAAQEANVI/Fn3/dZts6r/aEJ1eNrSoBhh6IHc/VDwesVF1eWt65kPkuSkoYFZvhkQm2gJ9cU/lIkmVSdNDki7mXkHk3LESdVtL4E/xOvUPY3t0xivgB7r5PQsjC0glrgWBvSK4/
Y3Ko4z+j7i21UI7zfXxcYjfV4vL36NM2V8nVOpp5U2epHx8aHX/Ntemwg0BOVRSlRuRRb28l1JRFTytcOzqu3ahyWBdPYmB6teI6BHXTVswx70Ca6xfjwnhI0crZN26Ff21Jrjw=
3DcOCk4G5AawEoUAoxGl0JAnVndW43+fYmhmUrrMWyCS/R/6k3pFUlrSoZzJwlJmeDlDDaFF7kxfkAu1+H69/hR8fGcJGwj1t6DcEeY+YL+c4mWvaJKF/Uo0WaKOo5rkov4Rh7Fsd0SuMw==
cxLl23Dqm3k2rNwsK7VqW+3Gqw31jDM+uon+BXMQWs7wtWUvJQdpky/bDlCkP+wtk6yVAxsnDAn68zVKXpu4hRL0S69oNI+T/npVa106xjRvOmdLUH1BEXeuAg==
XzPWrwdmEK3KatlRIv0PjMi/MAxwmZ2oNBJexavzaz+nzwE7IEyqB+Ixndy7H3Uf4lW0M3sWsCPWGbyExTPmjAEPUJr7N5OCiOihSkmXPkWvDXmuDA==
