BZSMUwRHd682PY2Q8yGUqq6pjDEBnaX+WEYa8a+nJ+MOWDKUUPaPliAh2dCnQmUYKIOUEH2CWpUu8+v2S/ShdgN06OUPg5+//79rV50gU6ADb6MO
+d+UAwHSiQcH5GlOp0cfB6b3BL3F5azmmDqVg7PJ4W0p/f2I5YpBBE7J+jhCH32LIctaJt2+8ws/eh4eK+mSntg9R9IpEAUpeRCXdAdMq61nhOogeSaZ6d/6yqI6OWhYE8WeO9Nc8hgIgv8KCAV5PF6W9aQgxxRcZTbqScYXC9pzYPEKS/Co6dd3b6NXG0s75XRDnIuro8I=
mvgXJxIE7Zb97r61hSnTZwNueDdcKzFgS/7Ou0YaI7X8sO9HIbT5clJ6bOSXkCQ7yaaLYA0u/MnU3iEwojOKCVtox3Yp4LceSEtzUUf5O2U7aXFCe1YXZaMA
dnrCyu24l9nrPO3yyAmtKgSCvpQBYmeWjCoXscJHPgJsVW3J2sTxVRiz3o+JPxqd8gbTfL4Of1KjmBGie6goocfPz0ung4sztQwjtDtzowo=
QEw0YdB9S3zwVNKNoBPS1hHwceNAc3KpuDEXxJ2rN7XGfkhz0iuOF6vpQz2fdbffwBWMe+4xBPPa78cfmSV8oxs=
jh8QNJDdXGkuwepiAHDf47QBAwXLI3ya4PsHpJzildYx30JnmZRJLLMtBLKndkHjIkgjv4n1Y2ZknPeod5fKBuspzt26Trs7E7WtQR4XHvv4w9hxAQCRkyI2wU0fFFKjs81A3Z9xeZcR8DhmUrN9fz9FJNTB50gfUt1KriJH1qDtIVtIlFTUpSlhVHQPuqOj/UZclDWzf8DSusJw1Z6j7s50qRXmm67uW3Ln2YX1AVglfpcp7/KzaiJ7zXN8ocRA1MEoVLPlGHsH+B6QzbK8J8MZYZLXxhms6dO0b6ncJAEumuYa3NcyLDQf8rmG3pjyRwZRKu+GvWNrKVnR7diDrRLja1X4vr8CqUgjcHh4FgCWEoZhVoUvSfDhBisXsazSkREaSQKQscXYdMysrKB2Lj6G+BFsS03QikqmLmIJjV3G1s+BJ4G3battyx58jXgr2hkIE5ZHU29NHWCjBw==
AARR2y/VmsPwbrMXv9QJvvRsLJRoz+YsZuIegxTlcJRK7GiVwRwv+fZa5/cvRprYvnLlxcrGhT+jQggNGygVWxC8O4XZdPJ30mm7cGH8msuNtJsXP012e0Hnp1yaLnHXVBYZTQFc7EQwKCJra4kffWXLSnn2DT1igUxbCA24EbHOYssQa2KgewvpOz7ld4CquSXzAVkRBKjQEsERTqAjYbAlY5PqUvJztyeC7M7iGtKCcAgfJdw+WcLEAphSB/fJO++grZzU6vWNSqRZWExnLI1SIxEgCsrQmRpQl7+hlTKDnsV8xbuAb520CNHywrK6KG9OnNi3pvlSNrSCe/5lSrteYTMHga1RmXBvfU67v7XMxoPyhSB3sKzQerBqqvLBgl1zGdwJMisjWYCCzcnO6XYoTXW03Bhs+Mha3gL+zPG4ExEAZuLSrpah4Q0aDpvhE3mLHYeFH14oJZSbpqH8s8Ifj79hdVSjMw==
gUfdOr/jicF1+lgZfwjYgQqlTrE/eIMq4O5tSfv283yJAyvngDLGrZf7L7ccHmzppKX9Vd8gKLcHJ6k86bLpmLHf6ZU+hHpNjtVeJ8A0tE6vVhxV8NFJuL2nR2Cmjr6vUUPCLfgEWydf+0s0JQc0ISJkC075PNPbDEQ4U6mRSkH0hE8BPOintIIXiidO8NZe81QnMKh1morszA013L+x4B+WaIDDoltLDsNTe77k+ozAjRmkAmgynJ4NS9e6Xo9ASrTmcfmWy4PuQ1u3Z6k5uJhmN9OcsdBpatZvesv/8x4Pbqou7FLwPD0D7xg+90VjvBkS1c3p4HFhVSkHTPtGujA+MvaMlh9e545xfFpwCX+ltL3RxITujBZkwJnKlZQLxMkZb28kVeXP8etmEz9WHHelgcvKqsndSqv8bXLVWoNwV0k1gabs/0SxzjNLPrlrUFApzjvMQU5zzG5df7t/h4+Hq+/tmLMYc1ejNg==
qr3GbaZiHP+9B1SNcThuwgJr+P5bJx8+8ZuvEZIS/N3jivp3snPASRmGUOozo+msT3DKgh+Z1JOjFDy97iFO6dIl5VDRlqoA23mR7Rc1sUQfu7Ln7vCU6Qh2PTeLrnF/IhEGjy+7Q1d49LGcqmwgfbWo3+wVr7OjKToONbL5Sz89IiRm2FfFo6PP3Wru1kyZAfMYPqrONk+NBZQwVM5pv8nflVe+1spzLpVc+on0iUu+E90nIJIO+sWXCWinxjKhx3dHAsMxMuOonWL059WFm7/5sGl+wNcGjYoBxua6gp7gpxbnTA2AQ0lBQ0a9s/sra7gvba56U4/xRYaoAauekZyT7udCxfQdWdvtBMTpsCuOLTesAU20OpkANw7J+Ge2zuMjSScBS417QUF6287HDaNo
wbNVN36/qCn+9cFEEiiTA7ff//kJTgHnvGzy+3A9VlBJwEG7KOoW0EBwTDa3Rxw+r/34SW/CiAI4xaWbe8DJ4UBYG7j5wQkd1Wi9k7bnPKOeWyH/HBwOkmMmZJAJu7YPNQvqsqaY9sMY4YoQG+ctfifqOHVvkSVJnGHO0WUoFNYCUQoNNdp/1FTHXqvA63savWa8IRR2F5adxAJVOtLxEBXT6hmoS+4SNajuhjrKix1/A84+lFOuvOGcV30Ib4kDfejUNyD524/ycN5g0pSl0/7vft/engCC0+ULlXUHx+KheIvwkAgeIC6iHqEulXfpeLHuK//hJHLJAWKJmiAJ5dAEJCwEkH7ORnZg0VRblbACGo4uStkFvZ7G98G/8U8No11jnhR9cAtiqZBTbleLz8XNCKNv
ap9aY+Nz5/I+CQPp5tdge/qW6vyIcUkBVXwqstQdGQ/wFNFj2x0F9twcFVqYrbG3U4rBeKcriX7wAcbgzzTIH62yQp8XWyiE1zILcFvyNMX+JSYHntqW8gc64jT7TZnJx3FZMJ/PWqM+1JzdKEJ1kxsqGYti5W6LP58L49hAOTh6KMgJtdw3qMULOxeJjkYRov0jy33WTOJI842Xg/vVTj6SpO2Bh/B6euo+e60x3JTESgFLiSv9U67ygseOIdReWbBhP75nNWPwNoZOZSNBTLfCWlWHgy+GU5V614ipatA3kW3vP41YLa7k3zKtvklidj7qaqBTfuNcKcj36fXL4m33E19rzMcpft7bO1HxzowRr/Zl3GeGY9JhvCl57+UgFK1YXw5Z3+jRabwOuTR/qll8D0KOF0tNNyUDOdv1yd4Lii95oxw=
3cIvFHdFxkTiraRAKlvowpGTh++VDSi/sMAj8jWL5MeZTjpAn2hSFgF908jXnZ2iZyxLNejNFmG5gGnDCOPK6aABXyQl+9+1rq7wExobltcTeYsdh4UfXigllJumofyzwh+Pv2F1VKMz
WVLHOOd3Ds0ERRjzDLy/apyzTw1KpHa8NZdfPKyFLM6+mdZMJwQ87vO+ipIeRCnpyy1xpKqO52G9GRFlQwDo1E201QNUR4eDlRVfhusk4SbjRO7V79Pfb1/P66c9cJNwY1+jPg==
o3h+zRVXFpKOGifwoamonDHe5PvT8cM9bd3TNrhiRmGEUl4WDWXH+KO1gUJbRB/lHPVaIXV43ZNcSzZJPGnr1LFjUzUiNmRjrvMKd2/RX80z/VOe5B3gy3JJwNPeN3uPdW1Yoz8=
0PrMX9Gp7AF6TQmuSZFKeJq4SQRuo2KqE4dfOa+hNsyzmdZMJwQ87vO+ipIeRCnpyy1xpKqO52G9GRFlQwDo1E201QNUR4eDlRVfhusk4SbjRO7V79Pfb1/P66c9cJNwY1+jPg==
Rq3jo/xovnZSr6FSwLS2ySy9lQathGIWMZ3jiGd9LSL3zJt1uC0GYamguYNYQ1pp0KGvZFXbL7XejgDTartmV4PZW93XpQ9eOEVEW/bBbDNyfz9/URVkowM=
4tSiIznLfTw6ADNlqo5Qr+Ahp0FhtEEthJFmFjWV/5iLRUkCE5S3hYRlwqHt6EUzNJv+CXRZA/TJU6s1WgacQ8bDwrcngbdtq23LHnyNeCvaGQgTlkdTb00dYKMH
LNv7s5Oe5DE3ZcEtzb0XmfrAoBn2jzM/4JazGXkAHcm/smU4IR0iiWTBSwTja+I3iLmCFVUsDx/t9RxKWpuQjzSHUa1hNY2B7X5aYV4zzDV+I2BLRXdLEWajAQ==
h4lIN1nVrZc0RRt3HlYJApq4SQRuo2KqE4dfOa+hNsyomdZMJwQ87vO+ipIeRCnpyy1xpKqO52G9GRFlQwDo1E201QNUR4eDlRVfhusk4SbjRO7V79Pfb1/P66c9cJNwY1+jPg==
Ce0Jq3eNifRqjWfqRpKGe0zf/9EBPCrUy34Zp8ZHPgRdGzfY1MmwP1y5yZ+FElSV/0/Xfp4CaVKjmBGie6guocfPz0ung4sztQwjtDtzowo=
lyOggigxLWBa15X3cmaXU8wbgmMuVRSCG0kT/e+Vp9LVNbM7PlH0c0pPd9/JxQyjaw==
UIcZbER20HXALxi1Py4Bu/ctNglVOD0TPI8UR9ypi1QRI7M1QvbE406zandPkb9NUz1zkgFdT0vSCSDT/vfbD5UteKMf
jDUCIazaeBg+8+PY29FLgfctNglVOD0TPIsWSdypi1QRI7M1QvbE406zandPkb9NUz1zkgFdT0vSCSDT/vfbD5UteKMf
Vl4EliXgx2R5XTXzOQ7X3x+zeuFcYXO7qSFU1IL+N/38O1Ij3jWEAqvpQz2fdbfSxRWDe+4xBPPa78cfmSV8oxs=
7sxyJ5sYblRcGHGe1jxzZfqW6vyIcUkBVXwqstQdGQ/wFNFj2x0F9twcFVqYrbG3U4rBeKcriX7wAcbgzzTIH62yQp8XWyiE1zILcFvyNMX+JSYHntqW8gc64jT7TZnJx3FZMJ/PWqM+1JzdKEJ1kxsqGYti5W6LP58L49hAOTh6KMgJtdw3qMULOxeJjkYRov0jy33WTOJI842Xg/vVTj6SpO2Bh/B6euo+e60x3JTESgFLiSv9U67ygseOIdReWbBhP75nNWPwNoZOZSNBTLfCWlWHgy+GU5V614ipatA3kW3vP41YLa7k3zKtvklidj7qaqBTfuNcKcj36fXL4m33E19rzMcpft7bO1HxzowRr/Zl3GeGY9JhvCl57+UgFK1YXw5Z3+jRabwOuTR/qll8D0KCEktCNyUDOdv1yd4Lii95oxw=
4x2cedcUVxVOn1MKCr32iAqlTrE/eIMq4O5tSfv283yJAyvngDLGrZf7L7ccHmzppKX9Vd8gKLcHJ6k86bLpmLHf6ZU+hHpNjtVeJ8A0tE6vVhxV8NFJuL2nR2Cmjr6vUUPCLfgEWydf+0s0JQc0ISJkC075PNPbDEQ4U6mRSkH0hE8BPOintIIXiidO8NZe81QnMKh1morszA013L+x4B+WaIDDoltLDsNTe77k+ozAjRmkAmgynJ4NS9e6Xo9ASrTmcfmWy4PuQ1u3Z6k5uJhmN9OcsdBpatZvesv/8x4Pbqou7FLwPD0D7xg+90VjvBkS1c3p4HFhVSkHTPtGujA+MvaMlh9e545xfFpwCX+ltL3RxITujBZkwJnKlZQLxMkZb28kVeXP8etmEz9WHHelgcvKqsndSqv8bXLVWoNwV0k1gabs/0SxzjNLPrlrUFApzjvMQU5zzGJYf7R/h4+Hq+/tmLMYc1ejNg==
OpZ7DuKFXgptUvdyOH6fQhZq66/TFsEv1g6ODbsytelaErqigLg+vqMqQYS9yP3H8znrnSfFP1NPZXsbBmHcs+Lf7z+BNXSjEw==
p9SMmF5mE9hnIq6i42+UPiYziATcsfy14eDQY1E31oqTlEAPOuvCCKCgv1OUcUmK3L7RR2B9Duk+jd5WYG5wvPYmjz6bnAGek/xjap9kP9cvdyufTUhzSBNnowY=
bfqQuH0r8MPxe5Fbk6fkqteZf31gS2c+jXImUyzFiBS9r2hTfUSwBlZekalfOHew/5fcXB1rejRXIQYKfuTlXu0sbP30OTvd3pSgoer1rqFupd5+MCbDO2KUzxaLlCHWw1Tjws8sH98/X2s33cDTAENPoy4=
2R/4a/SJpspMIG+bbAw8KDZDkOpaEwtqi4/yDPBTzHSsLGKZms1OGR6d3kZAniMDEqwPrvsswe6z7GN6vxT/Z0/nqw+t+DO4M3ejFg==
brGOuGghbcZurXZv4re93xdq66/TFsEv1g6ODbsytelaErqigLg+vqMqQYS9yP3H8znrnSfFP1hOZXsbBmHcs+Lf7z+BNXSjEw==
MNEZWV62Yb/hg9PvfKlULjZDkOpaEwtqi4/yDPFTzHSsLGKZms1OGR6d3kZAniMDEqwPrvsswe6z7Gh7vxT/Z0/nqw+t+DO4M3ejFg==
c6ASI3JPIjxAjQX0f83Ver8sbI5KS53MzXCB1P2Rn+JQ5Bj+w5qbVPRhQ7boBfiWOH4UWU8Zbi9Y3+LEwqTvvwuDbijMJcqNF/qg3Zfom8uJk1M7GgRD81xPsOj/cY8N490jmNL9NwwiKVBTLtfLzwVNSKMv
41ZblLRHMin6/E5EqPctW6ICD28adnpdb5oJScb6zlIUILI+L7LV9EmgYWdPkb9NUz1zmQNdRkzSCSDT/vfbD5UteKMf
Hhee0dksLto4ZkdxPYUfmHJIo5j2Walj3B7BQKFnm9gUCLqigLg+vqMqQZeyzOfH8znrnSfFP1lPZXIcBmHcs+Lf7z+BNXSjEw==
TyLGZqTXmFCjzNNeAfdJ8+Lzo8be2KrXTirJhc3cz0Xz0gJ/a2MRgs+Py0IwcBB6Z/jdm4q9gsFdpfd4RfVagV8DABqw6Je0TazbIxY492lZVwDOO8xBTnPMb1x/vXiHj4er7+2YsxhzV6M2
a7du23Zjl4nBFMVl/lu13s7RUkHLkaU+ij8oliEVVX1vSIfWqQD3PkJvszTAWftFO4kxovv21wWjYA==
1QewrQAFg4CzWSKVG9XH749d8kREad3BNHTEIZs7jcWVZVk5QbIymQ/keJ2iQ5wjkcf/yQqjbQ==
PnufhnrR0MeO6FiOSQoz7X0pOx2/MjCr6gkJ2W9eGtCMLYKqyuX+wgMo0fKb2C635/qIm8dzC6MVvOPk2wOjGg==
CywJN/ukNvgInueTXU2R9GsWx7IXWwJ7z4XtWadIz262IBCa0s1ZBQeqmlwUiTIWArEervsswe6z7G57vx74Z0/nqw+t+DO4M3ejFg==
aFJqwwOVPLZpTs92ewN8MX80mtQ+kUwvSGtGfVD3wbxeJVsU2tjIlXrhDf8fva2Y6GyrCiNTZqPBv2t8Wg7wtzr8PvfODG+iebR/2g6JuwAQLRMBG41ZVmtCH2GjBA==
FVCuRQFWW6eui4HdAmrCRVJx9r6GWrpp0FfJROc5t+scQLq1nKEJ+rl+Voan3PrW8znrnSfFP1xOZXEcBmHcs+Lf7z+BNXSjEw==
wpFvSaYixABE3zUtqqOUFX40mtQ+kUwvSGtGfVD3wbxeJVsU2tjIlXrhDf8fva2Y6GyrCiNTZqPBv2t8Wg7wtzr8PvfODG+iebR/2gyJuwAQLRMBG41ZVmtCH2GjBA==
GMJYMIrT+J3f2KoDMIe/+VJx9r6GWrpp0FfJROc5t+scQLq1nKEJ+rl+Voan3PrW8znrnSfFP1JOZXEcBmHcs+Lf7z+BNXSjEw==
Bj53c6AzaVYohHO4mBLiCX80mtQ+kUwvSGtGfVD3wbxeJVsU2tjIlXrhDf8fva2Y6GyrCiNTZqPBv2t8Wg7wtzr8PvfODG+iebR/2gKJuwAQLRMBG41ZVmtCH2GjBA==
K3b81aWW4UEcoknPFkUNGtPSxrPDZnjp7ItjtmL4rJ3BFmsCzQdOQFMuydici5ilZ3heMuaaWmnwl2nEB/nX6/wAGjU84en62b72BgccmtYTeYsdh4UfWi8lkJymofyzwh+Pv2F1VKMz
pwl6iy9K62BP80Cfn+sBk9PSxrPDZnjp7ItjtmL4rJ3BFmsCzQdOQFMuydici5ilZ3heMuaaWmnwl2nEB/nX6/wAGjU84en62b72BgccmtYTeYsdh4UfUy8lkJymofyzwh+Pv2F1VKMz
vyR0C4mlyILMI04oXssaP1LG4MBbJiHUgnJZ44QNORkVEnDK38jzLUq5yYmPLhrArB3CeqoVflKjmBGie6gjpsfLyEung4sztQwjtDtzowo=
L7nqD+C/s4dZOcYvq93L1VJx9r6GWrpp0FfJROc5t+scQLq1nKEJ+rl+Voan3PrW8znrnSfFP1lOZXAcBmHcs+Lf7z+BNXSjEw==
D0RnJt5MR+8PfNMigxvUWn40mtQ+kUwvSGtGfVD3wbxeJVsU2tjIlXrhDf8fva2Y6GyrCiNTZqPBv2t8Wg7wtzr8PvfODG+iebR/2gmJuwEQLRMBG41ZVmtCH2GjBA==
nJbvqcKkNljk7/+2OF+BY0rq3UVjSsL9qXwWBMFZGPOZu/F02GCzJkN/vu9xU/Pw2oJoW4qw5tuuIHeuSVgnlsrC4+2goYuteyGBGluuB22jCA==
O8p6qVQQCRz+L5gNf/7OAXregbgEG/Dlj0gmEi7KwuloxyEkP4n/K1SQgpV00RH6oY4+pp+MMpY7ibN9T1WH2LH12LxekZRzKo8XX6kFbKML
VmZJplsOaHxMxMQ87VELo0rq3UVjSsL9qXwWBMFZGPOZu/F02GCzJkN/vu9xU/Pw2oJoW4qw5tuuIHeuSVgnls/G4+qgoYuteyGBGluuB22jCA==
1agMEf80O0Jy0O222ZiqW3regbgEG/Dlj0gmEi7KwuloxyEkP4n/K1SQgpV00RH6oY4+pp+MMpY7ibN9T1WH3LX137xekZRzKo8XX6kFbKML
SyNNyC/IEkC/aXaGCrCxDlJx9r6GWrpp0FfJROc5t+scQLq1nKEJ+rl+Voan3PrW8znrnSfFP1lIZXccBmHcs+Lf7z+BNXSjEw==
wPp7OLSU4BRT5WDxljtlx340mtQ+kUwvSGtGfVD3wbxeJVsU2tjIlXrhDf8fva2Y6GyrCiNTZqPBv2t8Wg7wtzr8PvfODG+iebR/2gmPuwYQLRMBG41ZVmtCH2GjBA==
imgRO/LFfV1fRv/xZqYSM9PSxrPDZnjp7ItjtmL4rJ3CFmsCzQdOQFMuydici5ilZ3heMuaaWmnwl2nEB/nX6/wAGjU84en62b72BgccmtYTeYsdh4UfWS0llpymofyzwh+Pv2F1VKMz
WBM9W6jiCGsO8V/v7ucpj9PSxrPDZnjp7ItjtmL4rJ3CFmsCzQdOQFMuydici5ilZ3heMuaaWmnwl2nEB/nX6/wAGjU84en62b72BgccmtYTeYsdh4UfXi0llpymofyzwh+Pv2F1VKMz
8RoSseCLjRAIY9hVB7FB71LG4MBbJiHUgnJZ44QNORkVEnDK38jzLUq5yYmPLhrArB3CeqoVflKjmBGie6gjpMfNyEung4sztQwjtDtzowo=
Y7IJwnjmhm8kmBygVqT/KH0pOx2/MjCr6gkJ2W9eGtCNLYKqyuX+wgMo0fKb2C+05/+Im8dzC6MVvOPk2wOjGg==
J/YViNgncMMLEmJLow9RTGsWx7IXWwJ7z4XtWadIz262IBCa0s1ZBQeqmlwViTIWArEervsswe6z7G94vxv4Z0/nqw+t+DO4M3ejFg==
78vxyMZp0dGU2Q1xKVmSIX80mtQ+kUwvSGtGfVD3wbxeJVsU2tjIlXrhDf8fva2Y6GyrCiNTZqPBv2t8Wg7xtzr8PvfODG+iebR/2g+KuwUQLRMBG41ZVmtCH2GjBA==
ikwBzLIhSEyMmI5cE8KMFNPSxrPDZnjp7ItjtmL4rJ3DFmsCzQdOQFMuydici5ilZ3heMuaaWmnwl2nEB/nX6/wAGjU84en62b/2BgccmtYTeYsdh4UfXiwllJymofyzwh+Pv2F1VKMz
1grpZ94vZ9IvlK02KVT7oNPSxrPDZnjp7ItjtmL4rJ3DFmsCzQdOQFMuydici5ilZ3heMuaaWmnwl2nEB/nX6/wAGjU84en62b/2BgccmtYTeYsdh4UfWy8llJymofyzwh+Pv2F1VKMz
vphUN3ea+6nMZdY7YW3nzNPSxrPDZnjp7ItjtmL4r53CFmsCzQdOQFMuydici5ilZ3heMuaaWmnwl2nEB/nX6/wAGjU84en62b/2BgccmtYTeYsdh4UfUy8llJymofyzwh+Pv2F1VKMz
DXq2b6BbYq1qj9ynS7iVJtPSxrPDZnjp7ItjtmL4r53CFmsCzQdOQFMuydici5ilZ3heMuaaWmnwl2nEB/nX6/wAGjU84en62b/2BgccmtYTeYsdh4UfUi8llJymofyzwh+Pv2F1VKMz
S7YrJL4x83IfZjXpjo6Ud1LG4MBbJiHUgnJZ44QNORkVEnDK38jzLUq5yYmPLhrArR3CeqoVflKjmBGie6gop8fPyEung4sztQwjtDtzowo=
aYLJHkwnDpU+0SoDNI84hFJx9r6GWrpp0FfJROc5t+scQLq1nKEJ+rl/Voan3PrW8znrnSfFP1JJZXQcBmHcs+Lf7z+BNXSjEw==
/rukgiY6f+8tNIroFHz5+380mtQ+kUwvSGtGfVD3wbxeJVsU2tjIlXrhDf8fva2Y6GyrCiNTZqPBv2t8Wg7xtzr8PvfODG+iebR/2gKOuwUQLRMBG41ZVmtCH2GjBA==
x1qVK+BV7oZR8n1wkpm3i1Jx9r6GWrpp0FfJROc5t+scQLq1nKEJ+rl/Voan3PrW8znrnSfFP1pIZXQcBmHcs+Lf7z+BNXSjEw==
Vurr3jbsqUrkLrVE59/xIH40mtQ+kUwvSGtGfVD3wbxeJVsU2tjIlXrhDf8fva2Y6GyrCiNTZqPBv2t8Wg7xtzr8PvfODG+iebR/2gqPuwUQLRMBG41ZVmtCH2GjBA==
EcMY1ttA52JsYBgJe3WGKlJx9r6GWrpp0FfJROc5t+scQLq1nKEJ+rl/Voan3PrW8znrnSfFP1lIZXQcBmHcs+Lf7z+BNXSjEw==
dfk5t1tZ/g2fOBsz2TroZn80mtQ+kUwvSGtGfVD3wbxeJVsU2tjIlXrhDf8fva2Y6GyrCiNTZqPBv2t8Wg7xtzr8PvfODG+iebR/2gmPuwUQLRMBG41ZVmtCH2GjBA==
xehtwTJp1NdxFCsqMxIsPHregbgEG/Dlj0gmEi7KwuloxyEkP4n/K1SQgpV00RH6oY8+pp+MMpY7ibN9T1WH3bD13LxekZRzKo8XX6kFbKML
WLYLkObbYrSjjLSSRsmNWBs214V2NQrYWhL+qZSflfRLYVOLuPgWJeApjXo996oWC2ReNpfhRy37jfsTjK0o7Gq5+JMGpwMvvT1woxc=
4Dy354RIQ5g4Y4GzC2y/0FJx9r6GWrpp0FfJROc5t+scQLq1nKEJ+rl/Voan3PrW8znrnSfFP1pNZXscBmHcs+Lf7z+BNXSjEw==
WEWiq2+5+rXod1jW/WBFtX40mtQ+kUwvSGtGfVD3wbxeJVsU2tjIlXrhDf8fva2Y6GyrCiNTZqPBv2t8Wg7xtzr8PvfODG+iebR/2gqKuwoQLRMBG41ZVmtCH2GjBA==
IY+4Xx3rQmt4kD4Wy6yELVJx9r6GWrpp0FfJROc5t+scQLq1nKEJ+rl/Voan3PrW8znrnSfFP11NZXscBmHcs+Lf7z+BNXSjEw==
ytT9lzr528iOkGS8xv4wG340mtQ+kUwvSGtGfVD3wbxeJVsU2tjIlXrhDf8fva2Y6GyrCiNTZqPBv2t8Wg7xtzr8PvfODG+iebR/2g2KuwoQLRMBG41ZVmtCH2GjBA==
AZoT+GT2InrZYvMwQ48HhtPSxrPDZnjp7ItjtmL4r53CFmsCzQdOQFMuydici5ilZ3heMuaaWmnwl2nEB/nX6/wAGjU84en62b/2BgccmtYTeYsdh4UfXiwlm5ymofyzwh+Pv2F1VKMz
2u+vcy0zjTWoiCLAf9DjBdPSxrPDZnjp7ItjtmL4r53CFmsCzQdOQFMuydici5ilZ3heMuaaWmnwl2nEB/nX6/wAGjU84en62b/2BgccmtYTeYsdh4UfWi8lm5ymofyzwh+Pv2F1VKMz
zKCVjCNHDzR3DYt18S3SYVLG4MBbJiHUgnJZ44QNORkVEnDK38jzLUq5yYmPLhrArR3CeqoVflKjmBGie6gppsfAyEung4sztQwjtDtzowo=
RrExGoZTRN6YbC2GtD30hFJx9r6GWrpp0FfJROc5t+scQLq1nKEJ+rl+Voan3PrW8znrnSfFP11NZXIdBmHcs+Lf7z+BNXSjEw==
6uxvM1FxDF0Gkr3twAcdrku062ufJd1QyGS7MmOr9ish91tkWhbA/9p0rg+ONH+qWXwPQogTS0sxJQM52/XJ3guKL3mjHA==
l0VmkZa9uEftOB2PwFCfwStD1+03p3psTXMdW3bA5MFATG6HkXvD6NqaWHNq2Dbj7tgnBukw1w5DXJMHAQlb1bsZ0fI7hjd1oxA=
MpXzFLWsb0mi1sN3T+1RPihD1O03p3psTXMdW3bA5MFATG6HkXvD6NqaWHNq2Dbj7tgnBukw1w5PWpMHAQlb1bsZ0fI7hjd1oxA=
9ENmsez4TwmCvCzZ67us+itD1O03p3psTXMdW3bA5MFATG6HkXvD6NqaWHNq2Dbj7tgnBukw1w5PXZMEAQlb1bsZ0fI7hjd1oxA=
Hg/pEaofAN/tBTfnNBnOLVJx9r6GWrpp0FfJROc5t+scQLq1nKEJ+rl/Voan3PrW8znrnSfFP1NIZXEdBmHcs+Lf7z+BNXSjEw==
z7Sn6npKrjP4FRg46SVxHUu062ufJd1QyGS7MmOr9ish91tkWhbB/9p0rg+ONH+qWXwPQosSS0kxJQM52/XJ3guKL3mjHA==
VTI00pgQb2Jflylw7qzF/StD1+03p3psTXMdW3bA5MFATG6HkXvD6NqaWXNq2Dbj7tgnBukw1w5KX5MFAQlb1bsZ0fI7hjd1oxA=
zcswinHHHokewMjO8FjROCtD1+03p3psTXMdW3bA5MFATG6HkXvD6NqaWXNq2Dbj7tgnBukw1w5PXpMCAQlb1bsZ0fI7hjd1oxA=
PpavJM001QIT2X5CJzWMIihD1+03p3psTXMdW3bA5MFATG6HkXvD6NqaWXNq2Dbj7tgnBukw1w5CX5MAAQlb1bsZ0fI7hjd1oxA=
FeuuRkOeqMkxueydEe+xjShD1O03p3psTXMdW3bA5MFATG6HkXvD6NqaWXNq2Dbj7tgnBukw1w5LX5MBAQlb1bsZ0fI7hjd1oxA=
pizSPVBzYr1oPYpgzf7vX3XD/eBgeKbDQR8rnFrusRe6nP7XzuwvAvnUv/oOrvvqkY3TYRutGbbr4t8Bo2Q=
6if86qQ3p7YF8oWg/QsQMnXD/eBgZabDQR8rnFrusRe6nP7XzuwvAvnUv/oCrvvqkY3TYRutGbbr4t8Bo2Q=
03ydBWwkCb/nUajtQCVeNReWkDdynZlV59qaLPXZ8kaiAZ4eW/yBPtMcYo3fxLm371crvw2o8+jTB6Nm
1wA0GBthTpy6Z//jQa43xWfE6uZgeKbDQR8rnFrusRe6nP7XzuwvAvnUv/oPqvvrkY3TYRutGbbr4t8Bo2Q=
H1oL3zMPJow9fGz5BeLWlR9DfIuUz/SPZ/xJZVmb0hx0DdJ9Rzr3oxi+aYA0ph1lxaUJGVGyInlUJSh9MsPsw+EHjyl6ox0=
e85Fnev+wV3In11bAID27TdYmbwTTkd7gYm/D+lGwGa3LFOR0s1ZBQeqmlwViTIWArEervsswe6z7GJ6vxX5Z0/nqw+t+DO4M3ejFg==
Vd8wVl6DDLYf71Qc4vR00/c1KiAHIioUdZcXCIuozkUIOYV6NefC9lO0ZnZPkb9NUz1znwRdTk3SCSDT/vfbD5UteKMf
X6aCr5dzOkUqH8jlPTilWt/5HARGtifpSNseZ/TZbZ/RgowddE1v7qbx0cVbD3X+jmh68OWG+yi5AlAyQkX5zVeCmnRFQZKekhlehusk4SbjROnS79fcb17P66c9cJNwY1+jPg==
CX6xSg/u+hbEiyGvbqaeEWfE6uZgeKbDQR8rnFrusRe6nP7XzuwvAvnUv/oNqPvhlI3SYRutGbbr4t8Bo2Q=
2GJMlMq+dsZ69TyAFWJ76ktlIS/AiWucgUmJ88Je/17BFnf+6YyonNDB1rvuEVo8bjQAmdvBXK14j1h306xdTSU7TnRA/cYlq7qbewzOXWioBuFN0XW9Yf14S0GqcLyUjqPw65W3G3FWozE=
fqJyX0eITQcg50dwDIX+/vc1KiAHIioUdZcXCIuozkUIOYV6NefC9lO0ZnZPkb9NUz1znANdQ0jSCCDT/vfbD5UteKMf
QYcthsd9Y+ll++lRumsv4itD1+03p3psTXMdW3bA5MFATG6HkXvD6NqaWXNq2Dbj7tgnBukw1w5LXZMABAla1bsZ0fI7hjd1oxA=
Zs4hW7/iN4ku7szn7R3IOCtD1+03p3psTXMdW3bA5MFATG6HkXvD6NqaWXNq2Dbj7tgnBukw1w5IX5MBBAla1bsZ0fI7hjd1oxA=
PLbGf/dvVHNvhYCAafV6jevIokKoozEjp42lBWJMQMiosHdjMAMjkmLcAl2rYOYskvfWXBAlCgyp9SVKSYWQizaHUa1hNY2B7XNcYVgxzDR+I2BLRXdLEWajAQ==
acRM6CczP4qQ1JBucSvLrh+zeuFcYXO7qSFU1IL+N7/9P08j3jWEAqvpQz2fdbfSxhWKee4wBPPa78cfmSV8oxs=
T6pnEOx3i8okIpcgpy8dec7RUkHLkaU+ij8oliEVVX1vSIfWqQD3PkJtszfFWfpFO4kxovv21wWjYA==
atG2H6QEs1ODm1XWxI7wr49d8kREad3BNHTEIZs7jcWVZVk5QbIwmQzheJyiQ5wjkcf/yQqjbQ==
ywedYdVyi4PHDU8cscGOUOvIokKoozEjp42lBWJMQMiosHdjMAMjkmLcAl2rYOYskvfWXBAlCgyp9SVKSYWQizaHUa1hNY2B7XpaYVgxzDR+I2BLRXdLEWajAQ==
9N7VLMhSO/xHZnA2T0cVH87RUkHLkaU+ij8oliEVVX1vSIfWqQD3PkprszfFWfpFO4kxovv21wWjYA==
lzu5U0PX/cKClQUE4cukF49d8kREad3BNHTEIZs7jcWVZVk5Qbo2mQzheJyiQ5wjkcf/yQqjbQ==
RHrYrKMd9CK8yG2nrHAfdx+zeuFcYXO7qSFU1IL+N7/9P08j3jWEAqvpQz2fdbfawBWKee4wBPPa78cfmSV8oxs=
hFYVLsEYoziI76+4M/Vz/swbgmMuVRSCG0kT/e+Vp9rQNbo5PlD0c0pPd9/JxQyjaw==
B/LMSeHya0EqqBU7MXit6/ctNglVOD0TPI8UR9ypi1QRI7M1QvbE406zandPkb9NUz1zmgRdRknSCCDT/vfbD5UteKMf
J0a1n22SyU0nOWXX6diRIvctNglVOD0TPIsWSdypi1QRI7M1QvbE406zandPkb9NUz1zmgRdRknSCCDT/vfbD5UteKMf
2zmC+rCSPII7tdLkvhAsfR+zeuFcYXO7qSFU1IL+N/38O1Ij3jWEAqvpQz2fdbfawBWKee4wBPPa78cfmSV8oxs=
jI61cr2O2ZCyB6oNkUvK/vqW6vyIcUkBVXwqstQdGQ/wFNFj2x0F9twcFVqYrbG3U4rBeKcriX7wAcbgzzTIH62yQp8XWyiE1zILcFvyNMX+JSYHntqW8gc64jT7TZnJx3FZMJ/PWqM+1JzdKEJ1kxsqGYti5W6LP58L49hAOTh6KMgJtdw3qMULOxeJjkYRov0jy33WTOJI842Xg/vVTj6SpO2Bh/B6euo+e60x3JTESgFLiSv9U67ygseOIdReWbBhP75nNWPwNoZOZSNBTLfCWlWHgy+GU5V614ipatA3kW3vP41YLa7k3zKtvklidj7qaqBTfuNcKcj36fXL4m33E19rzMcpft7bO1HxzowRr/Zl3GeGY9JhvCl57+UgFK1YXw5Z3+jRabwOuTR/qll8D0KKF0tLNSUCOdv1yd4Lii95oxw=
rj5PsW5p5iIwS3s4h9GC3wqlTrE/eIMq4O5tSfv283yJAyvngDLGrZf7L7ccHmzppKX9Vd8gKLcHJ6k86bLpmLHf6ZU+hHpNjtVeJ8A0tE6vVhxV8NFJuL2nR2Cmjr6vUUPCLfgEWydf+0s0JQc0ISJkC075PNPbDEQ4U6mRSkH0hE8BPOintIIXiidO8NZe81QnMKh1morszA013L+x4B+WaIDDoltLDsNTe77k+ozAjRmkAmgynJ4NS9e6Xo9ASrTmcfmWy4PuQ1u3Z6k5uJhmN9OcsdBpatZvesv/8x4Pbqou7FLwPD0D7xg+90VjvBkS1c3p4HFhVSkHTPtGujA+MvaMlh9e545xfFpwCX+ltL3RxITujBZkwJnKlZQLxMkZb28kVeXP8etmEz9WHHelgcvKqsndSqv8bXLVWoNwV0k1gabs/0SxzjNLPrlrUFApzjvMQU5zzGpdf719h46Hq+/tmLMYc1ejNg==
J4F/8zuyLG0cQBQ5CEMIgRZw7a/PDsAv1g6ODbsytelaErqigLg+vqMqQYS9yP3H8znrnSfFP1JOZXAZBmDcs+Lf7z+BNXSjEw==
5OB82ECtNceMd0aiJwV6OSYziATcsfy14eDQY1E31oqTlEAPOuvCCKCgv1OUcUmK3L7RR2B9Duk+jd5WYG5wvPYmjz6bnAGek/xia59vPdcudyufTUhzSBNnowY=
Ina0nfJ7NL3dFCf6ph1UHNeZf31gS2c+jXImUyzFiBS9r2hTfUSwBlZekalfOHew/5fcXB1rejRXIQYKfuTlXu0sbP30OTvd3pSgoer1rqFupd5+MCbDO2KUzxaLlCHWw1Tiw88nHd8+X2s33cDTAENPoy4=
ApFLihCXfMjwY0VFWpWPZQ6qxvlMWaK43EhsF2uNhOIh2i4uLY7nG1zYgoJoyCa+u9opt4qcL4c7ibN9T1WH0rb12LlekJRzKo8XX6kFbKML
L4h+CzsGRpdgeYXpjEBUrBdw7a/PDsAv1g6ODbsytelaErqigLg+vqMqQYS9yP3H8znrnSfFP11JZXAZBmDcs+Lf7z+BNXSjEw==
0EU5CBhw8iV11pw8B2hTQg6qxvlMWaK43EhsF2uNhOIh2y4uLY7nG1zYgoJoyCa+u9opt4qcL4c7ibN9T1WH3bH12LlekJRzKo8XX6kFbKML
cj8R9U5wQHj5Odz2s98k7KICD28adnpdb5oJScb6zlIUILI+L7LV9EmgYWdPkb9NUz1znARdREnSCCDT/vfbD5UteKMf
gc3a6udzaqFyrnHMguz3HnJIo5j2Walj3B7BQKFnm9gUCLqigLg+vqMqQZeyzOfH8znrnSfFP1xIZXAZBmDcs+Lf7z+BNXSjEw==
56RC+/VRi+ahg4/TBucJzaMCD28adnpdb5oJScb6zlIUILI+L7LV9EmgYWdPkb9NUz1zmwFdQ0nSCCDT/vfbD5UteKMf
wikYZ1guAI5pccj/e5gTv3JIo5j2Walj3B7BQKFmm9gUCLqigLg+vqMqQZeyzOfH8znrnSfFP1tNZXcZBmDcs+Lf7z+BNXSjEw==
hObqmJWLdlbfXcC53FXcKaACD28adnpdb5oJScb6zlIUILI+L7LV9EmgYWdPkb9NUz1zkwFdQ0nSCCDT/vfbD5UteKMf
pk8j9rM6t6gtv415YCiXn3JIo5j2Walj3B7BQKFlm9gUCLqigLg+vqMqQZeyzOfH8znrnSfFP1NNZXcZBmDcs+Lf7z+BNXSjEw==
u8DBHlzl3hp27g/JvyQaQ6ECD28adnpdb5oJScb6zlIUILI+L7LV9EmgYWdPkb9NUz1zmgBdQ0nSCCDT/vfbD5UteKMf
kMqdkal5KWJxgP6eUMNPdHJIo5j2Walj3B7BQKFkm9gUCLqigLg+vqMqQZeyzOfH8znrnSfFP1pMZXcZBmDcs+Lf7z+BNXSjEw==
oDos1E1IhwwcFBwAzo8VZNPMwr7RZHzz7tEz7SK99ce1TCBVuglMEQF609yq2ZO1JmhaPqjLFmft/3reANGYupciX3st68+7hvznQxgHnMgTeYsdh4UfWS4ll5mmoPyzwh+Pv2F1VKMz
SB9UQBV1p7+gh6K2eGi98NPMwr7RZH2ou8sk5jis2MeDWRUUzGosWQ16mpnWyYikaCpLM7L8B3z4/C6dCfTM4aMhX3st68+7hvznQxgHnMgTeYsdh4UfWygll5mmoPyzwh+Pv2F1VKMz
yPAG4ej3l2e5QcTrp2iX+k87Lhj+hsTfxepiChnZkP3lL2X1jSMXvJbY49Kp2Yv27ABwJV4UPmYN60TQIRze0NiFD/ja0bXNeSNbpwl7QLCRG77rCniF9Q2FcSm5PouJYEHg7KqDFPOppxd5UqM1
CyDFOt+N2A8FCLuTENnlvdPMwr7RZH2ou8sk5jis2MeDWRUUzWosWQ16mpnWyYikaCpLM7L8B3z4/C6cCfTM4aMhX3st68+7hvznQxgHnMgTeYsdh4UfWS8llpmmoPyzwh+Pv2F1VKMz
z63Lmv7xhTs/rqAWbzCuHNPMwr7RZH2ou8sk5jis2MeDWRUUz2osWQ16mpjWyYikaCpLM7L8B3z4/C6cCfTM4aMhX3st68+7hvznQxgHnMgTeYsdh4UfWikllpmmoPyzwh+Pv2F1VKMz
6qjf9i1t5UiVAmeeGd9hR30pOx2/MjCr8A8JxXdfGtCMN4Sq1v3/wgMo0fKb2Cq35/+Nm8ZzC6MVvOPk2wOjGg==
HLeeAb/4m1BAIajBMbmvfmsWx7IXWwJ7z4XtWadIz262IBCayMtZGR+rmlwUkzQWHqkfrvsswe6z7Gp7vxv9Z07nqw+t+DO4M3ejFg==
1KD7y/wsielLe92+/U/ZVq6M4hj8kiQopo2VHmMCdY27smUqNhZ4k2iPSBfjbO0tlbveDhY9Ch3aumtaRoiNlCCHUa1hNY2B7XpcYV4xzDR+I2BLRXdLEWajAQ==
lrDKpbgfL/+U8Q9ty6o6sVJx9r6GWrpp0FfJROc5t+scWry1gLkI+rl+TICnwOLX8znrnSfFP15JZXIaBmDcs+Lf7z+BNXSjEw==
c2HZGYaB0m254ofADLo/20u062ufJd1QyGS7MmOr7C0h60NlWhbA5dx0shePNH+qWXwPQo4XS0s2JQI52/XJ3guKL3mjHA==
2NM6nq1i96OO0ZjC1LGGaEYGYZefz7nHbOMPY0XY2QZyDc5lRjr3ogK4aZwspx1lxaUJGVG5I3lfIih8MsPsw+EHjyl6ox0=
Nna5e3iFhcGjwK4592w5an8sPxK+NDC28A8JxXdfGtCMN4Sq1v3/wgMo0fKb2Cq15/yOm8ZzC6MVvOPk2wOjGg==
YLWJrfT5uxeCyV2wKsFpwmNV+Rpb2v/LobqQsg+As/UgV+mthyca2JwvpILmxb8KU/CxGusgrD13ZC4zdsvL68XkA4wre6MS
KTYJJ/Llz+kVuQwieSM9ULSR+B8VIoXdiHAwipzwjWPoQ5Wji4xVXU17pt7OXSIN0rpjSm5o1cTYxwld2VVlMWX+1RH1krSEpmNYmx1XowFuowk=
vVOSWhV82xacPfrfm6EFxCV6u6RUKGCX/Ixt51P4SaiovAt6o+McdQHTU21aHtDd/CxCX098z3I5hJ/KDpnbNtZ9svGbPbkGK7I/caMU
knygnSlr6xvy4kwpwR1jnmfE6uZgeLzFQQMznVrusA28nOLPz+wvAvnUv/oMqfvnlo3SYRutGbbr4t8Bo2Q=
ZI3eIPceR6oBVQtMq+PF+WBV+Rpb2v/LobqQsg+As/UgV+mthyca2JwvpILmxb8KU/CxGusgqzh3ZS4zdsvL68XkA4wre6MS
ggwg9UGb0OF7ZJsLr8vsPCV6u6RUKGCX/Ixt51P4SaiovAt6o+McdQHTU21aHtDd/CxCX098z3I5hJ/KDJ7bN9Z9svGbPbkGK7I/caMU
AZ8fjhyvUOlxh0P4K/7oKFo47Mk0EPXzUMNtMzMsPY0FO26u5n06/cq6ezp2SP00kAfBDTH13aEdcmqBDPIcVO6jEKv1N7sxdqMR
CoNtODBRGForbm8e/f4EhWFV+Rpb2v/LobqQsg+As/UgV+mthyca2JwvpILmxb8KU/CxGusgqDx3Zi4zdsvL68XkA4wre6MS
g2dTJonmgDMCJLbBnhWjuezz12pb3vzxF0oE4qTRJL4xGXPCXd6gvgd0k8n4EzkBL7OaRCSLVM4u8d/2S/ShdgN07OAPgp6//r9rV50gU6ADb6MO
NDlZeTNqOyz49HHuyBTBq1o47Mk0EPXzUMNtMzMsPY0FO26u5n06/cq6ezp2SP00kAfBDTH13aEdcm+BD/IcVO6jEKv1N7sxdqMR
7S9VCWUIJITnhmDvJD3Q8fszPW8bYzYLdY8NCIuyyEUUIYR6NebY8FOofndPkb9NUz1znQBdQUrSCCDT/vfbD5UteKMf
OTBullUlFQz/oApBVMCRkWfE6uZgeLzFQQMznVrusA28nOLPz+wvAvnUv/oDq/vklo3SYRutGbbr4t8Bo2Q=
yo2uEAZUWAjlGZHzb3h1DBwz2sFsIQ7dWkG+796blfRLYVOLuOIQJfwxjHo99rAQC3hGN5fhRy37jfsfi60p6mq4+JMGpwMvvT1woxc=
TOzS9IA0qD+JS4ZRn+yiHhwz2sFsIQ7dWlmk796blfRLYVOLuOIQJfwxjHo99rAQC3hGN5fhRy37jfseiq0p6mq4+JMGpwMvvT1woxc=
2OlexdjrsecoF2l1lpnbT/szPW8bYzYLdZcXCIuyyEUUIYR6NebY8FOofndPkb9NUz1zmAVdQUrSCCDT/vfbD5UteKMf
RkYczzzGFBSeuow62AwHWWfE6uZgeLzFQQMznVrusA28nOLPz+wvAvnUv/oJqvvllo3SYRutGbbr4t8Bo2Q=
6RlytkAwdgaUH++b68f3IB9+pM1yE6jzWI84NzMsPY0FO26u5n06/cq6ezp2SP00kAfBDTH13aEdfm2BDvIcVO6jEKv1N7sxdqMR
RsfR5Sx2iazXGy/JBSHCV55Ah3JIli8Xo6QrGjfG4onKUUACBomlmIoyjqmk/0U0O4HjCyhCQOXMUZx6LRaAUNvY1rcngbdtq23LGX2NeCraGAgTlkdTb00dYKMH
YnqknHUQP1fAk4pksXDP61Jx9r6GWrpp0FfJROc5t+scWry1gLkI+rl+TICnwOLX8znrnSfFP1xJZXQaBmDcs+Lf7z+BNXSjEw==
RVJT++O3TIHqtf8rT5PDKRx+pM1yE6jzWI84NzMsPY0FO26u5n06/cq6ezp2SP00kAfBDTH13aEdeGqBDvIcVO6jEKv1N7sxdqMR
ZYJ6Pgs+GMmr1/9AiPzPOp9Ah3JIli8Xo6QrGjfG4onKUUACBomlmIoyjqmk/0U0O4HjCyhCQOXMUZx6LRaAUNvY1rcngbdtq23LEnyNeCraGAgTlkdTb00dYKMH
aZkSaJYlL6Fr0bWHDFw8lFJx9r6GWrpp0FfJROc5t+scWry1gLkI+rl+TICnwOLX8znrnSfFP1pNZXsaBmDcs+Lf7z+BNXSjEw==
pVtdiIEqm1cZAu10WoHl6vszPW8bYzYLdZcXCIuyyEUUIYR6NebY8FOofndPkb9NUz1znQFdT0rSCCDT/vfbD5UteKMf
0HHCsylkzxZjDF/oWlG5VfbD+K+m3NdyQD+A/7p9aBzd0aeEeN+skcsi3GmuF39t0oGxfbZEVYas8OlPWUM/mvMg8crLMK8sV7lu49ZbS3tlNENcC2ujAg==
UfcXy0/1hrNvTKzz7GVlvh+zeuFcYXO7qSFU1IL+N7/9P08j3jWEAqvpQz2fdbffxRWCeu4wBPPa78cfmSV8oxs=
PpgIiFLQrtMgOHb/kzZXdM7RUkHLkaU+ij8oliEVVX1vSIfWqQD3Pk9usz/GWfpFO4kxovv21wWjYA==
q/wc1sh8BsvKZz9vBZvqk49d8kREad3BNHTEIZs7jcWVZVk5Qb8zmQTieJyiQ5wjkcf/yQqjbQ==
P5P8s4fC/M4jnIodWYua7X0pOx2/MjCr8A8JxXdfGtCMN4Sq1v3/wgMo0fKb2Ci35/qJm8ZzC6MVvOPk2wOjGg==
PMeTliQzBxUDSoWsQe6xgJaw3sOftxGPgAREubF/y+HakkhxTOAasy+Q134JqEeGzNUDnGHxKh370eHKG54nfaMY
/CuYEAjlSJxgOgNYi7Jj4PszPW8bYzYLdZcXCIuyyEUUIYR6NebY8FOofndPkb9NUz1zmQVdRU3SCCDT/vfbD5UteKMf
DkYIiZbzsyAfmE/7rR6WACplNx29ITC28A8JxXdfGtCMN4Sq1v3/wgMo0fKb2C+x5/qJm8ZzC6MVvOPk2wOjGg==
eo4YhVH0Uni7IHwQd7UsU2fE6uZgeLzFQQMznVrusA28nOLPz+wvAvnUv/oNr/vgkY3SYRutGbbr4t8Bo2Q=
TwC41JxSR69tliBI1vcjBGBV+Rpb2v/LobqQsg+As/UgV+mthyca2JwvpILmxb8KU/CxGusgozl3YikzdsvL68XkA4wre6MS
TmgsUW4LVa3kXtP8WCwIwG1VtFJZzbOepbqQsg+As/UgV+mthyca2JwvpILmxb8KU/CxGusgrzx3YykzdsvL68XkA4wre6MS
6hSiRRns758qkkh9/SIzW30pOx2/MjCr8A8JxXdfGtCNN4Sq1v3/wgMo0fKb2Cy05/+Jm8ZzC6MVvOPk2wOjGg==
osbbVGL37QyJX3MjT78kEPszPW8bYzYLdZcXCIuyyEUUIYR6NefY8FOofndPkb9NUz1zmQBdQE3SCCDT/vfbD5UteKMf
knzNjSa0wZeuQTLaBd3x+mfE6uZgeLzFQQMznVrusQ28nOLPz+wvAvnUv/oLqfvlkY3SYRutGbbr4t8Bo2Q=
yW1jok5cDQ3zf7oF+fGEcGBV+Rpb2v/LobqQsg+As/UgV+mthyca2J0vpILmxb8KU/CxGusgrz93ZykzdsvL68XkA4wre6MS
Tj5ytVgjve0ABe14TRkRMSV6u6RUKGCX/Ixt51P4SaiovAt6o+McdQHTU21aHtHd/CxCX098z3I5hJ/KApnbNdF9svGbPbkGK7I/caMU
OQu/UV3sfSzo3CmhUHFba1o47Mk0EPXzUMNtMzMsPY0FO26u5n06/cq6ezt2SP00kAfBDTH13aEdfGuBDvUcVO6jEKv1N7sxdqMR
BgdQEZz7ZVE4kqTij8dxG2FV+Rpb2v/LobqQsg+As/UgV+mthyca2J0vpILmxb8KU/CxGusgojh3ZykzdsvL68XkA4wre6MS
gNWcflx3jvcBay94B4yd9ezz12pb3vzxF0oE4qTRJL4xGXPCXd6gvgd0k8n4EzkBL7OaRCWLVM4u8d/2S/ShdgN06OUPg5m//r9rV50gU6ADb6MO
v4kP+a8OVvccTP61Kz2u5Fo47Mk0EPXzUMNtMzMsPY0FO26u5n06/cq6ezt2SP00kAfBDTH13aEdfGqBDvUcVO6jEKv1N7sxdqMR
VA3gQXBHVJ5M8mAkCH9HlR1+pM1yE6jzWI84NzMsPY0FO26u5n06/cq6ezt2SP00kAfBDTH13aEdfWyBAfUcVO6jEKv1N7sxdqMR
upMk68/zxjmXlOVHKDpavp5Ah3JIli8Xo6QrGjfG4onKUUACBomlmIoyjqmk/0U0O4HjCyhCQOXMUZx6LReAUNvY1rcngbdtq23LHnuNdi3aGAgTlkdTb00dYKMH
A5A+p5UC4stU8xFfGzyMwlJx9r6GWrpp0FfJROc5t+scWry1gLkI+rl/TICnwOLX8znrnSfFP1xOZXodBmDcs+Lf7z+BNXSjEw==
lELb4FwtSgxIaRyWvkiJ1hx+pM1yE6jzWI84NzMsPY0FO26u5n06/cq6ezt2SP00kAfBDTH13aEdeGqBAPUcVO6jEKv1N7sxdqMR
dvXKV8vr0hbInMHJjfrDZ2XehrkOGfzimgEhCC7KwuloxyEkP4n/K1SKhJVoyRD6oY8koJ+QKpc7ibN9T1WH07X127hek5RzKo8XX6kFbKML
JV9OnuNY7g6Wa7TUU+DbpZ9Ah3JIli8Xo6QrGjfG4onKUUACBomlmIoyjqmk/0U0O4HjCyhCQOXMUZx6LReAUNvY1rcngbdtq23LHXmNfijaGwgTlkdTb00dYKMH
GZu43PCy8wXNOdysZxAZ81Jx9r6GWrpp0FfJROc5t+scWry1gLkI+rl/TICnwOLX8znrnSfFP1JNZXIYBmPcs+Lf7z+BNXSjEw==
/Gtx808V42E4tiRHsHrl00u062ufJd1QyGS7MmOr7C0h60NlWhbB5dx0shePNH+qWXwPQooTS0s0JQE52/XJ3guKL3mjHA==
yrvgDIdSxq/lzrWUHWMeuPszPW8bYzYLdZcXCIuyyEUUIYR6NefY8FOofndPkb9NUz1zngBdRkjSCyDT/vfbD5UteKMf
OIaGeSHX9E/uWjbfPvMEj30pOx2/MjCr8A8JxXdfGtCMN4Sq1v3/wgMo0fKb2C635/2Mm8VzC6MVvOPk2wOjGg==
47a/cQoFimAyoW1lJpOHcGfE6uZgeLzFQQMznVrusA28nOLPz+wvAvnUv/oMqfvnlI3RYRutGbbr4t8Bo2Q=
Ayw5MFoYEzh+aRhRelA1Tx1+pM1yE6jzWI84NzMsPY0FO26u5n06/cq6ezp2SP00kAfBDTH13aEdc22BD/AcV+6jEKv1N7sxdqMR
bQNgUPXQM1aLf5YKwxI6BRB1YyxEK25pVvyIu1UZI/36qe9EPOGIexkzYcy4uANug7fUMVE3+/naing5rGiKC29ox3Yp4LceTU1zUET5OWU7aXFCe1YXZaMA
wzwZxaYoFitxtBjvaoyBslJx9r6GWrpp0FfJROc5t+scWry1gLkI+rl+TICnwOLX8znrnSfFP15JZXUYBmPcs+Lf7z+BNXSjEw==
TJB1w3pJPmlGv/lfkcinu2fE6uZgeLzFQQMznVrusQ28nOLPz+wvAvnUv/oOqvvllI3RYRutGbbr4t8Bo2Q=
3ZXIECd3M5tIx1T365PeUx9+pM1yE6jzWI84NzMsPY0FO26u5n06/cq6ezt2SP00kAfBDTH13aEdfmyBDvAcV+6jEKv1N7sxdqMR
9tbKSuQbv2kYAGvE6AA+2hB1YyxEK25pVvyIu1UZI/36qe9EPOGIexkzYcy4uANug7fUMVE3+/naink5rGiKC29ox3Yp4LceTkpzUUT5OWU7aXFCe1YXZaMA
aBuQRgbARaK0lMyAtU2ShFJx9r6GWrpp0FfJROc5t+scWry1gLkI+rl/TICnwOLX8znrnSfFP1xJZXQYBmPcs+Lf7z+BNXSjEw==
FSO1o7J1lRd9wqffgW7Hta6M4hj8kiQopo2VHmMCdY27smUqNhZ4k2iPSBfjbO0tlbveDhY9Ch3aumtaRoiNlCCHUa1hNY2B7XteYVkxzDd+I2BLRXdLEWajAQ==
qELhxqMMRtqUWlQDdshdqFJx9r6GWrpp0FfJROc5t+scWry1gLkI+rl+TICnwOLX8znrnSfFP19MZXMZBmPcs+Lf7z+BNXSjEw==
X6bBiOUGXzTv/gdqYipEc62M4hj8kiQopo2VHmMCdY27smUqNhZ4k2iPSBfjbO0tlbveDhY9Ch3aumtaRoiNlCCHUa1hNY2B7X9eYVkxzDd+I2BLRXdLEWajAQ==
hiq3gI+dVqukpuDSTScoaFJx9r6GWrpp0FfJROc5t+scWry1gLkI+rl+TICnwOLX8znrnSfFP15MZXMZBmPcs+Lf7z+BNXSjEw==
Igpt57jg/QXMNt1FZGRGfKyM4hj8kiQopo2VHmMCdY27smUqNhZ4k2iPSBfjbO0tlbveDhY9Ch3aumtaRoiNlCCHUa1hNY2B7X5eYVkxzDd+I2BLRXdLEWajAQ==
cz/sGcbZHJNc67yUpt49w1Jx9r6GWrpp0FfJROc5t+scWry1gLkI+rl+TICnwOLX8znrnSfFP1xMZXMZBmPcs+Lf7z+BNXSjEw==
3WqclThVyieldxkmu7iM6a2M4hj8kiQopo2VHmMCdY27smUqNhZ4k2iPSBfjbO0tlbveDhY9Ch3aumtaRoiNlCCHUa1hNY2B7XxeYVkxzDd+I2BLRXdLEWajAQ==
DBXbOLLrYhhgyHR+6hCPglJx9r6GWrpp0FfJROc5t+scWry1gLkI+rl+TICnwOLX8znrnSfFP1NMZXMZBmPcs+Lf7z+BNXSjEw==
Q5ZOVyV0xy1kAvhL/fW4J66M4hj8kiQopo2VHmMCdY27smUqNhZ4k2iPSBfjbO0tlbveDhY9Ch3aumtaRoiNlCCHUa1hNY2B7XNeYVkxzDd+I2BLRXdLEWajAQ==
Z5TnZ174bn0xYBibS7LLBVJx9r6GWrpp0FfJROc5t+scWry1gLkI+rl+TICnwOLX8znrnSfFP1tPZXMZBmPcs+Lf7z+BNXSjEw==
6PfB6ziIE8BaDJhF89GunayM4hj8kiQopo2VHmMCdY27smUqNhZ4k2iPSBfjbO0tlbveDhY9Ch3aumtaRoiNlCCHUa1hNY2B7XtdYVkxzDd+I2BLRXdLEWajAQ==
ey9zakpGtCDntfkQJjdG9lJx9r6GWrpp0FfJROc5t+scWry1gLkI+rl+TICnwOLX8znrnSfFP1pPZXMZBmPcs+Lf7z+BNXSjEw==
OOMLQNtcVO82CxS6sgddQ6uM4hj8kiQopo2VHmMCdY27smUqNhZ4k2iPSBfjbO0tlbveDhY9Ch3aumtaRoiNlCCHUa1hNY2B7XpdYVkxzDd+I2BLRXdLEWajAQ==
RoT5m4pGJzqdK8RE3USLV1Jx9r6GWrpp0FfJROc5t+scWry1gLkI+rl+TICnwOLX8znrnSfFP1hPZXMZBmPcs+Lf7z+BNXSjEw==
4KbVmsALg3Z6r44/nZjn7KqM4hj8kiQopo2VHmMCdY27smUqNhZ4k2iPSBfjbO0tlbveDhY9Ch3aumtaRoiNlCCHUa1hNY2B7XhdYVkxzDd+I2BLRXdLEWajAQ==
ro2BeOk1ZHRa0YVQJrT7tlJx9r6GWrpp0FfJROc5t+scWry1gLkI+rl+TICnwOLX8znrnSfFP19PZXMZBmPcs+Lf7z+BNXSjEw==
OIwOCeFH3NI3c+OveO2NMqqM4hj8kiQopo2VHmMCdY27smUqNhZ4k2iPSBfjbO0tlbveDhY9Ch3aumtaRoiNlCCHUa1hNY2B7X9dYVkxzDd+I2BLRXdLEWajAQ==
ERov+rWo0osbYWR4f0VAylJx9r6GWrpp0FfJROc5t+scWry1gLkI+rl+TICnwOLX8znrnSfFP15PZXMZBmPcs+Lf7z+BNXSjEw==
8oo6Jnbo1TDdCdFYea+uNamM4hj8kiQopo2VHmMCdY27smUqNhZ4k2iPSBfjbO0tlbveDhY9Ch3aumtaRoiNlCCHUa1hNY2B7X5dYVkxzDd+I2BLRXdLEWajAQ==
3SLwpVQAI3EsvbiFJ9eMNVJx9r6GWrpp0FfJROc5t+scWry1gLkI+rl+TICnwOLX8znrnSfFP11PZXMZBmPcs+Lf7z+BNXSjEw==
kdcvvs183qZVi+lnFZVfN6iM4hj8kiQopo2VHmMCdY27smUqNhZ4k2iPSBfjbO0tlbveDhY9Ch3aumtaRoiNlCCHUa1hNY2B7X1dYVkxzDd+I2BLRXdLEWajAQ==
89mX+caFyPit8LMXE6hc4B4vzZN2YBHOGVCxvZjGnPQNZ0/Is+IQJfwxjHo99rAQC3hGN5fhRy37jfsbja0t6Wq7+JMGpwMvvT1woxc=
Ajq09usWhR8Wg90+QifIOPszPW8bYzYLdZcXCIuyyEUUIYR6NebY8FOofndPkb9NUz1zngFdREnSCyDT/vfbD5UteKMf
KJK91k/Nhgbw5WLX3gp78fszPW8bYzYLdZcXCIuyyEUUIYR6NefY8FOofndPkb9NUz1znwNdREnSCyDT/vfbD5UteKMf
leVULtsHQKoOjtTpP03V3vbD+K+m3NdyQD+A/7p9aBzd0aeEeN+skcsi3GmuF39t0oGxfbZEVYas8OlPWUM/mvMg8crLMKwvV7dt49VbS3tlNENcC2ujAg==
nENai26lpvQ7m8gUkWut4c7RUkHLkaU+ij8oliEVVX1vSIfWqQD3PkxtszHFWflFO4kxovv21wWjYA==
NzE7z83+3oHIEvSmShZtOY9d8kREad3BNHTEIZs7jcWVZVk5QbwwmQrheJ+iQ5wjkcf/yQqjbQ==
tDrdwrzJLbId7WlGNzfAIh+zeuFcYXO7qSFU1IL+N7/9P08j3jWEAqvpQz2fdbfcxhWMee4zBPPa78cfmSV8oxs=
mEQrfbKrzXSb4pXJ87RBjPbD+K+m3NdyQD+A/7p9aBzd0aeEeN+skcsi3GmuF39t0oGxfbZEVYas8OlPWUM/mvMg8crLMKooV7dt49VbS3tlNENcC2ujAg==
Y9nT4lAi3nyVaaMOlVjIk87RUkHLkaU+ij8oliEVVX1vSIfWqQD3PkpqszHFWflFO4kxovv21wWjYA==
cjTG99UQfboC+UXRrElie49d8kREad3BNHTEIZs7jcWVZVk5Qbo3mQrheJ+iQ5wjkcf/yQqjbQ==
OsLcb2icoKPf5+yu7gc6gB+zeuFcYXO7qSFU1IL+N7/9P08j3jWEAqvpQz2fdbfawRWMee4zBPPa78cfmSV8oxs=
b5BGLnsnM/22Skg4KXeiOMwbgmMuVRSCG0kT/e+Vp9rRNbw5PlP0c0pPd9/JxQyjaw==
iB+v6TKRSet8R4UH8+lS1vctNglVOD0TPI8UR9ypi1QRI7M1QvbE406zandPkb9NUz1zmgVdQEnSCyDT/vfbD5UteKMf
Cadk2ZFPOPNs2EBNLN5r1fctNglVOD0TPIsWSdypi1QRI7M1QvbE406zandPkb9NUz1zmgVdQEnSCyDT/vfbD5UteKMf
0c+aSjPmXXj9AhjXtfDmDR+zeuFcYXO7qSFU1IL+N/38O1Ij3jWEAqvpQz2fdbfawRWMee4zBPPa78cfmSV8oxs=
Tn4E5Cx2BVKLe81z+nUogBZw7a/PDsAv1g6ODbsytelaErqigLg+vqMqQYS9yP3H8znrnSfFP1JNZXYaBmPcs+Lf7z+BNXSjEw==
RGWrdC5/xpOD6WjDz1i9PSYziATcsfy14eDQY1E31oqTlEAPOuvCCKCgv1OUcUmK3L7RR2B9Duk+jd5WYG5wvPYmjz6bnAGek/xiaJ9pPtctdyufTUhzSBNnowY=
xF5b41A3wEmiRRHjIRD/EdeZf31gS2c+jXImUyzFiBS9r2hTfUSwBlZekalfOHew/5fcXB1rejRXIQYKfuTlXu0sbP30OTvd3pSgoer1rqFupd5+MCbDO2KUzxaLlCHWw1TiwM8hHt89X2s33cDTAENPoy4=
TAdzu4MLPH6gsmEEyEgHsg6qxvlMWaK43EhsF2uNhOIh2i4uLY7nG1zYgoJoyCa+u9opt4qcL4c7ibN9T1WH0rX13rpek5RzKo8XX6kFbKML
RVeCNHAJ8lBb0xZYFdMLyhdw7a/PDsAv1g6ODbsytelaErqigLg+vqMqQYS9yP3H8znrnSfFP1lMZXYaBmPcs+Lf7z+BNXSjEw==
5j5MW9ebNwUCc2W3SbgBqw6qxvlMWaK43EhsF2uNhOIh2y4uLY7nG1zYgoJoyCa+u9opt4qcL4c7ibN9T1WH2bT13rpek5RzKo8XX6kFbKML
VD9pvZUb5B7nu1N7DODlXKICD28adnpdb5oJScb6zlIUILI+L7LV9EmgYWdPkb9NUz1zkgBdQkrSCyDT/vfbD5UteKMf
sCr8yQAX4VmV+fm4QyVnDHJIo5j2Walj3B7BQKFnm9gUCLqigLg+vqMqQZeyzOfH8znrnSfFP1JMZXYaBmPcs+Lf7z+BNXSjEw==
3wupjI/aSR+V2wT8xCVCp6MCD28adnpdb5oJScb6zlIUILI+L7LV9EmgYWdPkb9NUz1zmQNdQkrSCyDT/vfbD5UteKMf
5aPrm7+vlAkYc3lMtRKz03JIo5j2Walj3B7BQKFmm9gUCLqigLg+vqMqQZeyzOfH8znrnSfFP1lPZXYaBmPcs+Lf7z+BNXSjEw==
XfKVVov77nkMk0Z3eRhEVKACD28adnpdb5oJScb6zlIUILI+L7LV9EmgYWdPkb9NUz1zkgNdQkrSCyDT/vfbD5UteKMf
05MGtQbGGKSpFZm9ZR55jnJIo5j2Walj3B7BQKFlm9gUCLqigLg+vqMqQZeyzOfH8znrnSfFP1JPZXYaBmPcs+Lf7z+BNXSjEw==
oxtg0QjgWjJ1TlQaeWyMr6ECD28adnpdb5oJScb6zlIUILI+L7LV9EmgYWdPkb9NUz1zmQJdQkrSCyDT/vfbD5UteKMf
+SYArwP2tRsOJ6wJLmP3XnJIo5j2Walj3B7BQKFkm9gUCLqigLg+vqMqQZeyzOfH8znrnSfFP1lOZXYaBmPcs+Lf7z+BNXSjEw==
