3cjE9aWFPXRsyYP11ymBT4n/dVdr1sS1MhgD06/GKj+TgQJvZW3Mc8xl3ZnvSDMB/VXpNHZXrXz+FJ6ExTPmjAEPUpj7MJaCjOihSkmXPkWvDXmuDA==
Rqm2bAAZKhKAFKgY1QFA+jV0Z7kkHW1jfE7tABBmSQHSvnNieHgczKSlVXRL/pf2I0Brw71klFqk3tFhaJpYbt25jqgOmnSq4KDmoinO7VflNEEV4iwsQ2Edr4Xs6+02Nxh3SxL5Di/pVdijOI3BOVJgZ3GJTaW0uk9ZjCo8IiTZW5LcFTfeWPfIAlK4QD0qNf9qdZuVta7A
vMESqGJJRhciDGi7KLk0MOfWvAX13GwgvJa2HnEPQ427vG04KgZe3SyPS3HCS8J50+HBVF05Ewmn9DgLQ8SQiDD0S69oNI+T/HhVbFg6wjRvOmdLUH1BEXeuAg==
DCmtit7bxHS6MFVMYm6nf2LNw/tPWLqwwF92CWuKiv1VyjIoMoTxGFyNhJJo/WO99dc4sYqNDuQhi7p8TUeW2L/42rJQkIVqLY8CVaMFfa4I
5y5UBRdzOMyq873jq4U/8d/4242Yog+Y1FQMv6lj2N23iAxpRuYQl1yK1XcIqlWUyNwOn27/Kgzi1uHfEZQnbK4b
7zQ00gDhEsWhnnqnRb/8XpAnVndW43+fYmhmUrrMWyCS/R/6k3pFUlrSoZzJwlJmeDlDDaFF7kxfkAu1+Hq/8BR8fGcJGwj1t6DcEeY+YL+c4mWvaJKF/Eg0XqeOp5rkov4Rh7Fsd0SuMw==
ZxiX+IOQQfatPNnWzq1+qjfV4vL36NM2V8nVOpp5U2epHx8aHX/Ntemwg0BOVRSlRuRRb28l1JRBTSVcOzqu3ahyWBdPYmB6teI6BHXTVswx70GY6xDmwnxI0crZN26Ff21Jrjw=
EA36TLcBo96+HNQZgQ5UUvaEJ1eNrSoBhh6IHc/VDwesVF1eWt65kPkuSkoYFZvhkQm2gJ9cU/lIlmdcdNDki7mXkHk3LESdVtL4E/xOvUPY3t0wiPgG675LQsjC0glrgWBvSK4/
gzcHjPozH7t52AaFK0RdHDHe5PvT78cgcdnVP5ldSWWkHx8aHX/Ntemwg0BOVRSlRuRRb28l1JRBTSVcOzqu3ahyWBdPYmB6teI6BHXTVswx70GY6xDmwnxI0crZN26Ff21Jrjw=
gh4j49rCD8DYHI0lG9oUZxd+YCxRRiViWuLBrAkSMvb4qeNdYbXOPF9gK8W4qh9glOycN0kr6MW3kDwhpm6ALxxyxX8o4qUMSER+V073OnQibnFXcVwXdK4D
DXkAkteLBESVX9PIuOEfVANa5PIeq3ADdE8tZlrmybgZBhoS2M3LiTHhBvgfpOOR6H63BDQINKPZv2BBNxS0tTb6KMu8Fm2reLZtyAiAtgMeIxIQAopZQ2FIH3CuBw==
TRSgwomlLUcMv7bCIqBElnM1mRjFp93noeDaZE02kZyGhEg/f/eJC6qevwaHPwDEy7LEWmB9AfUsh/dWcHt+oPQd7CSZlQCcge9oYpJtNtkuZjKYTV15QhN2rgU=
hZ7cN8gwWZabTbpkol3y9DHe5PvT78cgcdnVP5ldSWW/Hx8aHX/Ntemwg0BOVRSlRuRRb28l1JRBTSVcOzqu3ahyWBdPYmB6teI6BHXTVswx70CY6xDmwnxI0crZN26Ff21Jrjw=
s0UmJS7q1eNaqUDMR/U9hCqQgr5PBvfyhwt4H2+KivtkhGg5PImwchiHk4Jk0C21+J48s6qBGOQhi7p8TUeU2L/42rJQkIVqLY8CVaMFfa4I
cTeK3NDSzyX7G3cb+REMsikFhbdm5hhiED4MWyvL4NAOT3mBjHjJ3trEDWZhzSvPnMIlD+gyxRlJVJkEDgdaxKIe0ecxjDdkrhM=
ECcjLh++GrSd14TgV30vuZwFinpShUtEvq4hDSOE/4nRUkElUpK3nMVBh6C58gJnOILtBiBPQPjTQ6t6c0OPXc7Z4sQ9g75sqX/cGXOHfSLUGBkKkUdGZUcdca4E
raaZ1YbPr36k2brtTARzHet/NMAPI4yNkm2Qz+2dheJm+TW80JiFfIRwC7/5FPipOCEFGhdAOx8d3//I3qXIohCVfCbhQpjYEvCEiMLf2Jibk0N6GxNUslJTmoTlc4YM4c80mdv3NQIsKEFKKdfexQ9NWa4s
Cm/1HbAtPOX30KRdVoQ66m7M359RXK2zzlI6HmqGhq8xgiU5MJDDaEaHhIh32yf6/9s4oo6LHuQhi7p8TUeQ2b//2bJQkIVqLY8CVaMFfa4I
t6/8D5k1pwsP4MS5wtNWGjcFzK8bTBdqvcDwWOABk2W0Il6ZxctEBg2cmgJBnDkDH51stPklwOyh/2hytR72aU72sgit7TmyM2auFQ==
u53qSITb0T34W5wHJLDUAFRXPnNc6dGmZ38ZmcOdOzsQYNMuzXNgBgTC0P+gCUFd/KRxQlpYtakeFQmTfN4dE5gu/UGICCGYfpviWEJCaTtBUA94rg8=
RNEd8aCNLL470I1VVWuAcQ+ewy7QctQXm2e4PG6j4S089FFSWkiV6tFhsyP8Ln2jWH4dUo8YQUg+KwIowvLJywGAL2iuHw==
zjg0OJpIiEYrDdCEzLf4Ik09y4BfsXEuGi5DFjGezuFAVXmBjHjJ3trEDXVuyTHPnMIlD+gyxR5PVJkEDgdaxKIe0ecxjDdkrhM=
dnziyEXHd7POklHMVcfo2Q6ewy7QctQXm2e4PG6j4S089FFSWkiV6tFhsyP8Ln2jWH4dUI8YQUg+KwIowvLJywGAL2iuHw==
D3fGfKQLShJgv6fsAznR7009y4BfsXEuGi5DFjGfzuFAVXmBjHjJ3trEDXVuyTHPnMIlD+gyxRxPVJkEDgdaxKIe0ecxjDdkrhM=
gBGurfHDcHTmdGNacRVm5w2ewy7QctQXm2e4PG6j4S089FFSWkiV6tFhsyP8Ln2jWH4dWo8YQUg+KwIowvLJywGAL2iuHw==
w77ZLrEvvZvewHbj9vwrDU09y4BfsXEuGi5DFjGczuFAVXmBjHjJ3trEDXVuyTHPnMIlD+gyxRZPVJkEDgdaxKIe0ecxjDdkrhM=
UQ4uNT0kg2h9o+52VkxdhNJ4EyYSiiqIaWNhRrfrZyCI6jCuwng7HVbV6M7Ilkdgdz9DC/t0/1Ee7Ezr+W25+BdcfDgBCxj7n/LLQeQiaqCc4mWvaJKF/0s0WKSOp5rkov4Rh7Fsd0SuMw==
+dcsU4X0EAQan5xpj7uhnold9hrdQPM2gLgkc56ATf/1ui1/gCQcaG00Y79gFLdDhfrtOqNayiQH+s/72B2ZIW+uGg==
v3kbFIKQ4j5++iRrvz0GJRABfa3dgKOGIK9KZleW2gtyENF3cTqp9w21fJ0Y1AdnzKQLC0a6KXJfKiZ8I9rrw/QNhSlrrh4=
ntuhoxpj5wANv4th5EF0PlMnhLkPYUc1g4X7Q60BmWKsCxCDxctEBg2cmgJBjzYHBZ1stPklwOyh+2pytB72aU72sgit7TmyM2auFQ==
H1iYjNWsA7nCn6m4zEpEWkp6IHCJwnvYyhLOpIQfjxicQgTs+d7z5d6WlKryDFN5Kz8GidzHOalizj1+hK1YVyMvNSYf7dY+mP/TKV7AR3SLdPtP2HS/c+l5RUqrerKUn7r364C9EXFHrjI=
YYzRiisM1iNrTF1wGmbxuXWAsKSysZInYd7TNoRkYnCbUDZZXlX+u+KlwBBOVRT5V+lLCiEx27sVDyZdADrx1bhiVj8ddTB4qeglBHXTVswx70qZ6xblwnxI0crZN26Ff21Jrjw=
jj321i8E+kDwIf+yRcNI+3WAsKSysZInYd7TNoRkYnCbUDZZX1X+u+KlwBNOVRT5V+lLCiEx27sVDyZdADrx1bhiVj8ddTB4qeglBHXTVswx70CY6xblwnxI0crZN26Ff21Jrjw=
zjS5rNr/lPw7h9cmwx1hwkp6IHCJwnvYyhLOpIQfjxicQgTs+d7z5d6WlKryDFN5Kz8GidzHOalizj1+hK1YVyMvNSYf7dY+nPbELl7AR3SLdPtP2HS/c+p4RUqrerKUn7r364C9EXFHrjI=
CjyA6nID8c4Ll5qfZEFBS0t6IHCJwnvYyhLOpIQfjxicQgTs+d7z5d6WlKryDFN5Kz8GidzHOalizj1+hK1YVyMvNSYf7dY+mP/TKV7AR3SLdPtP2HS/c+9/RUqrerKUn7r364C9EXFHrjI=
zTV/1RTuFBlLnDeB7PcBtDT2+FW7pmre2fVRTaACL1wk9CtvyLQv0xV5dak7uqL0TzqHC7D94dEXrmI=
hiIx27Aa5j0vlvWOmJ7fQoYgOMJxdxrhIlhu8h+NTGCxiXBoGUipRp8S5k2WqlKcJYHJ9ssarmE=
BIejHYb2FoLI5HHUgqt1K5PKjFYIifd4MjXPYAeO68dmhhLEHUMe7Mm//xuTxN2itNh5CrEHpuXn3RGuZA==
g9Tp5piIl9772gzF0a/yXkXqcONGZCDrpCFDyIaNc+C7Nl930i6+ZLHrSjydZ6LbzxyJcuAwFerd79IVkyVtrhg=
ZRV2cgPmAjpMIwA9ST7uWjVYmbocCRNhhsC8BadIz262IBjRw9xEBzvYgFZMmCMLAI1stPklwOyh9Wtyth72aU72sgit7TmyM2auFQ==
X7LBVgWKXyLqVdPcDaiM5YwTmnZHg25EtaUnFHaS5JTVSUsVG5ehy4k4wabgtUs7M4DvQGhJV/jSde9gJ06LR8bG8sQ9g75sqX/fGnOEfSLUGBkKkUdGZUcdca4E
GDDYbtnmTovzGpg49LWRE1g9rvlXQL4S17OF7fXkyQsoEyCk56C9fjU+VxCuUjZtP8y/sn5UON27+JR7k0wA+pTcExcIuYz4QcFQUEmqKZ6uGgY1BgIShFVJaU4bcq45
TDpWs/XXZKG1vozqh+Q1wWeIhznL+xTOmqUOkee4flqHa2XFhdzJAzgLAEzX2P225WY3uF7qtuWvVB/azqz4lesgdFPjdADyhMQz/zjBzDCRmTD4uRapFj6Cpl22+tLMBZGJZmtKrjE=
ZySv+4hfdUP1vjM0r5r+QRzU48ZOJ2TU0XhFp8NFfxNZGDnEwoezbVuo1IuzXADK9AzTZ6gpDEihkRCgaborrsnKxkWmkpI0tRkpvjtirgk=
3dKlB+WbcDS5BkSPGt7eRUXqcONGZCDrpCFDyIaNc+C7Nl930i6+ZLHrSjydZ67YzxuJcuAwFerd79IVkyVtrhg=
byty33ip6+qoCIP4TtmsmjVYmbocCRNhhsC8BadIz262IBjRw9xEBzvYgFZMmCMLAI1stPklwOyh/W9ysR72aU72sgit7TmyM2auFQ==
HSAWHJcL4bmnebFWH7w8IuactBgZN8aOlXQumNiyhG7oQsP8jYBfUAI75tXZQDwpoaBpEmV/yNr8tBNf0FRnI3X73R7zmrqEt3pfmwhdqQF/rgo=
4EIueuYCCQ/ng8pQSu87RhzU48ZOJ2TU0XhFp8NFfxNZGDnEwoezbVuo1IuzXADK9AzTZ6gpDEihkRCgabsrrsjKxkWmkpI0tRkpvjtirgk=
ZSMqiHTSZO8wDIUNHhwtEkXqcONGZCDrpCFDyIaNc+C7Nl930i6+ZLHrSjydZ6LbzxqJcuAwFerd79IVkyVtrhg=
8rWnYJus4haEcnpyY4gc7TVYmbocCRNhhsC8BadIz262IBjRw9xEBzvYgFZMmCMLAI1stPklwOyh+2tysB72aU72sgit7TmyM2auFQ==
9YSqIyRpkyPqqhpBqKCY9HDiMp0J9tUR9sEuN6WJ9BZuHF/d2YWJA0tj45wjBoIRoZNZVD0QOp2dsJixLSDlisEPDBKglO9X1ERDW7A7kaYXCj4MCxqDU0xtTRlzrgY=
nyyWRVfpph1rBr6xQzNPb1+/ZK1BdCDrpCFDyIaNc+C7Nl930i6+ZLHrSjydZ67azxqJcuAwFerd79IVkyVtrhg=
iSXdeJbw5Z9HQxzW+tlj6NJ4EyYSiiqIaWNhRrfrZyCI6jCuwng7HVbV6M7Ilkdgdz9DC/t0/1Ee7Ezr+W25+BdcfDgBCxj/luXMQeQiaqCc4mWvaJKF/0s0X6SOp5rkov4Rh7Fsd0SuMw==
db4ewLqaX/0Z0dQwiYHpjUt6IHCJwnvYyhLOpIQfjxicQgTs+d7z5d6WlKryDFN5Kz8GidzHOalizj1+hK1YVyMvNSYf7dY+nPbELl7AR3SLdPtP2HS/c+x7RU2rerKUn7r364C9EXFHrjI=
oXpxQ927PEhd7RTOghMvegGidflAcFPo9idUyIe7N/rvO0ps1jy/ZLHrSjydZ6bbzxmJcuAwFerd79IVkyVtrhg=
jTGdYF9MDlMn3iMdNsN+kHWAsKSysZInYd7TNoRkYnCbUDZZXlX+u+KlwBBOVRT5V+lLCiEx27sVDyZdADrx1bhiUjYKcjB4qeglBHXTVswx70Kb6xHlwnxI0crZN26Ff21Jrjw=
ro0URUxN7dY0HcfMZL2Rk3WAsKSysZInYd7TNoRkYnCbUDZZX1X+u+KlwBNOVRT5V+lLCiEx27sVDyZdADrx1bhiUjYKcjB4qeglBHXTVswx70Kb6xHlwnxI0crZN26Ff21Jrjw=
0u7YiJaXDbn1kwtENgr6PDHI8M1gYbHFXBwhqlqw5ROwhe7qvPYtC/jWresLoPfgnoPScAKqGaPh6N8Qrmc=
MBYehlH1ZTGUPBXSKtFhoc/s/Ehaj+B4MwOLelOD/txilBPEHUMe7Mm/+huTwd2itNh5CrEHpuXn3RGuZA==
oW9tl8LDs9+7nsU7dbzwrszs/Ehaj+B4MwOLelOD/txilBPEHUMe7Mm/+huTwd2itNh5CrEHpuXn3RGuZA==
M/6S1n97K9AqSMfgZTsVO83s/Ehaj+B4MwOLelOD/txilBPEHUMe7Mm/+huTwd2itNh5CrEHpuXn3RGuZA==
RZW4HteTXqiGaSMWiiTidigFhbdm5hhiED4MWyvL4NAOT3mBjHjJ3trEDWZhzSvPnMIlD+gyxRZKVJ8EDgdaxKIe0ecxjDdkrhM=
jhFbzVCR7PtJdWJhiPCIxG7M359RXK2zzlI6HmqGhq8wgiU5MJDDaEaHhIh32yf6/9s4oo6LHuQhi7p8TUef2r/52bJQkIVqLY8CVaMFfa4I
wxyL2DnPdbE3Yo0I+b4tyCsFhbdm5hhiED4MWyvL4NAOT3mBjHjJ3trEDWZhzSvPnMIlD+gyxR9JVJ8EDgdaxKIe0ecxjDdkrhM=
sEiTAXEhTdkPx6nq8SbjDm7M359RXK2zzlI6HmqGhq8zgiU5MJDDaEaHhIh32yf6/9s4oo6LHuQhi7p8TUeW2b/52bJQkIVqLY8CVaMFfa4I
Q6ymzisZlL5lPVb0FuKpXLyz5pxai8NtFnQv2kR/hEMCGeQ8mKJ6iXFEAb60m9ZPXCAgNBsWJ/WH1cMmk3c+Fljn8W+F7ud2WEZZOdQ9X6i/70zA9hYMaOExkAApmCiOi2pG5eaykhT1uakee0KuKQ==
64OnGOZN50FhWWt759eo07yz5pxai8BtFnQv2kR/hEMCGeQ8mKJ6iXFEAb60m9ZPXCMgNBsWJ/WH1cMmk3c+Fljn8W+F7ud2WEZZOdQ9X6i/70zA9hYMaOExkAApnSiOi2pG5eaykhT1uakee0KuKQ==
AN4FVFyVtRIKxqHFmEMQ6JPKjFYIifd4MjXPYAWO68dmhhLEHUMe7Mm//h6Tz92itNh5CrEHpuXn3RGuZA==
XtDxN4xRrGWhAmNg+45nGScSzKkOBABhho7xTbBSiWiqYxPRw9xEBzvYgFRMmCMLAI1stPklwOyh9W5yvR72aU72sgit7TmyM2auFQ==
4JkkvYBIq2cWOkC1vwdgCJPKjFYIifd4MjXPYAaO68dmhhLEHUMe7Mm//RiTzt2itNh5CrEHpuXn3RGuZA==
uFUAhk8bYAVHUPlRCI7mTldX/rNNZGnZtstt50/9RLiushY146MXYhzNdx5AFYjW6zFcezxmzXs4ho3TCJDYMN5zsuCCOrkTIbg/YK4X
ps0OBvBnw0d8S12u3mV5Cbyz5pxai8NtFnQv2kR/hEMCGeQ8mKJ6iXFEAb60m9ZPXCAgNBsWJ/WH1cMmk3c+Fljn8W+F7ud2WEZZOdQ5Vr+470zA9hYMaOExkAApmiiOjmtG5eaykhT1uakee0KuKQ==
wz4JPocfhgmrEltYGh++mbyz5pxai8BtFnQv2kR/hEMCGeQ8mKJ6iXFEAb60m9ZPXCMgNBsWJ/WH1cMmk3c+Fljn8W+F7ud2WEZZOdQ5Vr+470zA9hYMaOExkAApmiiOjmtG5eaykhT1uakee0KuKQ==
up8RpKMWNvMs6qNCEmanFgOidflAcFPo9idUyIe7N/rvO0ps1jy/ZLHrSjydZ6XYzxyIcuAwFerd79IVkyVtrhg=
LKd9p9jV4k2LyjqH9HULEACidflAcFPo9idUyIe7N/rvO0ps1jy/ZLHrSjydZ6XYzxyIcuAwFerd79IVkyVtrhg=
d3xtTax9GxupVl7a+ZN69ikfg7d6/hliED4MWyvL4NAOT3mBjHjJ3trEDWZhzSvPnMIlD+gyxRdIVJoFDgdaxKIe0ecxjDdkrhM=
M0zwZ5yh29dL4HRXCxMBYURwgNMieg7OHl66783Al+lYYG7Iqu8QOOMju3pjo6wSGmNyRI3jTiz5n+IYg6Qs4mS46YoBpxYltz1hrhQ=
6qoGwtxrqKXmxvRvx8hZyykfg7V99BhiED4MWyvL4NAOT3mBjHjJ3trEDWZhzSvPnMIlD+gyxRtPVJoFDgdaxKIe0ecxjDdkrhM=
FPreOFqPkrj//AX+xm2PbG3JlUViWNG4ijUMB8odVLff4q52x3S4GgBtqelsUPnG2tw9XY6h4ffcOnWnSFo1g8/M6u2ur4q8YiaBD1GkB3yuCw==
FMOiDRFRmlv/FIbv4W9F1F5Cv01iAHrehzyg3SQ9nqN8ygwQ6x37zJIqMBlW0eC72KKvhFdbKz8rgDcVXqiEHzPf0YCvuZSMkX+Qfx92QzV0loJEPIYNG7hmTbwIcJVRXpPygIIa+bOhGH9Arjc=
2KrD8n8tEE/V1eI3UTTzBFSmdOxHYiD2vidD1J6Mc+C7LFl3zja/ZLHrSjydZ6ffzxuIcuAwFerd79IVkyVtrhg=
mtXOyuTb7Lh+nu6m0bc9Exkg1ohvMgffWlSluprblPNCbBzL4u8HJPoU/2A3tL0HCn5jRI3jTiz5n+sfg6Ms4mS46YoBpxYltz1hrhQ=
a9r5r9y2jSWxS5f6c5EHziZ52xnPusrw5/v8Y1c0+diChEgtaPzTEabQvBWHOA/e1rCYWyVsGO8ayIBGdm5jp/gc7CSZlQCcgexvYpFvNtkuZjKYTV15QhN2rgU=
1p+Z/CNHwNuUmnQljbWltNJmFysAiC/JPiMmFu2/E3rKpU64wRVZBAiBu4yC1FdheG1WCq8SokQWhwuy92Ci8kh9OXYQAT66wLDaBPs5bL6c4mWvaJKF+080XaWOp5rkov4Rh7Fsd0SuMw==
1p+Z/CNHwNuUmnQljbWltNJmFysAiC/JPiMmFu2/E3rKpU64wRVZBAiBu4yC1FdheG1WCq8SokQWhwuy92Ci8kh9OXYQAT66wLDaBPs5bL6c4mWvaJKF+080XaWOp5rkov4Rh7Fsd0SuMw==
SGJ/pijUEw3crfj02LzESzSJna8VHPzyzgc4Wy3AjeYsjS8rN4jzYA6Hk5Ru7GPgq8wpt56WD+Qhi7p8TUeQ37/72LJQkIVqLY8CVaMFfa4I
EVt7akgyFYChgTZ2BmVXPJjrMA04gt68NBcezqm9bSWrz0E6NwLzTeo81IuqH28E4mTnYC9EpSfiDquExTPmjAEPVpr7MZSCjOihSkmXPkWvDXmuDA==
0ssWMqoKkaUC9naR+EMMqrJ7NzwUbjxdPYxEC9q/30QSBPdgP6TV51KuWwRVk7ZMUS9jmwtQRELcCDHK+ffOBZ8taa4c
h1K//1TdX92o+TGnAKmYclV7yJVkNEKREkK2o5uSi+1CbBzL4u8HJPoU/2A3tL0HCn5jRI3jTiz5n+Ifg6As4mS46YoBpxYltz1hrhQ=
bm+EAeETdt80rRH94JGz1AYi5qjHFfUv3A7LQeQz+KtGV6u0hpx74LM8QZemxsek6TvinCXXJllHZ3ASCGDNquXf+jWLNWWuEA==
GWhugZB8U9vLh5K7m87irLJ7NzwUbjxdPYxEC9q/30QSBPdgP6TV51KuWwRVk7ZMUS9lnwtfRELcCDHK+ffOBZ8taa4c
Nf7Z2oE9zQYVlC/5x1Aye1WreeFMdSDrvidD1J6Mc+C7LFl3zja/ZLHrSjydZ6PazxaIcuAwFerd79IVkyVtrhg=
firZduLoYfLVDakGov1wOkQPZoGNm7HSILURKwfYlAF8FMhgNSD94A+vaJoJ1AdnzKQLC0e6KXNZKiZ8I9rrw/QNhSlrrh4=
9EyjCgLDGyFFEKZv2oH5SYn/cVdmwM/1b0hBnJnDTxmG5W4QFWuqHbt/xoi2FXYc4kTnYC9EpSfiDquExTPmjAEPVJ77N5OCjOihSkmXPkWvDXmuDA==
65pUH1zFGKJBbpIN3NGzwK+N51mr0mN4/NflXyJeeP6fnFsYAT1OqFLwO3ekJbVjyfiYCRgkDBipoGEYS5+MkgX0S69oNI+T/XpVal06wjRvOmdLUH1BEXeuAg==
zdRZJ9Zc7ygWD5rlqDJVhkk1J3AIPTojC6iZ8n43BNDNnMFsG43+EzkfCIvx4E01wPHTP0gx/orAgDo0u2mMLhxyxX8o4qUMSUR4Uk73OnQibnFXcVwXdK4D
g8N5zrulh80APpxqRMi+iTIpIi8Bq4HtJSN6hKu0CA06XqxO61BAR0GMlZigXUtT+L1mBkAMorgLBRSCfN4dE5gu/UaICCCefpviWEJCaTtBUA94rg8=
YIIy3oCObS26YjlBTrMVvICGQl1wyC5vGmGf1Gj2zzFLDFVQ7Us8hcoNGKR9bwAYV1M8e/GRhuLz7bqy6Hab2yd+hu0HB0Zock1qDA4Mg+DLjMk3/tbv5EHLWvwtB3Den75/MvDQpWoNz6LVA0Vdrig=
IUi4xw90b17lSZNNVZOFf0QPZoGNm7HSILURKwHYlAF8FMhgNSD94A+vaJoJ1AdnzKQLC0e4KXFZKiZ8I9rrw/QNhSlrrh4=
8pXv0/5LuQgju2dbRL2oNwsNbMEiqSmWqbNQH5/tYDcK0IBeRrYDP0hELHypjWBEMXfq+iawVsEePvLA/cUZmiNurh0=
bXxQYq4fvWlB+Q54fXbIV5PKjFYSj/dkKjTPYAeU7cd6nhPEHUMe7Mm//BmTxNuitNh5CrEHpuXn3RGuZA==
T2puKy34XvZseyBNVp/Y0jsH9VtDwrbI+LTZvBLP868tQOirolQA0t4is4Pg4MwQUfmwGPk2qDZ+ZCY9dtrS7MXxCYYraq4R
1GHLEq03LCHoOtcaWwYDNpi2KR8wmZ32Oh8Zz6TleGv40VspMQLzTeo81IuqH28E4mTnYC9EpSfiDquExTPmjAEPV5v7M5OCjOihSkmXPkWvDXmuDA==
i71S++WleZEdqjM5ErS7h5i2KR8wmZ32Oh8Zz6TleGv40VspMQLzTeo81IuqH28E4mTnYC9EpSfiDquExTPmjAEPW577M5OCjOihSkmXPkWvDXmuDA==
PtXgkqaEmFe6Cjlh003g1Rx/pYIsBe2zA5YqPjMrMpNKezSj8Xw82LmgcXh7X/wytXTbDzj037MLemWODfoSVP+6F6vgPbExZ64S
vLH2fF0XWoDIPxl9oMyZIRkg1ohvMgffWlSluprblPNCbBzL4u8HJPoU/2A3tL0HCn5jRI3jTiz5n+4Zg68r4mS46YoBpxYltz1hrhQ=
XueXjSO2Als7kLHB1mCHeiZ52xnPusrw5/v8Y1c0+diChEgtaPzTEabQvBWHOA/e1rCYWyVsGO8ayIBGdm5jp/gc7CSZlQCcge1oYp1oNtkuZjKYTV15QhN2rgU=
9mj/AUOXjtmcC0lA+MU5y20EnqYvsmIkFmdLEnfA4tJIHXmWkGH+msCQGmR72SzenMIlD+gyxR9IVJECDgdaxKIe0ecxjDdkrhM=
XueXjSO2Als7kLHB1mCHeiZ52xnPusrw5/v8Y1c0+diChEgtaPzTEabQvBWHOA/e1rCYWyVsGO8ayIBGdm5jp/gc7CSZlQCcge1oYp1oNtkuZjKYTV15QhN2rgU=
TIAh+dIdpOmZflYap+Jeiigfg7d6/hliED4MWyvL4NAOT3mBjHjJ3trEDWZhzSvPnMIlD+gyxRZPVJ8DDgpbxKsf0ecxjDd4tAE=
AFd2IrvkMBapmhMp9lm7l0RwgNMieg7OHl6678zAl+lYYG7Iqu8QOOMju3pjo6wSGmNyRI3jTiz5n+Mfg6Eq4mm56YMApxYltz19tAY=
9LKjWa9X3Je2FKefFhVwQCgfg7V99BhiED4MWyvL4NAOT3mBjHjJ3trEDWZhzSvPnMIlD+gyxRpOVJ8DDgpbxKsf0ecxjDd4tAE=
0wluKUsE0ATU9WnAvaSxq23JlUViWNG4ijUMB8odVLff4652x3S4GgBtqelsUPnG2tw9XY6h4ffcOnWnSFo1gs7M7+uuoou8ayeBD1GkB2C0GQ==
if1CFglvgzVnNjFO0ob1T15Cv01iAHrehzyg3SQ9nqN8ygwQ6h37zJIqMBlW0eC72KKvhFdbKz8rgDcVXqiEHjPf0YCvuZSMkX+Qfx92QzV0loJEPIYNG7hmTbIKcJZXXp7zgIsb+bOhGH9ctCU=
0bTnDG1ZCqR8MjH/tSQqTVSmdOxHYiD2vidD1J6Mc+C6LFl3zja/ZLHrSjydZ6TYzxiOcu0xFePc79IVkyVxtAo=
o4QQ4dzykKIGuGfSBwcm0Bkg1ohvMgffWlSluprblPNCbBzL4u8HJPoU/2A2tL0HCn5jRI3jTiz5n+gYg6Aq4mm56YMApxYltz19tAY=
93n0SWOP+/YR9uJ6+D0MzSZ52xnPusrw5/v8Y1c0+diChEgtaPzTEabQvBWHOA/e1rCYWyVsGO8ayIBHdm5jp/gc7CSZlQCcge9oYpJpNtQvZjuZTV15QhNqtBc=
NongXF3hMrSnBVB5wfVNcdJmFysAiC/JPiMmFu2/E3rKpU64wRVZBAiBu4yC1FdheG1WCq8SokQWhwuy92Ci8kh9OXYQAT66wLHaBPs5bL6c4mWvaJKF+E80XqOOqpvkq/8Rh7Fsd1i0IQ==
PRdzP+4Ej4eI1HVjs0fYHNJmFysAiC/JPiMmFu2/E3rKpU64wRVZBAiBu4yC1FdheG1WCq8SokQWhwuy92Ci8kh9OXYQAT66wLHaBPs5bL6c4mWvaJKF+E40XqOOqpvkq/8Rh7Fsd1i0IQ==
9PQUK3jWqdCZJBo8hJzV1G0EnqYvsmIkFmdLEnfA4tJIHXmWkGH+msCRGmR72SzenMIlD+gyxRxLVJEDDgpbxKsf0ecxjDd4tAE=
sWjz5QBdMfX8bQYO9UQZkCZ52xnPusrw5/v8Y1c0+diChEgtaPzTEabQvBWHOA/e1rCYWyVsGO8ayIBHdm5jp/gc7CSZlQCcge5rYp1pNtQvZjuZTV15QhNqtBc=
jXtxIF4tXg1opVNWz+zN0jSJna8VHPzyzgc4Wy3AjeYsjS8rN4jzYA6Hk5Ru7GPgqswpt56WD+Qhi7p8TUeT27/33rJdkYVjLI8CVaMFYbQa
Gd37sXcaUACOXSz8IIEn/ryz5pxai8NtFnQv2kR/hEMCGeQ8mKJ6k3dEHaa1m9ZPXCAgNBsWJ/WH1cMmk3c+Fljl62mF8v93WEZZOdQ9X6i/70zA9hYMaOExkAApkS+OjWhG4eaymxX1uakee160Ow==
7EOnZ8mHBtfNrIMlSoEGC7yz5pxai8NtFnQv2kR/hEMCGeQ8mKJ6k3dEHaa1m9ZPXCAgNBsWJ/WH1cMmk3c+Fljl62mF8v93WEZZOdQ5Vr+470zA9hYMaOExkAApmyqOjGhG4eaymxX1uakee160Ow==
ZHxJaL4Id+gfiTN3JfsuYevIokKoiD09vpSxGT8QVtu/ois4NFxjnnLGCBHhaOQr1fjMAxkgBUrm7nENQIKPnAT0S69oNI+T/n5Valk6xjRvM2ZLUH1BEWu0EA==
jiFCpzd7Yof3SDScxwf11tG70I+EsA6KxURPr7Y22NeMyQs5SvgaglyK1XcIqlWVztwInm77Kgzr1+HfEZQncLQJ
BRO6yzMiKLeEAdkmTweY/DT2+FW7pmre2fVRTaACL1wk9CtvyLQv0x5+dao5uqb0TzOGC7D94dELtHA=
MmXmWnjtpPqPSblb39UNtoYgOMJxdxrhIlhu8h+NTGCxiXBoGUOuRpwQ5kmWqludJYHJ9ssGtHM=
eYrvHABzIRqeFNwCqWMcrioFhbdm5hhiED4MWyvL4NAOT3mBjHjJ3trEDWZhzSvPnMIlD+gyxR5PVJoGDgNaxKsf0ecxjDd4tAE=
QmfAvp7Sf8RxlKpusliTm23NjAUqHpXk6zUMB8odVLff4bRwxW+qGgBtqelsUPnG2tw9XY6h4ffcOnWnSFo1hs/M6u6uq4q8ayeBD1GkB2C0GQ==
bbK7hkBBwv4qvI7BS6e02y0Fhbdm5hhiED4MWyvL4NAOT3mBjHjJ3trEDWZhzSvPnMIlD+gyxRtPVJoGDgNaxKsf0ecxjDd4tAE=
7SMVEW46+7+vRrUVTLovRm3NjAUqHpXk6zUMB8odVLff5rRwxW+qGgBtqelsUPnG2tw9XY6h4ffcOnWnSFo1g8/M6u6uq4q8ayeBD1GkB2C0GQ==
SRVB3q69gGHSKBIwUQTZsgyewy7QctQXm2e4PG6j4S089FFSWkiV6tFhsyP8Ln2jWH4dVo4YQko+LwIoy/PJywGAL3S0DQ==
SzBwO3Bki3M7FHDHjJz0oU09y4BfsXEuGi5DFjGdzuFAVXmBjHjJ3trEDXVuyTHPnMIlD+gyxRpOVJoGDgNaxKsf0ecxjDd4tAE=
m5iJONSi5M455ascaQt/jguewy7QctQXm2e4PG6j4S089FFSWkiV6tFhsyP8Ln2jWH4dWo4YQko+LwIoy/PJywGAL3S0DQ==
QwzTf357s9OHnWkcRKllm009y4BfsXEuGi5DFjGazuFAVXmBjHjJ3trEDXVuyTHPnMIlD+gyxRZOVJoGDgNaxKsf0ecxjDd4tAE=
sbyDf2WKC6jtZdhigPa/Ygqewy7QctQXm2e4PG6j4S089FFSWkiV6tFhsyP8Ln2jWH4dU4sYRUo+LwIoy/PJywGAL3S0DQ==
i9q+iyqtUfSL8fUQbUVE7009y4BfsXEuGi5DFjGbzuFAVXmBjHjJ3trEDXVuyTHPnMIlD+gyxR9LVJ0GDgNaxKsf0ecxjDd4tAE=
typQgO2Ucik/6rr6asJJrgmewy7QctQXm2e4PG6j4S089FFSWkiV6tFhsyP8Ln2jWH4dVosYRUo+LwIoy/PJywGAL3S0DQ==
MMaZZF/oGXNQylPNZ4igNE09y4BfsXEuGi5DFjGYzuFAVXmBjHjJ3trEDXVuyTHPnMIlD+gyxRpLVJ0GDgNaxKsf0ecxjDd4tAE=
sftdLeW2lOj5UQmztuiDn9J4EyYSiivTPHl2Ta36SiC+/wXvthtYVVrVoYi0hlxxOX1SBuFD7koL7xio8EjtoiNffDgBCxj7n/LLQeQiaqCc4mWvaJKF+0s0XKaOo5rkq/8Rh7Fsd1i0IQ==
SL+ExxpNw8e6PITYY/jZxtJ4EyYSiiqIaWNhRrfrZyCI6jCuxHg7HVbV6M3Ilkdgdz9DC/t0/1Ee7Ezo+W25+BdcfDgBCxj7n/LLQeQiaqCc4mWvaJKF+kg0XKaOo5rkq/8Rh7Fsd1i0IQ==
oE760DoOfC6/0WIlfo25N7yz5pxai8NtFnQv2kR/hEMCGeQ8mKJ/iXFEAb60m9ZPXCIgNBsWJ/WH1cMmk3c+Fljm8W+F7ud2WEZZOdQ9X6i/70zA9hYMaOExkAApkSqOhWhG4eaymxX1uakee160Ow==
RNaKJTew/uq6xLB2fTx8vdJ4EyYSiiqIaWNhRrfrZyCI6jCuxXg7HVbV6M3Ilkdgdz9DC/t0/1Ee7Ezv+W25+BdcfDgBCxj7n/LLQeQiaqCc4mWvaJKF/kk0UKaOo5rkq/8Rh7Fsd1i0IQ==
hlNHpGHGyQHjQ78iv/Gy79J4EyYSiiqIaWNhRrfrZyCI6jCuxng7HVbV6MzIlkdgdz9DC/t0/1Ee7Ezv+W25+BdcfDgBCxj7n/LLQeQiaqCc4mWvaJKF90g0UKaOo5rkq/8Rh7Fsd1i0IQ==
BJXEzNLGCuKBK4TOdueJoysfg7V99BhiED4MWyvL4NAOT3mBjHjJ3trEDWZhzSvPnMIlD+gyxR1LVJwHDgNaxKsf0ecxjDd4tAE=
k/W93tpa4Tqw1RorskkyMm3JlUViWNG4ijUMB8odVLff4K52x3S4GgBtqelsUPnG2tw9XY6h4ffcOnWnSFo1hcvM7O+uq4q8ayeBD1GkB2C0GQ==
HQFZfHprz8/CmXE0FezudwO4c/tbYlPo9idUyIe7N/rvO0ps1jy/ZLHrSjydZ6fYzxqKcuQwFePc79IVkyVxtAo=
T9Ml0k5iurGcBCXIJbzdg1SmdOxHYiD2pCFDyIaNc+C4Nl930i6+ZLHrSjydZ6/ezxaKcuQwFePc79IVkyVxtAo=
YAlekGyCCRSGRgXKeo1Xwhkg1ohvMgffWlSluprblPNCbBzL+OkHOOIV/2A0rrsHFmZiRI3jTiz5n+Meg64u4mC46YMApxYltz19tAY=
3xzjyQBheLEKXYD22zrYvSd52xnPusrw5/v8Y1c0+diChEgtaPzTEabQvBWHOA/e1rCYQSNsBPcbyIBFbGhju+Ad7CSZlQCcgeRuYpxtNt0uZjuZTV15QhNqtBc=
u8DCfIin4rkBxxkxS8mKiW0EnqYvsmIkFmdLEnfA4tJIB3+WjHn/msCTAGJ7xTTfnMIlD+gyxR9JVJkEDgNaxKsf0ecxjDd4tAE=
5h9Q1Fk7jbOTX86+XaDV1Cd52xnPusrw5/v8Y1c0+diChEgtaPzTEabQvBWHOA/e1rCYQSNsBPcbyIBFbGhju+Ad7CSZlQCcge1pYpVuNt0uZjuZTV15QhNqtBc=
YRzJr/HmF+m4kK2vdhybS0J26/uFUPVmlB3HS+84u6BcUauonp174LAmR5e63sak6TvinCXXLFlHb3ESDGDNo+Tf+jWLNXm0Ag==
dmmT9xzBk7EDeIvavq7fyDcG9hlW2L6MqLOYuBfP87UrQPSzo1QA0cQks5/44cwQUfmwGPkzqTZ9YiY5dtrb7cXxCYYrdrQD
Ga+HeOF8NKQ1j7pMq9OMXeYoJypVIXMTNJMSAMC531gKBfdgPL7T5062WgRVk7ZMUS9lmQtXRULYCDHD+PfOBZ8tdbQO
mhLESNkB+XNGfOs5RpWTwxkg1ohvMgffWlSluprblPNCbBzL+OkHOOIV/2A0rrsHFmZiRI3jTiz5n+0Zg6ct4mC46YMApxYltz19tAY=
E3/h6R9hP5oQqLd8bbFuayd52xnPusrw5/v8Y1c0+diChEgtaPzTEabQvBWHOA/e1rCYQSNsBPcbyIBFbGhju+Ad7CSZlQCcgeppYpVuNt0uZjuZTV15QhNqtBc=
vYYWsl8QmjVd9zwxU03hyVdVP4heG9rdPTD4cQ0gxsohj6zSwJTPFzTE45vcObHh94qazGsTohOs7e3ZD7R0
RKN6NiVa3ztgtCgaDVhfwwnfnbR+XAOnrXH0MRRCPDf1Fe8o7ptKPU3wqFE9IPbq8c9cslAUf7dkBJN7zD+hwcfKSqybkzKzHC29OX+0BA==
EV8Wv2uchcwYsuxL9Kr/Phkg1ohvMgffWlSluprblPNCbBzL+OkHOOIV/2A0rrsHFmZiRI3jTiz5n+0bg6Mt4mC46YMApxYltz19tAY=
2K8uvZxB7ZOek2+p5jri/Cd52xnPusrw5/v8Y1c0+diChEgtaPzTEabQvBWHOA/e1rCYQSNsBPcbyIBFbGhju+Ad7CSZlQCcgeprYpFuNt0uZjuZTV15QhNqtBc=
wVovKPWRh2XWGbe4otPnXW0EnqYvsmIkFmdLEnfA4tJIB3+WjHn/msCTAGJ7xTTfnMIlD+gyxRxKVJ0EDgNaxKsf0ecxjDd4tAE=
wQHW+BlY2kNJvsEwdetdTSd52xnPusrw5/v8Y1c0+diChEgtaPzTEabQvBWHOA/e1rCYQSNsBPcbyIBFbGhju+Ad7CSZlQCcge5qYpFuNt0uZjuZTV15QhNqtBc=
9OB698iyOmZGNsdf2TYTYPTNpx7t3DMpoZTwHmIMQ8W9pW07N1Mv1GfGRlntY+UsmfCeBQEgFDmpoGICTZ+QigT0S69oNI+T+npVb1s6xjRvM2ZLUH1BEWu0EA==
dsJCbrWE7OpodPXLemhYLdKh3Y7Rvg7Zg09Prqxh75LAmxB6W/0El1yK1XcIqlWRyNwNnG77Kgzr1+HfEZQncLQJ
0Erm+j/n/HMWg9gHKsdBRJPKjFYIifd4MjXPYAOO68dmhhLEHUMe7Mm/8xqTwt2isNh5A7AHpuXn3Q20dg==
nhAMgUFfdnpleIfxdLkOqg4bOJheG9rdPTD4cQ0gwcohj6zSwJTPFzTE45vaObHm94qazGsTohOs7e3ZD7R0
AqFN5Q31g1SRPmw36+n1CkV54/vOCrMskB3HS+84u6BcUauonp174LcmR5e63sak6TvinCXXLVhHanESDGDNo+Tf+jWLNXm0Ag==
4Hb1dzasHweGtcSz3EAcG1Vr66nCHfIi2hvDDekk+KtcUauonp174LcmR5e63sak6TvinCXXKV5HanESDGDNo+Tf+jWLNXm0Ag==
y/1eN8zLlaBPXUF3a8zJ52I9m0Obi935/+LYb0F6zJ2RhlpkbumIEKyD9l/PNATf0fyQEyV0BOZoh85WY2V+pPYd7CSZlQCcgelrYpxuNt0uZjuZTV15QhNqtBc=
Vzg2ZgvgsXVXnzFYtN8fBNG70I+EsA6KxURPr7Y22NeMyQs5SvgaglyK1XcIqlWTy9wAnG77Kgzr1+HfEZQncLQJ
TrXaBV7OXNjIaahOT1puIzT2+FW7pmre2fVRTaACL1wk9CtvyLQv0xh7daI7uqb0TzOGC7D94dELtHA=
yEtD5/beGgfr0ItDQhAtPYYgOMJxdxrhIlhu8h+NTGCxiXBoGUWrRpQS5kmWqludJYHJ9ssGtHM=
cw83k09evFsCckvJy+F8qWI9m0Obi935/+LYb0F6zJ2RhlpkbumIEKyD9l/PNATf0fyQEyV0BOZoh85WY2V+pPYd7CSZlQCcgeVoYpVvNt0uZjuZTV15QhNqtBc=
9BIhbGG5OJfdgXf0K+jGxDT2+FW7pmre2fVRTaACL1wk9CtvyLQv0xR4das6uqb0TzOGC7D94dELtHA=
txUzKjTmZrwdpCOeh6pfdoYgOMJxdxrhIlhu8h+NTGCxiXBoGUmoRp0T5kmWqludJYHJ9ssGtHM=
IaT9fDwYKkgXuNpId2UMktG70I+EsA6KxURPr7Y22NeMyQs5SvgaglyK1XcIqlWfyNwJnW77Kgzr1+HfEZQncLQJ
+SSPWNz0ODRWHGVHkOhsIFqx+kifPJNZyHKlMnTwpCs591BZNwyE/dZyuDP8Ln2jWH4dVo8YQUk+LwIoy/PJywGAL3S0DQ==
Sof0UtR3aVKV0HYbITKsl9wQhTciQTjkAUsa/O2Hs9/fP7gyNFDlY0xPYtXDxQG0eg==
VjjbZ+sw4LbbOoU7MJfQEjT2+FW7pmre2fVRTaACL1wk9CtvyLQv0xl/das6uqb0TzOGC7D94dELtHA=
2Xj42WUn6lB6U5rO/HjQSIYgOMJxdxrhIlhu8h+NTGCxiXBoGUSvRp0T5kmWqludJYHJ9ssGtHM=
UYar1RN1nDg2yJE+l08o1jHe5PvT78cgcdnVP5ldSWW/Hx8aHX/Ntemwg0BOVRSlRuRRb28l1JRFTytcOzqu3ahyWBdPYmB6teI6BHXTVswx70ef6xfkwnhI0cPYN26Ff21VtC4=
XWmKXkv/etT8q1J2CIfKSnM1mRjFp93noeDaZE02kZyGhEg/f/eJC6qevwaHPwDAybzEWmB9AfUsh/dWcHt+oPQd7CSZlQCcgehvYpVvNt0uZjuZTV15QhNqtBc=
1j2vJ1eknD7K+c2ir11zeANa5PIeq3ADdE8tZlrmybgZBhoS2M3LiTHhBvgfpOOR6Hq1CjQINKPZv2BBNxS0tTb6KMu8Fm2reLZtzg+AsQEeJxIQC4tZQ2FIH2y0FQ==
1/0HWeuxu9BHmsaC2Hm2axd+YCxRRiViWuLBrAkSMvb4qeNdYbXOPF9gK8W4rh1ulOycN0kr6MW3kDwhpm6ALxxyxX8o4qUKT0R5VU7zOnQrb3FXcVwXaLQR
6TsGnLR7nLH8PNPGwq20ezHe5PvT78cgcdnVP5ldSWWkHx8aHX/Ntemwg0BOVRSlRuRRb28l1JRFTytcOzqu3ahyWBdPYmB6teI6BHXTVswx70ef6xfkwnhI0cPYN26Ff21VtC4=
AaA+5y4IX/W9s6/9b19jHvaEJ1eNrSoBhh6IHc/VDwesVF1eWt65kPkuSkoYFZvhkQm2gJ9cU/lIkmVSdNDki7mXkHk3LESdVtL4E/xOvUPY3t02j/gB6b5PQsjL0wlrgWBvVLQt
1qv1VeR0REhj0lpMDDxDBzfV4vL36NM2V8nVOpp5U2epHx8aHX/Ntemwg0BOVRSlRuRRb28l1JRFTytcOzqu3ahyWBdPYmB6teI6BHXTVswx70ef6xfkwnhI0cPYN26Ff21VtC4=
5ek8aJ9cEEoSGUCOLszKtZAnVndW43+fYmhmUrrMWyCS/R/6k3pFUlrSoZzJwlJmeDlDDaFF7kxfkAu1+H69/hR8fGcJGwj1t6DcEeY+YL+c4mWvaJKF+k80WaWOo5rkq/8Rh7Fsd1i0IQ==
1gU9E9n1VO0zyPbtyXIPVu3Gqw31jDM+uon+BXMQWs7wtWUvJQdpky/bDlCkP+wtk6yVAxsnDAn68zVKXpu4hRL0S69oNI+T+H9Va1o6xjRvM2ZLUH1BEWu0EA==
VBIFKAhDbTmGf9L1GTe6fsi/MAxwmZ2oNBJexavzaz+nzwE7IEyqB+Ixndy7H3Uf4lW0M3sWsCPWGbyExTPmjAEPVp/7N5SCiOihQ0iXPkWvDWW0Hg==
